{"/home/goncalo/Desktop/1S_3M/TQS/projeto/CraftingStable/frontend/src/App.tsx": {"path":"/home/goncalo/Desktop/1S_3M/TQS/projeto/CraftingStable/frontend/src/App.tsx","all":true,"statementMap":{"0":{"start":{"line":1,"column":0},"end":{"line":1,"column":26}},"1":{"start":{"line":2,"column":0},"end":{"line":2,"column":74}},"2":{"start":{"line":3,"column":0},"end":{"line":3,"column":40}},"3":{"start":{"line":4,"column":0},"end":{"line":4,"column":34}},"4":{"start":{"line":5,"column":0},"end":{"line":5,"column":38}},"5":{"start":{"line":6,"column":0},"end":{"line":6,"column":43}},"6":{"start":{"line":7,"column":0},"end":{"line":7,"column":44}},"7":{"start":{"line":8,"column":0},"end":{"line":8,"column":51}},"8":{"start":{"line":9,"column":0},"end":{"line":9,"column":43}},"9":{"start":{"line":10,"column":0},"end":{"line":10,"column":59}},"10":{"start":{"line":11,"column":0},"end":{"line":11,"column":51}},"11":{"start":{"line":12,"column":0},"end":{"line":12,"column":51}},"12":{"start":{"line":13,"column":0},"end":{"line":13,"column":59}},"13":{"start":{"line":14,"column":0},"end":{"line":14,"column":60}},"14":{"start":{"line":15,"column":0},"end":{"line":15,"column":58}},"15":{"start":{"line":16,"column":0},"end":{"line":16,"column":0}},"16":{"start":{"line":17,"column":0},"end":{"line":17,"column":51}},"17":{"start":{"line":18,"column":0},"end":{"line":18,"column":12}},"18":{"start":{"line":19,"column":0},"end":{"line":19,"column":23}},"19":{"start":{"line":20,"column":0},"end":{"line":20,"column":20}},"20":{"start":{"line":21,"column":0},"end":{"line":21,"column":57}},"21":{"start":{"line":22,"column":0},"end":{"line":22,"column":76}},"22":{"start":{"line":23,"column":0},"end":{"line":23,"column":63}},"23":{"start":{"line":24,"column":0},"end":{"line":24,"column":67}},"24":{"start":{"line":25,"column":0},"end":{"line":25,"column":59}},"25":{"start":{"line":26,"column":0},"end":{"line":26,"column":57}},"26":{"start":{"line":27,"column":0},"end":{"line":27,"column":69}},"27":{"start":{"line":28,"column":0},"end":{"line":28,"column":69}},"28":{"start":{"line":29,"column":0},"end":{"line":29,"column":68}},"29":{"start":{"line":30,"column":0},"end":{"line":30,"column":70}},"30":{"start":{"line":31,"column":0},"end":{"line":31,"column":70}},"31":{"start":{"line":32,"column":0},"end":{"line":32,"column":78}},"32":{"start":{"line":33,"column":0},"end":{"line":33,"column":78}},"33":{"start":{"line":34,"column":0},"end":{"line":34,"column":76}},"34":{"start":{"line":35,"column":0},"end":{"line":35,"column":0}},"35":{"start":{"line":36,"column":0},"end":{"line":36,"column":72}},"36":{"start":{"line":37,"column":0},"end":{"line":37,"column":21}},"37":{"start":{"line":38,"column":0},"end":{"line":38,"column":24}},"38":{"start":{"line":39,"column":0},"end":{"line":39,"column":6}},"39":{"start":{"line":40,"column":0},"end":{"line":40,"column":1}}},"s":{"0":0,"1":0,"2":0,"3":0,"4":0,"5":0,"6":0,"7":0,"8":0,"9":0,"10":0,"11":0,"12":0,"13":0,"14":0,"15":0,"16":0,"17":0,"18":0,"19":0,"20":0,"21":0,"22":0,"23":0,"24":0,"25":0,"26":0,"27":0,"28":0,"29":0,"30":0,"31":0,"32":0,"33":0,"34":0,"35":0,"36":0,"37":0,"38":0,"39":0},"branchMap":{"0":{"type":"branch","line":1,"loc":{"start":{"line":1,"column":0},"end":{"line":40,"column":-1185}},"locations":[{"start":{"line":1,"column":0},"end":{"line":40,"column":-1185}}]}},"b":{"0":[0]},"fnMap":{"0":{"name":"(empty-report)","decl":{"start":{"line":1,"column":0},"end":{"line":40,"column":-1185}},"loc":{"start":{"line":1,"column":0},"end":{"line":40,"column":-1185}},"line":1}},"f":{"0":0}}
,"/home/goncalo/Desktop/1S_3M/TQS/projeto/CraftingStable/frontend/src/main.tsx": {"path":"/home/goncalo/Desktop/1S_3M/TQS/projeto/CraftingStable/frontend/src/main.tsx","all":true,"statementMap":{"0":{"start":{"line":1,"column":0},"end":{"line":1,"column":34}},"1":{"start":{"line":2,"column":0},"end":{"line":2,"column":45}},"2":{"start":{"line":3,"column":0},"end":{"line":3,"column":20}},"3":{"start":{"line":4,"column":0},"end":{"line":4,"column":27}},"4":{"start":{"line":5,"column":0},"end":{"line":5,"column":0}},"5":{"start":{"line":6,"column":0},"end":{"line":6,"column":52}},"6":{"start":{"line":7,"column":0},"end":{"line":7,"column":14}},"7":{"start":{"line":8,"column":0},"end":{"line":8,"column":11}},"8":{"start":{"line":9,"column":0},"end":{"line":9,"column":16}},"9":{"start":{"line":10,"column":0},"end":{"line":10,"column":1}}},"s":{"0":0,"1":0,"2":0,"3":0,"4":0,"5":0,"6":0,"7":0,"8":0,"9":0},"branchMap":{"0":{"type":"branch","line":1,"loc":{"start":{"line":1,"column":229},"end":{"line":10,"column":1}},"locations":[{"start":{"line":1,"column":229},"end":{"line":10,"column":1}}]}},"b":{"0":[0]},"fnMap":{"0":{"name":"(empty-report)","decl":{"start":{"line":1,"column":229},"end":{"line":10,"column":1}},"loc":{"start":{"line":1,"column":229},"end":{"line":10,"column":1}},"line":1}},"f":{"0":0}}
,"/home/goncalo/Desktop/1S_3M/TQS/projeto/CraftingStable/frontend/src/components/Header.tsx": {"path":"/home/goncalo/Desktop/1S_3M/TQS/projeto/CraftingStable/frontend/src/components/Header.tsx","all":false,"statementMap":{"0":{"start":{"line":1,"column":0},"end":{"line":1,"column":51}},"1":{"start":{"line":2,"column":0},"end":{"line":2,"column":53}},"2":{"start":{"line":3,"column":0},"end":{"line":3,"column":51}},"3":{"start":{"line":4,"column":0},"end":{"line":4,"column":0}},"4":{"start":{"line":5,"column":0},"end":{"line":5,"column":54}},"5":{"start":{"line":6,"column":0},"end":{"line":6,"column":35}},"6":{"start":{"line":7,"column":0},"end":{"line":7,"column":0}},"7":{"start":{"line":8,"column":0},"end":{"line":8,"column":39}},"8":{"start":{"line":9,"column":0},"end":{"line":9,"column":13}},"9":{"start":{"line":10,"column":0},"end":{"line":10,"column":63}},"10":{"start":{"line":11,"column":0},"end":{"line":11,"column":34}},"11":{"start":{"line":12,"column":0},"end":{"line":12,"column":0}},"12":{"start":{"line":13,"column":0},"end":{"line":13,"column":68}},"13":{"start":{"line":14,"column":0},"end":{"line":14,"column":38}},"14":{"start":{"line":15,"column":0},"end":{"line":15,"column":0}},"15":{"start":{"line":16,"column":0},"end":{"line":16,"column":39}},"16":{"start":{"line":17,"column":0},"end":{"line":17,"column":17}},"17":{"start":{"line":18,"column":0},"end":{"line":18,"column":24}},"18":{"start":{"line":19,"column":0},"end":{"line":19,"column":9}},"19":{"start":{"line":20,"column":0},"end":{"line":20,"column":6}},"20":{"start":{"line":21,"column":0},"end":{"line":21,"column":0}},"21":{"start":{"line":22,"column":0},"end":{"line":22,"column":110}},"22":{"start":{"line":23,"column":0},"end":{"line":23,"column":0}},"23":{"start":{"line":24,"column":0},"end":{"line":24,"column":21}},"24":{"start":{"line":25,"column":0},"end":{"line":25,"column":40}},"25":{"start":{"line":26,"column":0},"end":{"line":26,"column":43}},"26":{"start":{"line":27,"column":0},"end":{"line":27,"column":10}},"27":{"start":{"line":28,"column":0},"end":{"line":28,"column":0}},"28":{"start":{"line":29,"column":0},"end":{"line":29,"column":65}},"29":{"start":{"line":30,"column":0},"end":{"line":30,"column":69}},"30":{"start":{"line":31,"column":0},"end":{"line":31,"column":0}},"31":{"start":{"line":32,"column":0},"end":{"line":32,"column":22}},"32":{"start":{"line":33,"column":0},"end":{"line":33,"column":72}},"33":{"start":{"line":34,"column":0},"end":{"line":34,"column":76}},"34":{"start":{"line":35,"column":0},"end":{"line":35,"column":10}},"35":{"start":{"line":36,"column":0},"end":{"line":36,"column":11}},"36":{"start":{"line":37,"column":0},"end":{"line":37,"column":0}},"37":{"start":{"line":38,"column":0},"end":{"line":38,"column":32}},"38":{"start":{"line":39,"column":0},"end":{"line":39,"column":50}},"39":{"start":{"line":40,"column":0},"end":{"line":40,"column":51}},"40":{"start":{"line":41,"column":0},"end":{"line":41,"column":22}},"41":{"start":{"line":42,"column":0},"end":{"line":42,"column":0}},"42":{"start":{"line":43,"column":0},"end":{"line":43,"column":59}},"43":{"start":{"line":44,"column":0},"end":{"line":44,"column":0}},"44":{"start":{"line":45,"column":0},"end":{"line":45,"column":22}},"45":{"start":{"line":46,"column":0},"end":{"line":46,"column":6}},"46":{"start":{"line":47,"column":0},"end":{"line":47,"column":0}},"47":{"start":{"line":48,"column":0},"end":{"line":48,"column":57}},"48":{"start":{"line":49,"column":0},"end":{"line":49,"column":17}},"49":{"start":{"line":50,"column":0},"end":{"line":50,"column":26}},"50":{"start":{"line":51,"column":0},"end":{"line":51,"column":28}},"51":{"start":{"line":52,"column":0},"end":{"line":52,"column":44}},"52":{"start":{"line":53,"column":0},"end":{"line":53,"column":33}},"53":{"start":{"line":54,"column":0},"end":{"line":54,"column":33}},"54":{"start":{"line":55,"column":0},"end":{"line":55,"column":36}},"55":{"start":{"line":56,"column":0},"end":{"line":56,"column":61}},"56":{"start":{"line":57,"column":0},"end":{"line":57,"column":38}},"57":{"start":{"line":58,"column":0},"end":{"line":58,"column":25}},"58":{"start":{"line":59,"column":0},"end":{"line":59,"column":10}},"59":{"start":{"line":60,"column":0},"end":{"line":60,"column":72}},"60":{"start":{"line":61,"column":0},"end":{"line":61,"column":70}},"61":{"start":{"line":62,"column":0},"end":{"line":62,"column":66}},"62":{"start":{"line":63,"column":0},"end":{"line":63,"column":42}},"63":{"start":{"line":64,"column":0},"end":{"line":64,"column":22}},"64":{"start":{"line":65,"column":0},"end":{"line":65,"column":32}},"65":{"start":{"line":66,"column":0},"end":{"line":66,"column":28}},"66":{"start":{"line":67,"column":0},"end":{"line":67,"column":34}},"67":{"start":{"line":68,"column":0},"end":{"line":68,"column":26}},"68":{"start":{"line":69,"column":0},"end":{"line":69,"column":35}},"69":{"start":{"line":70,"column":0},"end":{"line":70,"column":28}},"70":{"start":{"line":71,"column":0},"end":{"line":71,"column":27}},"71":{"start":{"line":72,"column":0},"end":{"line":72,"column":29}},"72":{"start":{"line":73,"column":0},"end":{"line":73,"column":10}},"73":{"start":{"line":74,"column":0},"end":{"line":74,"column":17}},"74":{"start":{"line":75,"column":0},"end":{"line":75,"column":22}},"75":{"start":{"line":76,"column":0},"end":{"line":76,"column":23}},"76":{"start":{"line":77,"column":0},"end":{"line":77,"column":29}},"77":{"start":{"line":78,"column":0},"end":{"line":78,"column":34}},"78":{"start":{"line":79,"column":0},"end":{"line":79,"column":28}},"79":{"start":{"line":80,"column":0},"end":{"line":80,"column":33}},"80":{"start":{"line":81,"column":0},"end":{"line":81,"column":37}},"81":{"start":{"line":82,"column":0},"end":{"line":82,"column":26}},"82":{"start":{"line":83,"column":0},"end":{"line":83,"column":28}},"83":{"start":{"line":84,"column":0},"end":{"line":84,"column":29}},"84":{"start":{"line":85,"column":0},"end":{"line":85,"column":10}},"85":{"start":{"line":86,"column":0},"end":{"line":86,"column":20}},"86":{"start":{"line":87,"column":0},"end":{"line":87,"column":38}},"87":{"start":{"line":88,"column":0},"end":{"line":88,"column":55}},"88":{"start":{"line":89,"column":0},"end":{"line":89,"column":29}},"89":{"start":{"line":90,"column":0},"end":{"line":90,"column":32}},"90":{"start":{"line":91,"column":0},"end":{"line":91,"column":28}},"91":{"start":{"line":92,"column":0},"end":{"line":92,"column":29}},"92":{"start":{"line":93,"column":0},"end":{"line":93,"column":9}},"93":{"start":{"line":94,"column":0},"end":{"line":94,"column":6}},"94":{"start":{"line":95,"column":0},"end":{"line":95,"column":0}},"95":{"start":{"line":96,"column":0},"end":{"line":96,"column":12}},"96":{"start":{"line":97,"column":0},"end":{"line":97,"column":38}},"97":{"start":{"line":98,"column":0},"end":{"line":98,"column":76}},"98":{"start":{"line":99,"column":0},"end":{"line":99,"column":130}},"99":{"start":{"line":100,"column":0},"end":{"line":100,"column":93}},"100":{"start":{"line":101,"column":0},"end":{"line":101,"column":69}},"101":{"start":{"line":102,"column":0},"end":{"line":102,"column":23}},"102":{"start":{"line":103,"column":0},"end":{"line":103,"column":0}},"103":{"start":{"line":104,"column":0},"end":{"line":104,"column":40}},"104":{"start":{"line":105,"column":0},"end":{"line":105,"column":108}},"105":{"start":{"line":106,"column":0},"end":{"line":106,"column":30}},"106":{"start":{"line":107,"column":0},"end":{"line":107,"column":118}},"107":{"start":{"line":108,"column":0},"end":{"line":108,"column":22}},"108":{"start":{"line":109,"column":0},"end":{"line":109,"column":48}},"109":{"start":{"line":110,"column":0},"end":{"line":110,"column":107}},"110":{"start":{"line":111,"column":0},"end":{"line":111,"column":22}},"111":{"start":{"line":112,"column":0},"end":{"line":112,"column":103}},"112":{"start":{"line":113,"column":0},"end":{"line":113,"column":22}},"113":{"start":{"line":114,"column":0},"end":{"line":114,"column":18}},"114":{"start":{"line":115,"column":0},"end":{"line":115,"column":0}},"115":{"start":{"line":116,"column":0},"end":{"line":116,"column":44}},"116":{"start":{"line":117,"column":0},"end":{"line":117,"column":25}},"117":{"start":{"line":118,"column":0},"end":{"line":118,"column":22}},"118":{"start":{"line":119,"column":0},"end":{"line":119,"column":114}},"119":{"start":{"line":120,"column":0},"end":{"line":120,"column":55}},"120":{"start":{"line":121,"column":0},"end":{"line":121,"column":86}},"121":{"start":{"line":122,"column":0},"end":{"line":122,"column":34}},"122":{"start":{"line":123,"column":0},"end":{"line":123,"column":31}},"123":{"start":{"line":124,"column":0},"end":{"line":124,"column":111}},"124":{"start":{"line":125,"column":0},"end":{"line":125,"column":23}},"125":{"start":{"line":126,"column":0},"end":{"line":126,"column":21}},"126":{"start":{"line":127,"column":0},"end":{"line":127,"column":90}},"127":{"start":{"line":128,"column":0},"end":{"line":128,"column":18}},"128":{"start":{"line":129,"column":0},"end":{"line":129,"column":18}},"129":{"start":{"line":130,"column":0},"end":{"line":130,"column":17}},"130":{"start":{"line":131,"column":0},"end":{"line":131,"column":6}},"131":{"start":{"line":132,"column":0},"end":{"line":132,"column":1}}},"s":{"0":1,"1":1,"2":1,"3":1,"4":17,"5":17,"6":17,"7":17,"8":17,"9":17,"10":17,"11":8,"12":8,"13":12,"14":8,"15":8,"16":12,"17":1,"18":1,"19":17,"20":17,"21":17,"22":17,"23":17,"24":16,"25":1,"26":1,"27":16,"28":16,"29":16,"30":16,"31":16,"32":16,"33":16,"34":16,"35":17,"36":17,"37":17,"38":1,"39":1,"40":1,"41":1,"42":1,"43":1,"44":1,"45":1,"46":17,"47":17,"48":17,"49":17,"50":17,"51":17,"52":17,"53":17,"54":17,"55":17,"56":17,"57":17,"58":17,"59":17,"60":17,"61":17,"62":17,"63":17,"64":17,"65":17,"66":17,"67":17,"68":17,"69":17,"70":17,"71":17,"72":17,"73":17,"74":17,"75":17,"76":17,"77":17,"78":17,"79":17,"80":17,"81":17,"82":17,"83":17,"84":17,"85":17,"86":17,"87":17,"88":17,"89":17,"90":17,"91":17,"92":17,"93":17,"94":17,"95":17,"96":17,"97":17,"98":17,"99":17,"100":17,"101":17,"102":17,"103":17,"104":17,"105":17,"106":7,"107":17,"108":17,"109":1,"110":17,"111":17,"112":17,"113":17,"114":17,"115":17,"116":17,"117":7,"118":7,"119":7,"120":7,"121":7,"122":7,"123":7,"124":7,"125":10,"126":10,"127":17,"128":17,"129":17,"130":17,"131":17},"branchMap":{"0":{"type":"branch","line":5,"loc":{"start":{"line":5,"column":0},"end":{"line":132,"column":1}},"locations":[{"start":{"line":5,"column":0},"end":{"line":132,"column":1}}]},"1":{"type":"branch","line":106,"loc":{"start":{"line":106,"column":21},"end":{"line":107,"column":118}},"locations":[{"start":{"line":106,"column":21},"end":{"line":107,"column":118}}]},"2":{"type":"branch","line":109,"loc":{"start":{"line":109,"column":21},"end":{"line":109,"column":36}},"locations":[{"start":{"line":109,"column":21},"end":{"line":109,"column":36}}]},"3":{"type":"branch","line":109,"loc":{"start":{"line":109,"column":36},"end":{"line":110,"column":107}},"locations":[{"start":{"line":109,"column":36},"end":{"line":110,"column":107}}]},"4":{"type":"branch","line":117,"loc":{"start":{"line":117,"column":17},"end":{"line":125,"column":23}},"locations":[{"start":{"line":117,"column":17},"end":{"line":125,"column":23}}]},"5":{"type":"branch","line":121,"loc":{"start":{"line":121,"column":78},"end":{"line":121,"column":86}},"locations":[{"start":{"line":121,"column":78},"end":{"line":121,"column":86}}]},"6":{"type":"branch","line":125,"loc":{"start":{"line":125,"column":20},"end":{"line":127,"column":90}},"locations":[{"start":{"line":125,"column":20},"end":{"line":127,"column":90}}]},"7":{"type":"branch","line":8,"loc":{"start":{"line":8,"column":32},"end":{"line":20,"column":6}},"locations":[{"start":{"line":8,"column":32},"end":{"line":20,"column":6}}]},"8":{"type":"branch","line":11,"loc":{"start":{"line":11,"column":22},"end":{"line":11,"column":34}},"locations":[{"start":{"line":11,"column":22},"end":{"line":11,"column":34}}]},"9":{"type":"branch","line":11,"loc":{"start":{"line":11,"column":29},"end":{"line":19,"column":9}},"locations":[{"start":{"line":11,"column":29},"end":{"line":19,"column":9}}]},"10":{"type":"branch","line":11,"loc":{"start":{"line":11,"column":29},"end":{"line":14,"column":33}},"locations":[{"start":{"line":11,"column":29},"end":{"line":14,"column":33}}]},"11":{"type":"branch","line":14,"loc":{"start":{"line":14,"column":26},"end":{"line":14,"column":38}},"locations":[{"start":{"line":14,"column":26},"end":{"line":14,"column":38}}]},"12":{"type":"branch","line":14,"loc":{"start":{"line":14,"column":33},"end":{"line":17,"column":16}},"locations":[{"start":{"line":14,"column":33},"end":{"line":17,"column":16}}]},"13":{"type":"branch","line":17,"loc":{"start":{"line":17,"column":8},"end":{"line":19,"column":9}},"locations":[{"start":{"line":17,"column":8},"end":{"line":19,"column":9}}]},"14":{"type":"branch","line":22,"loc":{"start":{"line":22,"column":81},"end":{"line":22,"column":108}},"locations":[{"start":{"line":22,"column":81},"end":{"line":22,"column":108}}]},"15":{"type":"branch","line":24,"loc":{"start":{"line":24,"column":14},"end":{"line":36,"column":7}},"locations":[{"start":{"line":24,"column":14},"end":{"line":36,"column":7}}]},"16":{"type":"branch","line":25,"loc":{"start":{"line":25,"column":33},"end":{"line":27,"column":10}},"locations":[{"start":{"line":25,"column":33},"end":{"line":27,"column":10}}]},"17":{"type":"branch","line":32,"loc":{"start":{"line":32,"column":15},"end":{"line":35,"column":10}},"locations":[{"start":{"line":32,"column":15},"end":{"line":35,"column":10}}]},"18":{"type":"branch","line":38,"loc":{"start":{"line":38,"column":25},"end":{"line":46,"column":6}},"locations":[{"start":{"line":38,"column":25},"end":{"line":46,"column":6}}]}},"b":{"0":[17],"1":[7],"2":[7],"3":[1],"4":[7],"5":[0],"6":[10],"7":[17],"8":[9],"9":[12],"10":[8],"11":[0],"12":[8],"13":[1],"14":[16],"15":[16],"16":[1],"17":[16],"18":[1]},"fnMap":{"0":{"name":"Header","decl":{"start":{"line":5,"column":0},"end":{"line":132,"column":1}},"loc":{"start":{"line":5,"column":0},"end":{"line":132,"column":1}},"line":5},"1":{"name":"readUserFromStorage","decl":{"start":{"line":8,"column":32},"end":{"line":20,"column":6}},"loc":{"start":{"line":8,"column":32},"end":{"line":20,"column":6}},"line":8},"2":{"name":"handleAuthChange","decl":{"start":{"line":25,"column":33},"end":{"line":27,"column":10}},"loc":{"start":{"line":25,"column":33},"end":{"line":27,"column":10}},"line":25},"3":{"name":"handleLogout","decl":{"start":{"line":38,"column":25},"end":{"line":46,"column":6}},"loc":{"start":{"line":38,"column":25},"end":{"line":46,"column":6}},"line":38}},"f":{"0":17,"1":17,"2":1,"3":1}}
,"/home/goncalo/Desktop/1S_3M/TQS/projeto/CraftingStable/frontend/src/components/LoadingScreen.tsx": {"path":"/home/goncalo/Desktop/1S_3M/TQS/projeto/CraftingStable/frontend/src/components/LoadingScreen.tsx","all":false,"statementMap":{"0":{"start":{"line":1,"column":0},"end":{"line":1,"column":26}},"1":{"start":{"line":2,"column":0},"end":{"line":2,"column":27}},"2":{"start":{"line":3,"column":0},"end":{"line":3,"column":0}},"3":{"start":{"line":4,"column":0},"end":{"line":4,"column":39}},"4":{"start":{"line":5,"column":0},"end":{"line":5,"column":8}},"5":{"start":{"line":6,"column":0},"end":{"line":6,"column":19}},"6":{"start":{"line":7,"column":0},"end":{"line":7,"column":20}},"7":{"start":{"line":8,"column":0},"end":{"line":8,"column":29}},"8":{"start":{"line":9,"column":0},"end":{"line":9,"column":42}},"9":{"start":{"line":10,"column":0},"end":{"line":10,"column":18}},"10":{"start":{"line":11,"column":0},"end":{"line":11,"column":28}},"11":{"start":{"line":12,"column":0},"end":{"line":12,"column":5}},"12":{"start":{"line":13,"column":0},"end":{"line":13,"column":26}},"13":{"start":{"line":14,"column":0},"end":{"line":14,"column":13}},"14":{"start":{"line":15,"column":0},"end":{"line":15,"column":26}},"15":{"start":{"line":16,"column":0},"end":{"line":16,"column":31}},"16":{"start":{"line":17,"column":0},"end":{"line":17,"column":115}},"17":{"start":{"line":18,"column":0},"end":{"line":18,"column":105}},"18":{"start":{"line":19,"column":0},"end":{"line":19,"column":122}},"19":{"start":{"line":20,"column":0},"end":{"line":20,"column":125}},"20":{"start":{"line":21,"column":0},"end":{"line":21,"column":121}},"21":{"start":{"line":22,"column":0},"end":{"line":22,"column":125}},"22":{"start":{"line":23,"column":0},"end":{"line":23,"column":126}},"23":{"start":{"line":24,"column":0},"end":{"line":24,"column":127}},"24":{"start":{"line":25,"column":0},"end":{"line":25,"column":126}},"25":{"start":{"line":26,"column":0},"end":{"line":26,"column":106}},"26":{"start":{"line":27,"column":0},"end":{"line":27,"column":123}},"27":{"start":{"line":28,"column":0},"end":{"line":28,"column":127}},"28":{"start":{"line":29,"column":0},"end":{"line":29,"column":124}},"29":{"start":{"line":30,"column":0},"end":{"line":30,"column":103}},"30":{"start":{"line":31,"column":0},"end":{"line":31,"column":126}},"31":{"start":{"line":32,"column":0},"end":{"line":32,"column":125}},"32":{"start":{"line":33,"column":0},"end":{"line":33,"column":102}},"33":{"start":{"line":34,"column":0},"end":{"line":34,"column":122}},"34":{"start":{"line":35,"column":0},"end":{"line":35,"column":125}},"35":{"start":{"line":36,"column":0},"end":{"line":36,"column":126}},"36":{"start":{"line":37,"column":0},"end":{"line":37,"column":126}},"37":{"start":{"line":38,"column":0},"end":{"line":38,"column":121}},"38":{"start":{"line":39,"column":0},"end":{"line":39,"column":109}},"39":{"start":{"line":40,"column":0},"end":{"line":40,"column":120}},"40":{"start":{"line":41,"column":0},"end":{"line":41,"column":102}},"41":{"start":{"line":42,"column":0},"end":{"line":42,"column":10}},"42":{"start":{"line":43,"column":0},"end":{"line":43,"column":0}},"43":{"start":{"line":44,"column":0},"end":{"line":44,"column":27}},"44":{"start":{"line":45,"column":0},"end":{"line":45,"column":13}},"45":{"start":{"line":46,"column":0},"end":{"line":46,"column":26}},"46":{"start":{"line":47,"column":0},"end":{"line":47,"column":29}},"47":{"start":{"line":48,"column":0},"end":{"line":48,"column":116}},"48":{"start":{"line":49,"column":0},"end":{"line":49,"column":108}},"49":{"start":{"line":50,"column":0},"end":{"line":50,"column":121}},"50":{"start":{"line":51,"column":0},"end":{"line":51,"column":124}},"51":{"start":{"line":52,"column":0},"end":{"line":52,"column":110}},"52":{"start":{"line":53,"column":0},"end":{"line":53,"column":119}},"53":{"start":{"line":54,"column":0},"end":{"line":54,"column":126}},"54":{"start":{"line":55,"column":0},"end":{"line":55,"column":121}},"55":{"start":{"line":56,"column":0},"end":{"line":56,"column":106}},"56":{"start":{"line":57,"column":0},"end":{"line":57,"column":120}},"57":{"start":{"line":58,"column":0},"end":{"line":58,"column":120}},"58":{"start":{"line":59,"column":0},"end":{"line":59,"column":126}},"59":{"start":{"line":60,"column":0},"end":{"line":60,"column":127}},"60":{"start":{"line":61,"column":0},"end":{"line":61,"column":120}},"61":{"start":{"line":62,"column":0},"end":{"line":62,"column":123}},"62":{"start":{"line":63,"column":0},"end":{"line":63,"column":118}},"63":{"start":{"line":64,"column":0},"end":{"line":64,"column":123}},"64":{"start":{"line":65,"column":0},"end":{"line":65,"column":121}},"65":{"start":{"line":66,"column":0},"end":{"line":66,"column":125}},"66":{"start":{"line":67,"column":0},"end":{"line":67,"column":103}},"67":{"start":{"line":68,"column":0},"end":{"line":68,"column":113}},"68":{"start":{"line":69,"column":0},"end":{"line":69,"column":68}},"69":{"start":{"line":70,"column":0},"end":{"line":70,"column":10}},"70":{"start":{"line":71,"column":0},"end":{"line":71,"column":0}},"71":{"start":{"line":72,"column":0},"end":{"line":72,"column":33}},"72":{"start":{"line":73,"column":0},"end":{"line":73,"column":16}},"73":{"start":{"line":74,"column":0},"end":{"line":74,"column":32}},"74":{"start":{"line":75,"column":0},"end":{"line":75,"column":20}},"75":{"start":{"line":76,"column":0},"end":{"line":76,"column":20}},"76":{"start":{"line":77,"column":0},"end":{"line":77,"column":20}},"77":{"start":{"line":78,"column":0},"end":{"line":78,"column":20}},"78":{"start":{"line":79,"column":0},"end":{"line":79,"column":73}},"79":{"start":{"line":80,"column":0},"end":{"line":80,"column":10}},"80":{"start":{"line":81,"column":0},"end":{"line":81,"column":0}},"81":{"start":{"line":82,"column":0},"end":{"line":82,"column":33}},"82":{"start":{"line":83,"column":0},"end":{"line":83,"column":16}},"83":{"start":{"line":84,"column":0},"end":{"line":84,"column":32}},"84":{"start":{"line":85,"column":0},"end":{"line":85,"column":20}},"85":{"start":{"line":86,"column":0},"end":{"line":86,"column":20}},"86":{"start":{"line":87,"column":0},"end":{"line":87,"column":20}},"87":{"start":{"line":88,"column":0},"end":{"line":88,"column":20}},"88":{"start":{"line":89,"column":0},"end":{"line":89,"column":73}},"89":{"start":{"line":90,"column":0},"end":{"line":90,"column":10}},"90":{"start":{"line":91,"column":0},"end":{"line":91,"column":0}},"91":{"start":{"line":92,"column":0},"end":{"line":92,"column":33}},"92":{"start":{"line":93,"column":0},"end":{"line":93,"column":16}},"93":{"start":{"line":94,"column":0},"end":{"line":94,"column":31}},"94":{"start":{"line":95,"column":0},"end":{"line":95,"column":20}},"95":{"start":{"line":96,"column":0},"end":{"line":96,"column":20}},"96":{"start":{"line":97,"column":0},"end":{"line":97,"column":20}},"97":{"start":{"line":98,"column":0},"end":{"line":98,"column":20}},"98":{"start":{"line":99,"column":0},"end":{"line":99,"column":73}},"99":{"start":{"line":100,"column":0},"end":{"line":100,"column":10}},"100":{"start":{"line":101,"column":0},"end":{"line":101,"column":0}},"101":{"start":{"line":102,"column":0},"end":{"line":102,"column":31}},"102":{"start":{"line":103,"column":0},"end":{"line":103,"column":16}},"103":{"start":{"line":104,"column":0},"end":{"line":104,"column":30}},"104":{"start":{"line":105,"column":0},"end":{"line":105,"column":20}},"105":{"start":{"line":106,"column":0},"end":{"line":106,"column":20}},"106":{"start":{"line":107,"column":0},"end":{"line":107,"column":19}},"107":{"start":{"line":108,"column":0},"end":{"line":108,"column":18}},"108":{"start":{"line":109,"column":0},"end":{"line":109,"column":73}},"109":{"start":{"line":110,"column":0},"end":{"line":110,"column":10}},"110":{"start":{"line":111,"column":0},"end":{"line":111,"column":16}},"111":{"start":{"line":112,"column":0},"end":{"line":112,"column":30}},"112":{"start":{"line":113,"column":0},"end":{"line":113,"column":20}},"113":{"start":{"line":114,"column":0},"end":{"line":114,"column":20}},"114":{"start":{"line":115,"column":0},"end":{"line":115,"column":19}},"115":{"start":{"line":116,"column":0},"end":{"line":116,"column":18}},"116":{"start":{"line":117,"column":0},"end":{"line":117,"column":73}},"117":{"start":{"line":118,"column":0},"end":{"line":118,"column":10}},"118":{"start":{"line":119,"column":0},"end":{"line":119,"column":16}},"119":{"start":{"line":120,"column":0},"end":{"line":120,"column":30}},"120":{"start":{"line":121,"column":0},"end":{"line":121,"column":20}},"121":{"start":{"line":122,"column":0},"end":{"line":122,"column":20}},"122":{"start":{"line":123,"column":0},"end":{"line":123,"column":20}},"123":{"start":{"line":124,"column":0},"end":{"line":124,"column":18}},"124":{"start":{"line":125,"column":0},"end":{"line":125,"column":73}},"125":{"start":{"line":126,"column":0},"end":{"line":126,"column":10}},"126":{"start":{"line":127,"column":0},"end":{"line":127,"column":16}},"127":{"start":{"line":128,"column":0},"end":{"line":128,"column":30}},"128":{"start":{"line":129,"column":0},"end":{"line":129,"column":20}},"129":{"start":{"line":130,"column":0},"end":{"line":130,"column":20}},"130":{"start":{"line":131,"column":0},"end":{"line":131,"column":19}},"131":{"start":{"line":132,"column":0},"end":{"line":132,"column":18}},"132":{"start":{"line":133,"column":0},"end":{"line":133,"column":73}},"133":{"start":{"line":134,"column":0},"end":{"line":134,"column":10}},"134":{"start":{"line":135,"column":0},"end":{"line":135,"column":16}},"135":{"start":{"line":136,"column":0},"end":{"line":136,"column":30}},"136":{"start":{"line":137,"column":0},"end":{"line":137,"column":20}},"137":{"start":{"line":138,"column":0},"end":{"line":138,"column":20}},"138":{"start":{"line":139,"column":0},"end":{"line":139,"column":19}},"139":{"start":{"line":140,"column":0},"end":{"line":140,"column":18}},"140":{"start":{"line":141,"column":0},"end":{"line":141,"column":73}},"141":{"start":{"line":142,"column":0},"end":{"line":142,"column":10}},"142":{"start":{"line":143,"column":0},"end":{"line":143,"column":10}},"143":{"start":{"line":144,"column":0},"end":{"line":144,"column":2}},"144":{"start":{"line":145,"column":0},"end":{"line":145,"column":0}},"145":{"start":{"line":146,"column":0},"end":{"line":146,"column":29}}},"s":{"0":1,"1":1,"2":1,"3":1,"4":18,"5":18,"6":18,"7":18,"8":18,"9":18,"10":18,"11":18,"12":18,"13":18,"14":18,"15":18,"16":18,"17":18,"18":18,"19":18,"20":18,"21":18,"22":18,"23":18,"24":18,"25":18,"26":18,"27":18,"28":18,"29":18,"30":18,"31":18,"32":18,"33":18,"34":18,"35":18,"36":18,"37":18,"38":18,"39":18,"40":18,"41":18,"42":18,"43":18,"44":18,"45":18,"46":18,"47":18,"48":18,"49":18,"50":18,"51":18,"52":18,"53":18,"54":18,"55":18,"56":18,"57":18,"58":18,"59":18,"60":18,"61":18,"62":18,"63":18,"64":18,"65":18,"66":18,"67":18,"68":18,"69":18,"70":18,"71":18,"72":18,"73":18,"74":18,"75":18,"76":18,"77":18,"78":18,"79":18,"80":18,"81":18,"82":18,"83":18,"84":18,"85":18,"86":18,"87":18,"88":18,"89":18,"90":18,"91":18,"92":18,"93":18,"94":18,"95":18,"96":18,"97":18,"98":18,"99":18,"100":18,"101":18,"102":18,"103":18,"104":18,"105":18,"106":18,"107":18,"108":18,"109":18,"110":18,"111":18,"112":18,"113":18,"114":18,"115":18,"116":18,"117":18,"118":18,"119":18,"120":18,"121":18,"122":18,"123":18,"124":18,"125":18,"126":18,"127":18,"128":18,"129":18,"130":18,"131":18,"132":18,"133":18,"134":18,"135":18,"136":18,"137":18,"138":18,"139":18,"140":18,"141":18,"142":18,"143":1,"144":1,"145":1},"branchMap":{"0":{"type":"branch","line":4,"loc":{"start":{"line":4,"column":32},"end":{"line":143,"column":10}},"locations":[{"start":{"line":4,"column":32},"end":{"line":143,"column":10}}]}},"b":{"0":[18]},"fnMap":{"0":{"name":"LoadingScreen","decl":{"start":{"line":4,"column":32},"end":{"line":143,"column":10}},"loc":{"start":{"line":4,"column":32},"end":{"line":143,"column":10}},"line":4}},"f":{"0":18}}
,"/home/goncalo/Desktop/1S_3M/TQS/projeto/CraftingStable/frontend/src/components/PayPalCheckout.tsx": {"path":"/home/goncalo/Desktop/1S_3M/TQS/projeto/CraftingStable/frontend/src/components/PayPalCheckout.tsx","all":false,"statementMap":{"0":{"start":{"line":1,"column":0},"end":{"line":1,"column":51}},"1":{"start":{"line":2,"column":0},"end":{"line":2,"column":78}},"2":{"start":{"line":3,"column":0},"end":{"line":3,"column":0}},"3":{"start":{"line":4,"column":0},"end":{"line":4,"column":39}},"4":{"start":{"line":5,"column":0},"end":{"line":5,"column":19}},"5":{"start":{"line":6,"column":0},"end":{"line":6,"column":19}},"6":{"start":{"line":7,"column":0},"end":{"line":7,"column":22}},"7":{"start":{"line":8,"column":0},"end":{"line":8,"column":25}},"8":{"start":{"line":9,"column":0},"end":{"line":9,"column":50}},"9":{"start":{"line":10,"column":0},"end":{"line":10,"column":37}},"10":{"start":{"line":11,"column":0},"end":{"line":11,"column":26}},"11":{"start":{"line":12,"column":0},"end":{"line":12,"column":1}},"12":{"start":{"line":13,"column":0},"end":{"line":13,"column":0}},"13":{"start":{"line":14,"column":0},"end":{"line":14,"column":38}},"14":{"start":{"line":15,"column":0},"end":{"line":15,"column":19}},"15":{"start":{"line":16,"column":0},"end":{"line":16,"column":19}},"16":{"start":{"line":17,"column":0},"end":{"line":17,"column":22}},"17":{"start":{"line":18,"column":0},"end":{"line":18,"column":20}},"18":{"start":{"line":19,"column":0},"end":{"line":19,"column":22}},"19":{"start":{"line":20,"column":0},"end":{"line":20,"column":25}},"20":{"start":{"line":21,"column":0},"end":{"line":21,"column":51}},"21":{"start":{"line":22,"column":0},"end":{"line":22,"column":37}},"22":{"start":{"line":23,"column":0},"end":{"line":23,"column":26}},"23":{"start":{"line":24,"column":0},"end":{"line":24,"column":23}},"24":{"start":{"line":25,"column":0},"end":{"line":25,"column":1}},"25":{"start":{"line":26,"column":0},"end":{"line":26,"column":0}},"26":{"start":{"line":27,"column":0},"end":{"line":27,"column":91}},"27":{"start":{"line":28,"column":0},"end":{"line":28,"column":0}},"28":{"start":{"line":29,"column":0},"end":{"line":29,"column":30}},"29":{"start":{"line":30,"column":0},"end":{"line":30,"column":20}},"30":{"start":{"line":31,"column":0},"end":{"line":31,"column":19}},"31":{"start":{"line":32,"column":0},"end":{"line":32,"column":20}},"32":{"start":{"line":33,"column":0},"end":{"line":33,"column":23}},"33":{"start":{"line":34,"column":0},"end":{"line":34,"column":19}},"34":{"start":{"line":35,"column":0},"end":{"line":35,"column":21}},"35":{"start":{"line":36,"column":0},"end":{"line":36,"column":22}},"36":{"start":{"line":37,"column":0},"end":{"line":37,"column":19}},"37":{"start":{"line":38,"column":0},"end":{"line":38,"column":1}},"38":{"start":{"line":39,"column":0},"end":{"line":39,"column":0}},"39":{"start":{"line":40,"column":0},"end":{"line":40,"column":34}},"40":{"start":{"line":41,"column":0},"end":{"line":41,"column":19}},"41":{"start":{"line":42,"column":0},"end":{"line":42,"column":19}},"42":{"start":{"line":43,"column":0},"end":{"line":43,"column":19}},"43":{"start":{"line":44,"column":0},"end":{"line":44,"column":22}},"44":{"start":{"line":45,"column":0},"end":{"line":45,"column":20}},"45":{"start":{"line":46,"column":0},"end":{"line":46,"column":23}},"46":{"start":{"line":47,"column":0},"end":{"line":47,"column":26}},"47":{"start":{"line":48,"column":0},"end":{"line":48,"column":28}},"48":{"start":{"line":49,"column":0},"end":{"line":49,"column":1}},"49":{"start":{"line":50,"column":0},"end":{"line":50,"column":0}},"50":{"start":{"line":51,"column":0},"end":{"line":51,"column":31}},"51":{"start":{"line":52,"column":0},"end":{"line":52,"column":20}},"52":{"start":{"line":53,"column":0},"end":{"line":53,"column":19}},"53":{"start":{"line":54,"column":0},"end":{"line":54,"column":21}},"54":{"start":{"line":55,"column":0},"end":{"line":55,"column":24}},"55":{"start":{"line":56,"column":0},"end":{"line":56,"column":20}},"56":{"start":{"line":57,"column":0},"end":{"line":57,"column":19}},"57":{"start":{"line":58,"column":0},"end":{"line":58,"column":24}},"58":{"start":{"line":59,"column":0},"end":{"line":59,"column":1}},"59":{"start":{"line":60,"column":0},"end":{"line":60,"column":0}},"60":{"start":{"line":61,"column":0},"end":{"line":61,"column":24}},"61":{"start":{"line":62,"column":0},"end":{"line":62,"column":0}},"62":{"start":{"line":63,"column":0},"end":{"line":63,"column":39}},"63":{"start":{"line":64,"column":0},"end":{"line":64,"column":62}},"64":{"start":{"line":65,"column":0},"end":{"line":65,"column":66}},"65":{"start":{"line":66,"column":0},"end":{"line":66,"column":64}},"66":{"start":{"line":67,"column":0},"end":{"line":67,"column":63}},"67":{"start":{"line":68,"column":0},"end":{"line":68,"column":1}},"68":{"start":{"line":69,"column":0},"end":{"line":69,"column":0}},"69":{"start":{"line":70,"column":0},"end":{"line":70,"column":34}},"70":{"start":{"line":71,"column":0},"end":{"line":71,"column":59}},"71":{"start":{"line":72,"column":0},"end":{"line":72,"column":1}},"72":{"start":{"line":73,"column":0},"end":{"line":73,"column":0}},"73":{"start":{"line":74,"column":0},"end":{"line":74,"column":89}},"74":{"start":{"line":75,"column":0},"end":{"line":75,"column":75}},"75":{"start":{"line":76,"column":0},"end":{"line":76,"column":1}},"76":{"start":{"line":77,"column":0},"end":{"line":77,"column":0}},"77":{"start":{"line":78,"column":0},"end":{"line":78,"column":66}},"78":{"start":{"line":79,"column":0},"end":{"line":79,"column":11}},"79":{"start":{"line":80,"column":0},"end":{"line":80,"column":15}},"80":{"start":{"line":81,"column":0},"end":{"line":81,"column":25}},"81":{"start":{"line":82,"column":0},"end":{"line":82,"column":20}},"82":{"start":{"line":83,"column":0},"end":{"line":83,"column":16}},"83":{"start":{"line":84,"column":0},"end":{"line":84,"column":16}},"84":{"start":{"line":85,"column":0},"end":{"line":85,"column":14}},"85":{"start":{"line":86,"column":0},"end":{"line":86,"column":0}},"86":{"start":{"line":87,"column":0},"end":{"line":87,"column":57}},"87":{"start":{"line":88,"column":0},"end":{"line":88,"column":49}},"88":{"start":{"line":89,"column":0},"end":{"line":89,"column":0}},"89":{"start":{"line":90,"column":0},"end":{"line":90,"column":21}},"90":{"start":{"line":91,"column":0},"end":{"line":91,"column":97}},"91":{"start":{"line":92,"column":0},"end":{"line":92,"column":36}},"92":{"start":{"line":93,"column":0},"end":{"line":93,"column":26}},"93":{"start":{"line":94,"column":0},"end":{"line":94,"column":11}},"94":{"start":{"line":95,"column":0},"end":{"line":95,"column":0}},"95":{"start":{"line":96,"column":0},"end":{"line":96,"column":54}},"96":{"start":{"line":97,"column":0},"end":{"line":97,"column":29}},"97":{"start":{"line":98,"column":0},"end":{"line":98,"column":19}},"98":{"start":{"line":99,"column":0},"end":{"line":99,"column":72}},"99":{"start":{"line":100,"column":0},"end":{"line":100,"column":55}},"100":{"start":{"line":101,"column":0},"end":{"line":101,"column":9}},"101":{"start":{"line":102,"column":0},"end":{"line":102,"column":0}},"102":{"start":{"line":103,"column":0},"end":{"line":103,"column":13}},"103":{"start":{"line":104,"column":0},"end":{"line":104,"column":36}},"104":{"start":{"line":105,"column":0},"end":{"line":105,"column":39}},"105":{"start":{"line":106,"column":0},"end":{"line":106,"column":32}},"106":{"start":{"line":107,"column":0},"end":{"line":107,"column":20}},"107":{"start":{"line":108,"column":0},"end":{"line":108,"column":43}},"108":{"start":{"line":109,"column":0},"end":{"line":109,"column":13}},"109":{"start":{"line":110,"column":0},"end":{"line":110,"column":0}},"110":{"start":{"line":111,"column":0},"end":{"line":111,"column":48}},"111":{"start":{"line":112,"column":0},"end":{"line":112,"column":47}},"112":{"start":{"line":113,"column":0},"end":{"line":113,"column":31}},"113":{"start":{"line":114,"column":0},"end":{"line":114,"column":35}},"114":{"start":{"line":115,"column":0},"end":{"line":115,"column":15}},"115":{"start":{"line":116,"column":0},"end":{"line":116,"column":0}},"116":{"start":{"line":117,"column":0},"end":{"line":117,"column":30}},"117":{"start":{"line":118,"column":0},"end":{"line":118,"column":58}},"118":{"start":{"line":119,"column":0},"end":{"line":119,"column":13}},"119":{"start":{"line":120,"column":0},"end":{"line":120,"column":0}},"120":{"start":{"line":121,"column":0},"end":{"line":121,"column":93}},"121":{"start":{"line":122,"column":0},"end":{"line":122,"column":31}},"122":{"start":{"line":123,"column":0},"end":{"line":123,"column":26}},"123":{"start":{"line":124,"column":0},"end":{"line":124,"column":55}},"124":{"start":{"line":125,"column":0},"end":{"line":125,"column":52}},"125":{"start":{"line":126,"column":0},"end":{"line":126,"column":17}},"126":{"start":{"line":127,"column":0},"end":{"line":127,"column":15}},"127":{"start":{"line":128,"column":0},"end":{"line":128,"column":0}},"128":{"start":{"line":129,"column":0},"end":{"line":129,"column":31}},"129":{"start":{"line":130,"column":0},"end":{"line":130,"column":56}},"130":{"start":{"line":131,"column":0},"end":{"line":131,"column":76}},"131":{"start":{"line":132,"column":0},"end":{"line":132,"column":13}},"132":{"start":{"line":133,"column":0},"end":{"line":133,"column":0}},"133":{"start":{"line":134,"column":0},"end":{"line":134,"column":68}},"134":{"start":{"line":135,"column":0},"end":{"line":135,"column":32}},"135":{"start":{"line":136,"column":0},"end":{"line":136,"column":30}},"136":{"start":{"line":137,"column":0},"end":{"line":137,"column":65}},"137":{"start":{"line":138,"column":0},"end":{"line":138,"column":68}},"138":{"start":{"line":139,"column":0},"end":{"line":139,"column":24}},"139":{"start":{"line":140,"column":0},"end":{"line":140,"column":9}},"140":{"start":{"line":141,"column":0},"end":{"line":141,"column":6}},"141":{"start":{"line":142,"column":0},"end":{"line":142,"column":0}},"142":{"start":{"line":143,"column":0},"end":{"line":143,"column":75}},"143":{"start":{"line":144,"column":0},"end":{"line":144,"column":29}},"144":{"start":{"line":145,"column":0},"end":{"line":145,"column":19}},"145":{"start":{"line":146,"column":0},"end":{"line":146,"column":72}},"146":{"start":{"line":147,"column":0},"end":{"line":147,"column":19}},"147":{"start":{"line":148,"column":0},"end":{"line":148,"column":9}},"148":{"start":{"line":149,"column":0},"end":{"line":149,"column":0}},"149":{"start":{"line":150,"column":0},"end":{"line":150,"column":13}},"150":{"start":{"line":151,"column":0},"end":{"line":151,"column":39}},"151":{"start":{"line":152,"column":0},"end":{"line":152,"column":43}},"152":{"start":{"line":153,"column":0},"end":{"line":153,"column":0}},"153":{"start":{"line":154,"column":0},"end":{"line":154,"column":52}},"154":{"start":{"line":155,"column":0},"end":{"line":155,"column":82}},"155":{"start":{"line":156,"column":0},"end":{"line":156,"column":21}},"156":{"start":{"line":157,"column":0},"end":{"line":157,"column":39}},"157":{"start":{"line":158,"column":0},"end":{"line":158,"column":34}},"158":{"start":{"line":159,"column":0},"end":{"line":159,"column":63}},"159":{"start":{"line":160,"column":0},"end":{"line":160,"column":60}},"160":{"start":{"line":161,"column":0},"end":{"line":161,"column":25}},"161":{"start":{"line":162,"column":0},"end":{"line":162,"column":21}},"162":{"start":{"line":163,"column":0},"end":{"line":163,"column":18}},"163":{"start":{"line":164,"column":0},"end":{"line":164,"column":0}},"164":{"start":{"line":165,"column":0},"end":{"line":165,"column":42}},"165":{"start":{"line":166,"column":0},"end":{"line":166,"column":67}},"166":{"start":{"line":167,"column":0},"end":{"line":167,"column":88}},"167":{"start":{"line":168,"column":0},"end":{"line":168,"column":17}},"168":{"start":{"line":169,"column":0},"end":{"line":169,"column":0}},"169":{"start":{"line":170,"column":0},"end":{"line":170,"column":78}},"170":{"start":{"line":171,"column":0},"end":{"line":171,"column":0}},"171":{"start":{"line":172,"column":0},"end":{"line":172,"column":57}},"172":{"start":{"line":173,"column":0},"end":{"line":173,"column":99}},"173":{"start":{"line":174,"column":0},"end":{"line":174,"column":27}},"174":{"start":{"line":175,"column":0},"end":{"line":175,"column":17}},"175":{"start":{"line":176,"column":0},"end":{"line":176,"column":0}},"176":{"start":{"line":177,"column":0},"end":{"line":177,"column":71}},"177":{"start":{"line":178,"column":0},"end":{"line":178,"column":0}},"178":{"start":{"line":179,"column":0},"end":{"line":179,"column":75}},"179":{"start":{"line":180,"column":0},"end":{"line":180,"column":71}},"180":{"start":{"line":181,"column":0},"end":{"line":181,"column":0}},"181":{"start":{"line":182,"column":0},"end":{"line":182,"column":41}},"182":{"start":{"line":183,"column":0},"end":{"line":183,"column":48}},"183":{"start":{"line":184,"column":0},"end":{"line":184,"column":45}},"184":{"start":{"line":185,"column":0},"end":{"line":185,"column":41}},"185":{"start":{"line":186,"column":0},"end":{"line":186,"column":55}},"186":{"start":{"line":187,"column":0},"end":{"line":187,"column":58}},"187":{"start":{"line":188,"column":0},"end":{"line":188,"column":18}},"188":{"start":{"line":189,"column":0},"end":{"line":189,"column":0}},"189":{"start":{"line":190,"column":0},"end":{"line":190,"column":80}},"190":{"start":{"line":191,"column":0},"end":{"line":191,"column":0}},"191":{"start":{"line":192,"column":0},"end":{"line":192,"column":72}},"192":{"start":{"line":193,"column":0},"end":{"line":193,"column":35}},"193":{"start":{"line":194,"column":0},"end":{"line":194,"column":30}},"194":{"start":{"line":195,"column":0},"end":{"line":195,"column":59}},"195":{"start":{"line":196,"column":0},"end":{"line":196,"column":53}},"196":{"start":{"line":197,"column":0},"end":{"line":197,"column":56}},"197":{"start":{"line":198,"column":0},"end":{"line":198,"column":22}},"198":{"start":{"line":199,"column":0},"end":{"line":199,"column":57}},"199":{"start":{"line":200,"column":0},"end":{"line":200,"column":19}},"200":{"start":{"line":201,"column":0},"end":{"line":201,"column":0}},"201":{"start":{"line":202,"column":0},"end":{"line":202,"column":39}},"202":{"start":{"line":203,"column":0},"end":{"line":203,"column":64}},"203":{"start":{"line":204,"column":0},"end":{"line":204,"column":86}},"204":{"start":{"line":205,"column":0},"end":{"line":205,"column":158}},"205":{"start":{"line":206,"column":0},"end":{"line":206,"column":27}},"206":{"start":{"line":207,"column":0},"end":{"line":207,"column":17}},"207":{"start":{"line":208,"column":0},"end":{"line":208,"column":0}},"208":{"start":{"line":209,"column":0},"end":{"line":209,"column":59}},"209":{"start":{"line":210,"column":0},"end":{"line":210,"column":70}},"210":{"start":{"line":211,"column":0},"end":{"line":211,"column":0}},"211":{"start":{"line":212,"column":0},"end":{"line":212,"column":54}},"212":{"start":{"line":213,"column":0},"end":{"line":213,"column":40}},"213":{"start":{"line":214,"column":0},"end":{"line":214,"column":48}},"214":{"start":{"line":215,"column":0},"end":{"line":215,"column":57}},"215":{"start":{"line":216,"column":0},"end":{"line":216,"column":54}},"216":{"start":{"line":217,"column":0},"end":{"line":217,"column":50}},"217":{"start":{"line":218,"column":0},"end":{"line":218,"column":58}},"218":{"start":{"line":219,"column":0},"end":{"line":219,"column":55}},"219":{"start":{"line":220,"column":0},"end":{"line":220,"column":58}},"220":{"start":{"line":221,"column":0},"end":{"line":221,"column":18}},"221":{"start":{"line":222,"column":0},"end":{"line":222,"column":0}},"222":{"start":{"line":223,"column":0},"end":{"line":223,"column":52}},"223":{"start":{"line":224,"column":0},"end":{"line":224,"column":20}},"224":{"start":{"line":225,"column":0},"end":{"line":225,"column":48}},"225":{"start":{"line":226,"column":0},"end":{"line":226,"column":0}},"226":{"start":{"line":227,"column":0},"end":{"line":227,"column":45}},"227":{"start":{"line":228,"column":0},"end":{"line":228,"column":108}},"228":{"start":{"line":229,"column":0},"end":{"line":229,"column":21}},"229":{"start":{"line":230,"column":0},"end":{"line":230,"column":39}},"230":{"start":{"line":231,"column":0},"end":{"line":231,"column":34}},"231":{"start":{"line":232,"column":0},"end":{"line":232,"column":63}},"232":{"start":{"line":233,"column":0},"end":{"line":233,"column":60}},"233":{"start":{"line":234,"column":0},"end":{"line":234,"column":25}},"234":{"start":{"line":235,"column":0},"end":{"line":235,"column":21}},"235":{"start":{"line":236,"column":0},"end":{"line":236,"column":18}},"236":{"start":{"line":237,"column":0},"end":{"line":237,"column":0}},"237":{"start":{"line":238,"column":0},"end":{"line":238,"column":35}},"238":{"start":{"line":239,"column":0},"end":{"line":239,"column":60}},"239":{"start":{"line":240,"column":0},"end":{"line":240,"column":88}},"240":{"start":{"line":241,"column":0},"end":{"line":241,"column":17}},"241":{"start":{"line":242,"column":0},"end":{"line":242,"column":0}},"242":{"start":{"line":243,"column":0},"end":{"line":243,"column":71}},"243":{"start":{"line":244,"column":0},"end":{"line":244,"column":0}},"244":{"start":{"line":245,"column":0},"end":{"line":245,"column":57}},"245":{"start":{"line":246,"column":0},"end":{"line":246,"column":61}},"246":{"start":{"line":247,"column":0},"end":{"line":247,"column":24}},"247":{"start":{"line":248,"column":0},"end":{"line":248,"column":104}},"248":{"start":{"line":249,"column":0},"end":{"line":249,"column":17}},"249":{"start":{"line":250,"column":0},"end":{"line":250,"column":13}},"250":{"start":{"line":251,"column":0},"end":{"line":251,"column":30}},"251":{"start":{"line":252,"column":0},"end":{"line":252,"column":58}},"252":{"start":{"line":253,"column":0},"end":{"line":253,"column":76}},"253":{"start":{"line":254,"column":0},"end":{"line":254,"column":9}},"254":{"start":{"line":255,"column":0},"end":{"line":255,"column":6}},"255":{"start":{"line":256,"column":0},"end":{"line":256,"column":0}},"256":{"start":{"line":257,"column":0},"end":{"line":257,"column":32}},"257":{"start":{"line":258,"column":0},"end":{"line":258,"column":23}},"258":{"start":{"line":259,"column":0},"end":{"line":259,"column":23}},"259":{"start":{"line":260,"column":0},"end":{"line":260,"column":9}},"260":{"start":{"line":261,"column":0},"end":{"line":261,"column":6}},"261":{"start":{"line":262,"column":0},"end":{"line":262,"column":0}},"262":{"start":{"line":263,"column":0},"end":{"line":263,"column":41}},"263":{"start":{"line":264,"column":0},"end":{"line":264,"column":46}},"264":{"start":{"line":265,"column":0},"end":{"line":265,"column":62}},"265":{"start":{"line":266,"column":0},"end":{"line":266,"column":6}},"266":{"start":{"line":267,"column":0},"end":{"line":267,"column":0}},"267":{"start":{"line":268,"column":0},"end":{"line":268,"column":18}},"268":{"start":{"line":269,"column":0},"end":{"line":269,"column":16}},"269":{"start":{"line":270,"column":0},"end":{"line":270,"column":106}},"270":{"start":{"line":271,"column":0},"end":{"line":271,"column":29}},"271":{"start":{"line":272,"column":0},"end":{"line":272,"column":30}},"272":{"start":{"line":273,"column":0},"end":{"line":273,"column":31}},"273":{"start":{"line":274,"column":0},"end":{"line":274,"column":48}},"274":{"start":{"line":275,"column":0},"end":{"line":275,"column":50}},"275":{"start":{"line":276,"column":0},"end":{"line":276,"column":40}},"276":{"start":{"line":277,"column":0},"end":{"line":277,"column":56}},"277":{"start":{"line":278,"column":0},"end":{"line":278,"column":21}},"278":{"start":{"line":279,"column":0},"end":{"line":279,"column":88}},"279":{"start":{"line":280,"column":0},"end":{"line":280,"column":18}},"280":{"start":{"line":281,"column":0},"end":{"line":281,"column":10}},"281":{"start":{"line":282,"column":0},"end":{"line":282,"column":5}},"282":{"start":{"line":283,"column":0},"end":{"line":283,"column":0}},"283":{"start":{"line":284,"column":0},"end":{"line":284,"column":61}},"284":{"start":{"line":285,"column":0},"end":{"line":285,"column":16}},"285":{"start":{"line":286,"column":0},"end":{"line":286,"column":25}},"286":{"start":{"line":287,"column":0},"end":{"line":287,"column":38}},"287":{"start":{"line":288,"column":0},"end":{"line":288,"column":44}},"288":{"start":{"line":289,"column":0},"end":{"line":289,"column":33}},"289":{"start":{"line":290,"column":0},"end":{"line":290,"column":37}},"290":{"start":{"line":291,"column":0},"end":{"line":291,"column":31}},"291":{"start":{"line":292,"column":0},"end":{"line":292,"column":15}},"292":{"start":{"line":293,"column":0},"end":{"line":293,"column":98}},"293":{"start":{"line":294,"column":0},"end":{"line":294,"column":44}},"294":{"start":{"line":295,"column":0},"end":{"line":295,"column":80}},"295":{"start":{"line":296,"column":0},"end":{"line":296,"column":20}},"296":{"start":{"line":297,"column":0},"end":{"line":297,"column":18}},"297":{"start":{"line":298,"column":0},"end":{"line":298,"column":10}},"298":{"start":{"line":299,"column":0},"end":{"line":299,"column":5}},"299":{"start":{"line":300,"column":0},"end":{"line":300,"column":0}},"300":{"start":{"line":301,"column":0},"end":{"line":301,"column":78}},"301":{"start":{"line":302,"column":0},"end":{"line":302,"column":0}},"302":{"start":{"line":303,"column":0},"end":{"line":303,"column":12}},"303":{"start":{"line":304,"column":0},"end":{"line":304,"column":29}},"304":{"start":{"line":305,"column":0},"end":{"line":305,"column":22}},"305":{"start":{"line":306,"column":0},"end":{"line":306,"column":35}},"306":{"start":{"line":307,"column":0},"end":{"line":307,"column":35}},"307":{"start":{"line":308,"column":0},"end":{"line":308,"column":34}},"308":{"start":{"line":309,"column":0},"end":{"line":309,"column":46}},"309":{"start":{"line":310,"column":0},"end":{"line":310,"column":14}},"310":{"start":{"line":311,"column":0},"end":{"line":311,"column":9}},"311":{"start":{"line":312,"column":0},"end":{"line":312,"column":44}},"312":{"start":{"line":313,"column":0},"end":{"line":313,"column":30}},"313":{"start":{"line":314,"column":0},"end":{"line":314,"column":28}},"314":{"start":{"line":315,"column":0},"end":{"line":315,"column":43}},"315":{"start":{"line":316,"column":0},"end":{"line":316,"column":38}},"316":{"start":{"line":317,"column":0},"end":{"line":317,"column":38}},"317":{"start":{"line":318,"column":0},"end":{"line":318,"column":40}},"318":{"start":{"line":319,"column":0},"end":{"line":319,"column":34}},"319":{"start":{"line":320,"column":0},"end":{"line":320,"column":22}},"320":{"start":{"line":321,"column":0},"end":{"line":321,"column":45}},"321":{"start":{"line":322,"column":0},"end":{"line":322,"column":41}},"322":{"start":{"line":323,"column":0},"end":{"line":323,"column":43}},"323":{"start":{"line":324,"column":0},"end":{"line":324,"column":41}},"324":{"start":{"line":325,"column":0},"end":{"line":325,"column":39}},"325":{"start":{"line":326,"column":0},"end":{"line":326,"column":54}},"326":{"start":{"line":327,"column":0},"end":{"line":327,"column":18}},"327":{"start":{"line":328,"column":0},"end":{"line":328,"column":18}},"328":{"start":{"line":329,"column":0},"end":{"line":329,"column":31}},"329":{"start":{"line":330,"column":0},"end":{"line":330,"column":6}},"330":{"start":{"line":331,"column":0},"end":{"line":331,"column":2}},"331":{"start":{"line":332,"column":0},"end":{"line":332,"column":0}},"332":{"start":{"line":333,"column":0},"end":{"line":333,"column":30}}},"s":{"0":1,"1":1,"2":1,"3":1,"4":1,"5":1,"6":1,"7":1,"8":1,"9":1,"10":1,"11":1,"12":1,"13":1,"14":1,"15":1,"16":1,"17":1,"18":1,"19":1,"20":1,"21":1,"22":1,"23":1,"24":1,"25":1,"26":1,"27":1,"28":1,"29":1,"30":1,"31":1,"32":1,"33":1,"34":1,"35":1,"36":1,"37":1,"38":1,"39":1,"40":1,"41":1,"42":1,"43":1,"44":1,"45":1,"46":1,"47":1,"48":1,"49":1,"50":1,"51":1,"52":1,"53":1,"54":1,"55":1,"56":1,"57":1,"58":1,"59":1,"60":1,"61":1,"62":0,"63":0,"64":0,"65":0,"66":0,"67":0,"68":1,"69":1,"70":1,"71":1,"72":1,"73":9,"74":9,"75":9,"76":1,"77":1,"78":22,"79":22,"80":22,"81":22,"82":22,"83":22,"84":22,"85":22,"86":22,"87":22,"88":22,"89":22,"90":11,"91":11,"92":11,"93":22,"94":22,"95":22,"96":1,"97":1,"98":1,"99":1,"100":1,"101":0,"102":0,"103":0,"104":0,"105":0,"106":0,"107":0,"108":0,"109":0,"110":0,"111":0,"112":0,"113":0,"114":0,"115":0,"116":0,"117":0,"118":0,"119":0,"120":0,"121":0,"122":0,"123":0,"124":0,"125":0,"126":0,"127":0,"128":0,"129":0,"130":0,"131":0,"132":0,"133":0,"134":0,"135":0,"136":0,"137":0,"138":0,"139":0,"140":1,"141":22,"142":22,"143":0,"144":0,"145":0,"146":0,"147":0,"148":0,"149":0,"150":0,"151":0,"152":0,"153":0,"154":0,"155":0,"156":0,"157":0,"158":0,"159":0,"160":0,"161":0,"162":0,"163":0,"164":0,"165":0,"166":0,"167":0,"168":0,"169":0,"170":0,"171":0,"172":0,"173":0,"174":0,"175":0,"176":0,"177":0,"178":0,"179":0,"180":0,"181":0,"182":0,"183":0,"184":0,"185":0,"186":0,"187":0,"188":0,"189":0,"190":0,"191":0,"192":0,"193":0,"194":0,"195":0,"196":0,"197":0,"198":0,"199":0,"200":0,"201":0,"202":0,"203":0,"204":0,"205":0,"206":0,"207":0,"208":0,"209":0,"210":0,"211":0,"212":0,"213":0,"214":0,"215":0,"216":0,"217":0,"218":0,"219":0,"220":0,"221":0,"222":0,"223":0,"224":0,"225":0,"226":0,"227":0,"228":0,"229":0,"230":0,"231":0,"232":0,"233":0,"234":0,"235":0,"236":0,"237":0,"238":0,"239":0,"240":0,"241":0,"242":0,"243":0,"244":0,"245":0,"246":0,"247":0,"248":0,"249":0,"250":0,"251":0,"252":0,"253":0,"254":0,"255":22,"256":22,"257":2,"258":1,"259":1,"260":2,"261":22,"262":22,"263":1,"264":1,"265":1,"266":22,"267":22,"268":11,"269":11,"270":11,"271":11,"272":11,"273":11,"274":11,"275":11,"276":11,"277":11,"278":11,"279":11,"280":11,"281":11,"282":11,"283":22,"284":2,"285":2,"286":2,"287":2,"288":2,"289":2,"290":2,"291":2,"292":2,"293":2,"294":2,"295":2,"296":2,"297":2,"298":2,"299":9,"300":22,"301":22,"302":22,"303":22,"304":22,"305":22,"306":22,"307":22,"308":22,"309":22,"310":22,"311":22,"312":22,"313":22,"314":22,"315":22,"316":22,"317":22,"318":22,"319":22,"320":22,"321":22,"322":22,"323":22,"324":22,"325":22,"326":22,"327":22,"328":22,"329":22,"330":22,"331":1,"332":1},"branchMap":{"0":{"type":"branch","line":70,"loc":{"start":{"line":70,"column":0},"end":{"line":72,"column":1}},"locations":[{"start":{"line":70,"column":0},"end":{"line":72,"column":1}}]},"1":{"type":"branch","line":74,"loc":{"start":{"line":74,"column":0},"end":{"line":76,"column":1}},"locations":[{"start":{"line":74,"column":0},"end":{"line":76,"column":1}}]},"2":{"type":"branch","line":75,"loc":{"start":{"line":75,"column":23},"end":{"line":75,"column":56}},"locations":[{"start":{"line":75,"column":23},"end":{"line":75,"column":56}}]},"3":{"type":"branch","line":75,"loc":{"start":{"line":75,"column":47},"end":{"line":75,"column":75}},"locations":[{"start":{"line":75,"column":47},"end":{"line":75,"column":75}}]},"4":{"type":"branch","line":78,"loc":{"start":{"line":78,"column":54},"end":{"line":331,"column":2}},"locations":[{"start":{"line":78,"column":54},"end":{"line":331,"column":2}}]},"5":{"type":"branch","line":268,"loc":{"start":{"line":268,"column":17},"end":{"line":284,"column":60}},"locations":[{"start":{"line":268,"column":17},"end":{"line":284,"column":60}}]},"6":{"type":"branch","line":284,"loc":{"start":{"line":284,"column":60},"end":{"line":299,"column":5}},"locations":[{"start":{"line":284,"column":60},"end":{"line":299,"column":5}}]},"7":{"type":"branch","line":299,"loc":{"start":{"line":299,"column":4},"end":{"line":301,"column":45}},"locations":[{"start":{"line":299,"column":4},"end":{"line":301,"column":45}}]},"8":{"type":"branch","line":301,"loc":{"start":{"line":301,"column":40},"end":{"line":301,"column":72}},"locations":[{"start":{"line":301,"column":40},"end":{"line":301,"column":72}}]},"9":{"type":"branch","line":301,"loc":{"start":{"line":301,"column":51},"end":{"line":301,"column":72}},"locations":[{"start":{"line":301,"column":51},"end":{"line":301,"column":72}}]},"10":{"type":"branch","line":301,"loc":{"start":{"line":301,"column":63},"end":{"line":301,"column":78}},"locations":[{"start":{"line":301,"column":63},"end":{"line":301,"column":78}}]},"11":{"type":"branch","line":90,"loc":{"start":{"line":90,"column":14},"end":{"line":94,"column":7}},"locations":[{"start":{"line":90,"column":14},"end":{"line":94,"column":7}}]},"12":{"type":"branch","line":91,"loc":{"start":{"line":91,"column":47},"end":{"line":91,"column":97}},"locations":[{"start":{"line":91,"column":47},"end":{"line":91,"column":97}}]},"13":{"type":"branch","line":96,"loc":{"start":{"line":96,"column":24},"end":{"line":141,"column":6}},"locations":[{"start":{"line":96,"column":24},"end":{"line":141,"column":6}}]},"14":{"type":"branch","line":101,"loc":{"start":{"line":101,"column":8},"end":{"line":140,"column":9}},"locations":[{"start":{"line":101,"column":8},"end":{"line":140,"column":9}}]},"15":{"type":"branch","line":257,"loc":{"start":{"line":257,"column":25},"end":{"line":261,"column":6}},"locations":[{"start":{"line":257,"column":25},"end":{"line":261,"column":6}}]},"16":{"type":"branch","line":258,"loc":{"start":{"line":258,"column":22},"end":{"line":260,"column":9}},"locations":[{"start":{"line":258,"column":22},"end":{"line":260,"column":9}}]},"17":{"type":"branch","line":263,"loc":{"start":{"line":263,"column":24},"end":{"line":266,"column":6}},"locations":[{"start":{"line":263,"column":24},"end":{"line":266,"column":6}}]}},"b":{"0":[1],"1":[9],"2":[2],"3":[2],"4":[22],"5":[11],"6":[2],"7":[9],"8":[2],"9":[0],"10":[7],"11":[11],"12":[1],"13":[1],"14":[0],"15":[2],"16":[1],"17":[1]},"fnMap":{"0":{"name":"apiUrl","decl":{"start":{"line":63,"column":0},"end":{"line":68,"column":1}},"loc":{"start":{"line":63,"column":0},"end":{"line":68,"column":1}},"line":63},"1":{"name":"getJwt","decl":{"start":{"line":70,"column":0},"end":{"line":72,"column":1}},"loc":{"start":{"line":70,"column":0},"end":{"line":72,"column":1}},"line":70},"2":{"name":"isNewRentFlow","decl":{"start":{"line":74,"column":0},"end":{"line":76,"column":1}},"loc":{"start":{"line":74,"column":0},"end":{"line":76,"column":1}},"line":74},"3":{"name":"PayPalCheckout","decl":{"start":{"line":78,"column":54},"end":{"line":331,"column":2}},"loc":{"start":{"line":78,"column":54},"end":{"line":331,"column":2}},"line":78},"4":{"name":"createOrder","decl":{"start":{"line":96,"column":24},"end":{"line":141,"column":6}},"loc":{"start":{"line":96,"column":24},"end":{"line":141,"column":6}},"line":96},"5":{"name":"onApprove","decl":{"start":{"line":143,"column":22},"end":{"line":255,"column":6}},"loc":{"start":{"line":143,"column":22},"end":{"line":255,"column":6}},"line":143},"6":{"name":"handleCancel","decl":{"start":{"line":257,"column":25},"end":{"line":261,"column":6}},"loc":{"start":{"line":257,"column":25},"end":{"line":261,"column":6}},"line":257},"7":{"name":"handleError","decl":{"start":{"line":263,"column":24},"end":{"line":266,"column":6}},"loc":{"start":{"line":263,"column":24},"end":{"line":266,"column":6}},"line":263}},"f":{"0":0,"1":1,"2":9,"3":22,"4":1,"5":0,"6":2,"7":1}}
,"/home/goncalo/Desktop/1S_3M/TQS/projeto/CraftingStable/frontend/src/components/RentSuccessModal.tsx": {"path":"/home/goncalo/Desktop/1S_3M/TQS/projeto/CraftingStable/frontend/src/components/RentSuccessModal.tsx","all":false,"statementMap":{"0":{"start":{"line":1,"column":0},"end":{"line":1,"column":49}},"1":{"start":{"line":2,"column":0},"end":{"line":2,"column":56}},"2":{"start":{"line":3,"column":0},"end":{"line":3,"column":0}},"3":{"start":{"line":4,"column":0},"end":{"line":4,"column":33}},"4":{"start":{"line":5,"column":0},"end":{"line":5,"column":37}},"5":{"start":{"line":6,"column":0},"end":{"line":6,"column":22}},"6":{"start":{"line":7,"column":0},"end":{"line":7,"column":24}},"7":{"start":{"line":8,"column":0},"end":{"line":8,"column":1}},"8":{"start":{"line":9,"column":0},"end":{"line":9,"column":0}},"9":{"start":{"line":10,"column":0},"end":{"line":10,"column":96}},"10":{"start":{"line":11,"column":0},"end":{"line":11,"column":68}},"11":{"start":{"line":12,"column":0},"end":{"line":12,"column":61}},"12":{"start":{"line":13,"column":0},"end":{"line":13,"column":41}},"13":{"start":{"line":14,"column":0},"end":{"line":14,"column":0}},"14":{"start":{"line":15,"column":0},"end":{"line":15,"column":21}},"15":{"start":{"line":16,"column":0},"end":{"line":16,"column":42}},"16":{"start":{"line":17,"column":0},"end":{"line":17,"column":0}},"17":{"start":{"line":18,"column":0},"end":{"line":18,"column":45}},"18":{"start":{"line":19,"column":0},"end":{"line":19,"column":37}},"19":{"start":{"line":20,"column":0},"end":{"line":20,"column":26}},"20":{"start":{"line":21,"column":0},"end":{"line":21,"column":13}},"21":{"start":{"line":22,"column":0},"end":{"line":22,"column":10}},"22":{"start":{"line":23,"column":0},"end":{"line":23,"column":52}},"23":{"start":{"line":24,"column":0},"end":{"line":24,"column":68}},"24":{"start":{"line":25,"column":0},"end":{"line":25,"column":18}},"25":{"start":{"line":26,"column":0},"end":{"line":26,"column":0}},"26":{"start":{"line":27,"column":0},"end":{"line":27,"column":31}},"27":{"start":{"line":28,"column":0},"end":{"line":28,"column":0}},"28":{"start":{"line":29,"column":0},"end":{"line":29,"column":79}},"29":{"start":{"line":30,"column":0},"end":{"line":30,"column":75}},"30":{"start":{"line":31,"column":0},"end":{"line":31,"column":0}},"31":{"start":{"line":32,"column":0},"end":{"line":32,"column":65}},"32":{"start":{"line":33,"column":0},"end":{"line":33,"column":28}},"33":{"start":{"line":34,"column":0},"end":{"line":34,"column":6}},"34":{"start":{"line":35,"column":0},"end":{"line":35,"column":0}},"35":{"start":{"line":36,"column":0},"end":{"line":36,"column":39}},"36":{"start":{"line":37,"column":0},"end":{"line":37,"column":18}},"37":{"start":{"line":38,"column":0},"end":{"line":38,"column":6}},"38":{"start":{"line":39,"column":0},"end":{"line":39,"column":0}},"39":{"start":{"line":40,"column":0},"end":{"line":40,"column":12}},"40":{"start":{"line":41,"column":0},"end":{"line":41,"column":36}},"41":{"start":{"line":42,"column":0},"end":{"line":42,"column":134}},"42":{"start":{"line":43,"column":0},"end":{"line":43,"column":19}},"43":{"start":{"line":44,"column":0},"end":{"line":44,"column":38}},"44":{"start":{"line":45,"column":0},"end":{"line":45,"column":29}},"45":{"start":{"line":46,"column":0},"end":{"line":46,"column":52}},"46":{"start":{"line":47,"column":0},"end":{"line":47,"column":45}},"47":{"start":{"line":48,"column":0},"end":{"line":48,"column":44}},"48":{"start":{"line":49,"column":0},"end":{"line":49,"column":14}},"49":{"start":{"line":50,"column":0},"end":{"line":50,"column":0}},"50":{"start":{"line":51,"column":0},"end":{"line":51,"column":19}},"51":{"start":{"line":52,"column":0},"end":{"line":52,"column":31}},"52":{"start":{"line":53,"column":0},"end":{"line":53,"column":20}},"53":{"start":{"line":54,"column":0},"end":{"line":54,"column":29}},"54":{"start":{"line":55,"column":0},"end":{"line":55,"column":29}},"55":{"start":{"line":56,"column":0},"end":{"line":56,"column":37}},"56":{"start":{"line":57,"column":0},"end":{"line":57,"column":33}},"57":{"start":{"line":58,"column":0},"end":{"line":58,"column":107}},"58":{"start":{"line":59,"column":0},"end":{"line":59,"column":66}},"59":{"start":{"line":60,"column":0},"end":{"line":60,"column":18}},"60":{"start":{"line":61,"column":0},"end":{"line":61,"column":51}},"61":{"start":{"line":62,"column":0},"end":{"line":62,"column":33}},"62":{"start":{"line":63,"column":0},"end":{"line":63,"column":41}},"63":{"start":{"line":64,"column":0},"end":{"line":64,"column":13}},"64":{"start":{"line":65,"column":0},"end":{"line":65,"column":43}},"65":{"start":{"line":66,"column":0},"end":{"line":66,"column":76}},"66":{"start":{"line":67,"column":0},"end":{"line":67,"column":90}},"67":{"start":{"line":68,"column":0},"end":{"line":68,"column":22}},"68":{"start":{"line":69,"column":0},"end":{"line":69,"column":0}},"69":{"start":{"line":70,"column":0},"end":{"line":70,"column":44}},"70":{"start":{"line":71,"column":0},"end":{"line":71,"column":52}},"71":{"start":{"line":72,"column":0},"end":{"line":72,"column":80}},"72":{"start":{"line":73,"column":0},"end":{"line":73,"column":0}},"73":{"start":{"line":74,"column":0},"end":{"line":74,"column":52}},"74":{"start":{"line":75,"column":0},"end":{"line":75,"column":76}},"75":{"start":{"line":76,"column":0},"end":{"line":76,"column":80}},"76":{"start":{"line":77,"column":0},"end":{"line":77,"column":30}},"77":{"start":{"line":78,"column":0},"end":{"line":78,"column":0}},"78":{"start":{"line":79,"column":0},"end":{"line":79,"column":38}},"79":{"start":{"line":80,"column":0},"end":{"line":80,"column":56}},"80":{"start":{"line":81,"column":0},"end":{"line":81,"column":77}},"81":{"start":{"line":82,"column":0},"end":{"line":82,"column":76}},"82":{"start":{"line":83,"column":0},"end":{"line":83,"column":34}},"83":{"start":{"line":84,"column":0},"end":{"line":84,"column":26}},"84":{"start":{"line":85,"column":0},"end":{"line":85,"column":0}},"85":{"start":{"line":86,"column":0},"end":{"line":86,"column":52}},"86":{"start":{"line":87,"column":0},"end":{"line":87,"column":70}},"87":{"start":{"line":88,"column":0},"end":{"line":88,"column":85}},"88":{"start":{"line":89,"column":0},"end":{"line":89,"column":30}},"89":{"start":{"line":90,"column":0},"end":{"line":90,"column":0}},"90":{"start":{"line":91,"column":0},"end":{"line":91,"column":52}},"91":{"start":{"line":92,"column":0},"end":{"line":92,"column":73}},"92":{"start":{"line":93,"column":0},"end":{"line":93,"column":55}},"93":{"start":{"line":94,"column":0},"end":{"line":94,"column":68}},"94":{"start":{"line":95,"column":0},"end":{"line":95,"column":35}},"95":{"start":{"line":96,"column":0},"end":{"line":96,"column":30}},"96":{"start":{"line":97,"column":0},"end":{"line":97,"column":0}},"97":{"start":{"line":98,"column":0},"end":{"line":98,"column":52}},"98":{"start":{"line":99,"column":0},"end":{"line":99,"column":69}},"99":{"start":{"line":100,"column":0},"end":{"line":100,"column":85}},"100":{"start":{"line":101,"column":0},"end":{"line":101,"column":97}},"101":{"start":{"line":102,"column":0},"end":{"line":102,"column":35}},"102":{"start":{"line":103,"column":0},"end":{"line":103,"column":30}},"103":{"start":{"line":104,"column":0},"end":{"line":104,"column":26}},"104":{"start":{"line":105,"column":0},"end":{"line":105,"column":0}},"105":{"start":{"line":106,"column":0},"end":{"line":106,"column":55}},"106":{"start":{"line":107,"column":0},"end":{"line":107,"column":84}},"107":{"start":{"line":108,"column":0},"end":{"line":108,"column":0}},"108":{"start":{"line":109,"column":0},"end":{"line":109,"column":52}},"109":{"start":{"line":110,"column":0},"end":{"line":110,"column":72}},"110":{"start":{"line":111,"column":0},"end":{"line":111,"column":101}},"111":{"start":{"line":112,"column":0},"end":{"line":112,"column":56}},"112":{"start":{"line":113,"column":0},"end":{"line":113,"column":35}},"113":{"start":{"line":114,"column":0},"end":{"line":114,"column":30}},"114":{"start":{"line":115,"column":0},"end":{"line":115,"column":0}},"115":{"start":{"line":116,"column":0},"end":{"line":116,"column":52}},"116":{"start":{"line":117,"column":0},"end":{"line":117,"column":73}},"117":{"start":{"line":118,"column":0},"end":{"line":118,"column":101}},"118":{"start":{"line":119,"column":0},"end":{"line":119,"column":58}},"119":{"start":{"line":120,"column":0},"end":{"line":120,"column":35}},"120":{"start":{"line":121,"column":0},"end":{"line":121,"column":30}},"121":{"start":{"line":122,"column":0},"end":{"line":122,"column":26}},"122":{"start":{"line":123,"column":0},"end":{"line":123,"column":0}},"123":{"start":{"line":124,"column":0},"end":{"line":124,"column":47}},"124":{"start":{"line":125,"column":0},"end":{"line":125,"column":63}},"125":{"start":{"line":126,"column":0},"end":{"line":126,"column":73}},"126":{"start":{"line":127,"column":0},"end":{"line":127,"column":87}},"127":{"start":{"line":128,"column":0},"end":{"line":128,"column":77}},"128":{"start":{"line":129,"column":0},"end":{"line":129,"column":28}},"129":{"start":{"line":130,"column":0},"end":{"line":130,"column":26}},"130":{"start":{"line":131,"column":0},"end":{"line":131,"column":22}},"131":{"start":{"line":132,"column":0},"end":{"line":132,"column":0}},"132":{"start":{"line":133,"column":0},"end":{"line":133,"column":43}},"133":{"start":{"line":134,"column":0},"end":{"line":134,"column":87}},"134":{"start":{"line":135,"column":0},"end":{"line":135,"column":43}},"135":{"start":{"line":136,"column":0},"end":{"line":136,"column":29}},"136":{"start":{"line":137,"column":0},"end":{"line":137,"column":22}},"137":{"start":{"line":138,"column":0},"end":{"line":138,"column":21}},"138":{"start":{"line":139,"column":0},"end":{"line":139,"column":14}},"139":{"start":{"line":140,"column":0},"end":{"line":140,"column":6}},"140":{"start":{"line":141,"column":0},"end":{"line":141,"column":2}},"141":{"start":{"line":142,"column":0},"end":{"line":142,"column":0}},"142":{"start":{"line":143,"column":0},"end":{"line":143,"column":53}},"143":{"start":{"line":144,"column":0},"end":{"line":144,"column":14}},"144":{"start":{"line":145,"column":0},"end":{"line":145,"column":26}},"145":{"start":{"line":146,"column":0},"end":{"line":146,"column":15}},"146":{"start":{"line":147,"column":0},"end":{"line":147,"column":16}},"147":{"start":{"line":148,"column":0},"end":{"line":148,"column":17}},"148":{"start":{"line":149,"column":0},"end":{"line":149,"column":18}},"149":{"start":{"line":150,"column":0},"end":{"line":150,"column":47}},"150":{"start":{"line":151,"column":0},"end":{"line":151,"column":24}},"151":{"start":{"line":152,"column":0},"end":{"line":152,"column":29}},"152":{"start":{"line":153,"column":0},"end":{"line":153,"column":33}},"153":{"start":{"line":154,"column":0},"end":{"line":154,"column":21}},"154":{"start":{"line":155,"column":0},"end":{"line":155,"column":20}},"155":{"start":{"line":156,"column":0},"end":{"line":156,"column":24}},"156":{"start":{"line":157,"column":0},"end":{"line":157,"column":6}},"157":{"start":{"line":158,"column":0},"end":{"line":158,"column":20}},"158":{"start":{"line":159,"column":0},"end":{"line":159,"column":29}},"159":{"start":{"line":160,"column":0},"end":{"line":160,"column":17}},"160":{"start":{"line":161,"column":0},"end":{"line":161,"column":22}},"161":{"start":{"line":162,"column":0},"end":{"line":162,"column":23}},"162":{"start":{"line":163,"column":0},"end":{"line":163,"column":34}},"163":{"start":{"line":164,"column":0},"end":{"line":164,"column":23}},"164":{"start":{"line":165,"column":0},"end":{"line":165,"column":19}},"165":{"start":{"line":166,"column":0},"end":{"line":166,"column":18}},"166":{"start":{"line":167,"column":0},"end":{"line":167,"column":26}},"167":{"start":{"line":168,"column":0},"end":{"line":168,"column":21}},"168":{"start":{"line":169,"column":0},"end":{"line":169,"column":6}},"169":{"start":{"line":170,"column":0},"end":{"line":170,"column":13}},"170":{"start":{"line":171,"column":0},"end":{"line":171,"column":35}},"171":{"start":{"line":172,"column":0},"end":{"line":172,"column":25}},"172":{"start":{"line":173,"column":0},"end":{"line":173,"column":22}},"173":{"start":{"line":174,"column":0},"end":{"line":174,"column":22}},"174":{"start":{"line":175,"column":0},"end":{"line":175,"column":26}},"175":{"start":{"line":176,"column":0},"end":{"line":176,"column":25}},"176":{"start":{"line":177,"column":0},"end":{"line":177,"column":58}},"177":{"start":{"line":178,"column":0},"end":{"line":178,"column":21}},"178":{"start":{"line":179,"column":0},"end":{"line":179,"column":23}},"179":{"start":{"line":180,"column":0},"end":{"line":180,"column":19}},"180":{"start":{"line":181,"column":0},"end":{"line":181,"column":6}},"181":{"start":{"line":182,"column":0},"end":{"line":182,"column":13}},"182":{"start":{"line":183,"column":0},"end":{"line":183,"column":35}},"183":{"start":{"line":184,"column":0},"end":{"line":184,"column":29}},"184":{"start":{"line":185,"column":0},"end":{"line":185,"column":28}},"185":{"start":{"line":186,"column":0},"end":{"line":186,"column":38}},"186":{"start":{"line":187,"column":0},"end":{"line":187,"column":6}},"187":{"start":{"line":188,"column":0},"end":{"line":188,"column":16}},"188":{"start":{"line":189,"column":0},"end":{"line":189,"column":18}},"189":{"start":{"line":190,"column":0},"end":{"line":190,"column":19}},"190":{"start":{"line":191,"column":0},"end":{"line":191,"column":28}},"191":{"start":{"line":192,"column":0},"end":{"line":192,"column":32}},"192":{"start":{"line":193,"column":0},"end":{"line":193,"column":25}},"193":{"start":{"line":194,"column":0},"end":{"line":194,"column":21}},"194":{"start":{"line":195,"column":0},"end":{"line":195,"column":24}},"195":{"start":{"line":196,"column":0},"end":{"line":196,"column":29}},"196":{"start":{"line":197,"column":0},"end":{"line":197,"column":33}},"197":{"start":{"line":198,"column":0},"end":{"line":198,"column":30}},"198":{"start":{"line":199,"column":0},"end":{"line":199,"column":27}},"199":{"start":{"line":200,"column":0},"end":{"line":200,"column":6}},"200":{"start":{"line":201,"column":0},"end":{"line":201,"column":12}},"201":{"start":{"line":202,"column":0},"end":{"line":202,"column":18}},"202":{"start":{"line":203,"column":0},"end":{"line":203,"column":22}},"203":{"start":{"line":204,"column":0},"end":{"line":204,"column":21}},"204":{"start":{"line":205,"column":0},"end":{"line":205,"column":24}},"205":{"start":{"line":206,"column":0},"end":{"line":206,"column":6}},"206":{"start":{"line":207,"column":0},"end":{"line":207,"column":14}},"207":{"start":{"line":208,"column":0},"end":{"line":208,"column":20}},"208":{"start":{"line":209,"column":0},"end":{"line":209,"column":6}},"209":{"start":{"line":210,"column":0},"end":{"line":210,"column":18}},"210":{"start":{"line":211,"column":0},"end":{"line":211,"column":25}},"211":{"start":{"line":212,"column":0},"end":{"line":212,"column":6}},"212":{"start":{"line":213,"column":0},"end":{"line":213,"column":21}},"213":{"start":{"line":214,"column":0},"end":{"line":214,"column":25}},"214":{"start":{"line":215,"column":0},"end":{"line":215,"column":23}},"215":{"start":{"line":216,"column":0},"end":{"line":216,"column":39}},"216":{"start":{"line":217,"column":0},"end":{"line":217,"column":6}},"217":{"start":{"line":218,"column":0},"end":{"line":218,"column":19}},"218":{"start":{"line":219,"column":0},"end":{"line":219,"column":25}},"219":{"start":{"line":220,"column":0},"end":{"line":220,"column":21}},"220":{"start":{"line":221,"column":0},"end":{"line":221,"column":24}},"221":{"start":{"line":222,"column":0},"end":{"line":222,"column":25}},"222":{"start":{"line":223,"column":0},"end":{"line":223,"column":21}},"223":{"start":{"line":224,"column":0},"end":{"line":224,"column":6}},"224":{"start":{"line":225,"column":0},"end":{"line":225,"column":14}},"225":{"start":{"line":226,"column":0},"end":{"line":226,"column":24}},"226":{"start":{"line":227,"column":0},"end":{"line":227,"column":40}},"227":{"start":{"line":228,"column":0},"end":{"line":228,"column":29}},"228":{"start":{"line":229,"column":0},"end":{"line":229,"column":25}},"229":{"start":{"line":230,"column":0},"end":{"line":230,"column":16}},"230":{"start":{"line":231,"column":0},"end":{"line":231,"column":6}},"231":{"start":{"line":232,"column":0},"end":{"line":232,"column":12}},"232":{"start":{"line":233,"column":0},"end":{"line":233,"column":25}},"233":{"start":{"line":234,"column":0},"end":{"line":234,"column":21}},"234":{"start":{"line":235,"column":0},"end":{"line":235,"column":24}},"235":{"start":{"line":236,"column":0},"end":{"line":236,"column":6}},"236":{"start":{"line":237,"column":0},"end":{"line":237,"column":12}},"237":{"start":{"line":238,"column":0},"end":{"line":238,"column":25}},"238":{"start":{"line":239,"column":0},"end":{"line":239,"column":21}},"239":{"start":{"line":240,"column":0},"end":{"line":240,"column":24}},"240":{"start":{"line":241,"column":0},"end":{"line":241,"column":27}},"241":{"start":{"line":242,"column":0},"end":{"line":242,"column":32}},"242":{"start":{"line":243,"column":0},"end":{"line":243,"column":6}},"243":{"start":{"line":244,"column":0},"end":{"line":244,"column":18}},"244":{"start":{"line":245,"column":0},"end":{"line":245,"column":35}},"245":{"start":{"line":246,"column":0},"end":{"line":246,"column":25}},"246":{"start":{"line":247,"column":0},"end":{"line":247,"column":28}},"247":{"start":{"
[...]
:8,"537":8,"538":8,"539":8,"540":8,"541":8,"542":8,"543":24,"544":24,"545":24,"546":8,"547":8,"548":8,"549":24,"550":24,"551":24,"552":24,"553":24,"554":24,"555":24,"556":24,"557":8,"558":8,"559":8,"560":24,"561":24,"562":24,"563":24,"564":24,"565":24,"566":24,"567":24,"568":24,"569":24},"branchMap":{"0":{"type":"branch","line":33,"loc":{"start":{"line":33,"column":0},"end":{"line":38,"column":1}},"locations":[{"start":{"line":33,"column":0},"end":{"line":38,"column":1}}]},"1":{"type":"branch","line":36,"loc":{"start":{"line":36,"column":46},"end":{"line":36,"column":64}},"locations":[{"start":{"line":36,"column":46},"end":{"line":36,"column":64}}]},"2":{"type":"branch","line":40,"loc":{"start":{"line":40,"column":0},"end":{"line":42,"column":1}},"locations":[{"start":{"line":40,"column":0},"end":{"line":42,"column":1}}]},"3":{"type":"branch","line":44,"loc":{"start":{"line":44,"column":0},"end":{"line":49,"column":1}},"locations":[{"start":{"line":44,"column":0},"end":{"line":49,"column":1}}]},"4":{"type":"branch","line":51,"loc":{"start":{"line":51,"column":0},"end":{"line":60,"column":1}},"locations":[{"start":{"line":51,"column":0},"end":{"line":60,"column":1}}]},"5":{"type":"branch","line":52,"loc":{"start":{"line":52,"column":30},"end":{"line":52,"column":39}},"locations":[{"start":{"line":52,"column":30},"end":{"line":52,"column":39}}]},"6":{"type":"branch","line":59,"loc":{"start":{"line":59,"column":22},"end":{"line":59,"column":31}},"locations":[{"start":{"line":59,"column":22},"end":{"line":59,"column":31}}]},"7":{"type":"branch","line":68,"loc":{"start":{"line":68,"column":0},"end":{"line":376,"column":1}},"locations":[{"start":{"line":68,"column":0},"end":{"line":376,"column":1}}]},"8":{"type":"branch","line":186,"loc":{"start":{"line":186,"column":21},"end":{"line":199,"column":15}},"locations":[{"start":{"line":186,"column":21},"end":{"line":199,"column":15}}]},"9":{"type":"branch","line":199,"loc":{"start":{"line":199,"column":26},"end":{"line":212,"column":15}},"locations":[{"start":{"line":199,"column":26},"end":{"line":212,"column":15}}]},"10":{"type":"branch","line":212,"loc":{"start":{"line":212,"column":37},"end":{"line":225,"column":15}},"locations":[{"start":{"line":212,"column":37},"end":{"line":225,"column":15}}]},"11":{"type":"branch","line":225,"loc":{"start":{"line":225,"column":29},"end":{"line":238,"column":15}},"locations":[{"start":{"line":225,"column":29},"end":{"line":238,"column":15}}]},"12":{"type":"branch","line":238,"loc":{"start":{"line":238,"column":24},"end":{"line":251,"column":11}},"locations":[{"start":{"line":238,"column":24},"end":{"line":251,"column":11}}]},"13":{"type":"branch","line":275,"loc":{"start":{"line":275,"column":13},"end":{"line":286,"column":22}},"locations":[{"start":{"line":275,"column":13},"end":{"line":286,"column":22}}]},"14":{"type":"branch","line":289,"loc":{"start":{"line":289,"column":13},"end":{"line":300,"column":22}},"locations":[{"start":{"line":289,"column":13},"end":{"line":300,"column":22}}]},"15":{"type":"branch","line":334,"loc":{"start":{"line":334,"column":35},"end":{"line":364,"column":22}},"locations":[{"start":{"line":334,"column":35},"end":{"line":364,"column":22}}]},"16":{"type":"branch","line":373,"loc":{"start":{"line":373,"column":13},"end":{"line":373,"column":94}},"locations":[{"start":{"line":373,"column":13},"end":{"line":373,"column":94}}]},"17":{"type":"branch","line":75,"loc":{"start":{"line":75,"column":26},"end":{"line":75,"column":44}},"locations":[{"start":{"line":75,"column":26},"end":{"line":75,"column":44}}]},"18":{"type":"branch","line":87,"loc":{"start":{"line":87,"column":25},"end":{"line":87,"column":67}},"locations":[{"start":{"line":87,"column":25},"end":{"line":87,"column":67}}]},"19":{"type":"branch","line":88,"loc":{"start":{"line":88,"column":26},"end":{"line":88,"column":73}},"locations":[{"start":{"line":88,"column":26},"end":{"line":88,"column":73}}]},"20":{"type":"branch","line":93,"loc":{"start":{"line":93,"column":14},"end":{"line":106,"column":7}},"locations":[{"start":{"line":93,"column":14},"end":{"line":106,"column":7}}]},"21":{"type":"branch","line":94,"loc":{"start":{"line":94,"column":34},"end":{"line":104,"column":10}},"locations":[{"start":{"line":94,"column":34},"end":{"line":104,"column":10}}]},"22":{"type":"branch","line":97,"loc":{"start":{"line":97,"column":33},"end":{"line":100,"column":17}},"locations":[{"start":{"line":97,"column":33},"end":{"line":100,"column":17}}]},"23":{"type":"branch","line":101,"loc":{"start":{"line":101,"column":12},"end":{"line":103,"column":13}},"locations":[{"start":{"line":101,"column":12},"end":{"line":103,"column":13}}]},"24":{"type":"branch","line":109,"loc":{"start":{"line":109,"column":14},"end":{"line":153,"column":7}},"locations":[{"start":{"line":109,"column":14},"end":{"line":153,"column":7}}]},"25":{"type":"branch","line":110,"loc":{"start":{"line":110,"column":34},"end":{"line":150,"column":10}},"locations":[{"start":{"line":110,"column":34},"end":{"line":150,"column":10}}]},"26":{"type":"branch","line":111,"loc":{"start":{"line":111,"column":45},"end":{"line":115,"column":13}},"locations":[{"start":{"line":111,"column":45},"end":{"line":115,"column":13}}]},"27":{"type":"branch","line":118,"loc":{"start":{"line":118,"column":22},"end":{"line":118,"column":29}},"locations":[{"start":{"line":118,"column":22},"end":{"line":118,"column":29}}]},"28":{"type":"branch","line":136,"loc":{"start":{"line":136,"column":85},"end":{"line":138,"column":39}},"locations":[{"start":{"line":136,"column":85},"end":{"line":138,"column":39}}]},"29":{"type":"branch","line":138,"loc":{"start":{"line":138,"column":26},"end":{"line":138,"column":52}},"locations":[{"start":{"line":138,"column":26},"end":{"line":138,"column":52}}]},"30":{"type":"branch","line":138,"loc":{"start":{"line":138,"column":52},"end":{"line":140,"column":27}},"locations":[{"start":{"line":138,"column":52},"end":{"line":140,"column":27}}]},"31":{"type":"branch","line":140,"loc":{"start":{"line":140,"column":16},"end":{"line":142,"column":17}},"locations":[{"start":{"line":140,"column":16},"end":{"line":142,"column":17}}]},"32":{"type":"branch","line":143,"loc":{"start":{"line":143,"column":12},"end":{"line":147,"column":14}},"locations":[{"start":{"line":143,"column":12},"end":{"line":147,"column":14}}]},"33":{"type":"branch","line":389,"loc":{"start":{"line":389,"column":0},"end":{"line":570,"column":1}},"locations":[{"start":{"line":389,"column":0},"end":{"line":570,"column":1}}]},"34":{"type":"branch","line":499,"loc":{"start":{"line":499,"column":17},"end":{"line":510,"column":5}},"locations":[{"start":{"line":499,"column":17},"end":{"line":510,"column":5}}]},"35":{"type":"branch","line":510,"loc":{"start":{"line":510,"column":4},"end":{"line":512,"column":15}},"locations":[{"start":{"line":510,"column":4},"end":{"line":512,"column":15}}]},"36":{"type":"branch","line":512,"loc":{"start":{"line":512,"column":15},"end":{"line":522,"column":5}},"locations":[{"start":{"line":512,"column":15},"end":{"line":522,"column":5}}]},"37":{"type":"branch","line":522,"loc":{"start":{"line":522,"column":4},"end":{"line":543,"column":34}},"locations":[{"start":{"line":522,"column":4},"end":{"line":543,"column":34}}]},"38":{"type":"branch","line":546,"loc":{"start":{"line":546,"column":30},"end":{"line":549,"column":34}},"locations":[{"start":{"line":546,"column":30},"end":{"line":549,"column":34}}]},"39":{"type":"branch","line":557,"loc":{"start":{"line":557,"column":52},"end":{"line":560,"column":38}},"locations":[{"start":{"line":557,"column":52},"end":{"line":560,"column":38}}]},"40":{"type":"branch","line":393,"loc":{"start":{"line":393,"column":14},"end":{"line":398,"column":7}},"locations":[{"start":{"line":393,"column":14},"end":{"line":398,"column":7}}]},"41":{"type":"branch","line":395,"loc":{"start":{"line":395,"column":18},"end":{"line":397,"column":9}},"locations":[{"start":{"line":395,"column":18},"end":{"line":397,"column":9}}]},"42":{"type":"branch","line":406,"loc":{"start":{"line":406,"column":14},"end":{"line":496,"column":7}},"locations":[{"start":{"line":406,"column":14},"end":{"line":496,"column":7}}]},"43":{"type":"branch","line":409,"loc":{"start":{"line":409,"column":8},"end":{"line":434,"column":9}},"locations":[{"start":{"line":409,"column":8},"end":{"line":434,"column":9}}]},"44":{"type":"branch","line":410,"loc":{"start":{"line":410,"column":26},"end":{"line":410,"column":43}},"locations":[{"start":{"line":410,"column":26},"end":{"line":410,"column":43}}]},"45":{"type":"branch","line":414,"loc":{"start":{"line":414,"column":20},"end":{"line":414,"column":65}},"locations":[{"start":{"line":414,"column":20},"end":{"line":414,"column":65}}]},"46":{"type":"branch","line":414,"loc":{"start":{"line":414,"column":61},"end":{"line":414,"column":68}},"locations":[{"start":{"line":414,"column":61},"end":{"line":414,"column":68}}]},"47":{"type":"branch","line":423,"loc":{"start":{"line":423,"column":16},"end":{"line":428,"column":110}},"locations":[{"start":{"line":423,"column":16},"end":{"line":428,"column":110}}]},"48":{"type":"branch","line":428,"loc":{"start":{"line":428,"column":106},"end":{"line":428,"column":115}},"locations":[{"start":{"line":428,"column":106},"end":{"line":428,"column":115}}]},"49":{"type":"branch","line":429,"loc":{"start":{"line":429,"column":23},"end":{"line":429,"column":64}},"locations":[{"start":{"line":429,"column":23},"end":{"line":429,"column":64}}]},"50":{"type":"branch","line":429,"loc":{"start":{"line":429,"column":56},"end":{"line":429,"column":74}},"locations":[{"start":{"line":429,"column":56},"end":{"line":429,"column":74}}]},"51":{"type":"branch","line":430,"loc":{"start":{"line":430,"column":12},"end":{"line":433,"column":13}},"locations":[{"start":{"line":430,"column":12},"end":{"line":433,"column":13}}]},"52":{"type":"branch","line":436,"loc":{"start":{"line":436,"column":8},"end":{"line":490,"column":9}},"locations":[{"start":{"line":436,"column":8},"end":{"line":490,"column":9}}]},"53":{"type":"branch","line":441,"loc":{"start":{"line":441,"column":20},"end":{"line":441,"column":65}},"locations":[{"start":{"line":441,"column":20},"end":{"line":441,"column":65}}]},"54":{"type":"branch","line":441,"loc":{"start":{"line":441,"column":61},"end":{"line":441,"column":68}},"locations":[{"start":{"line":441,"column":61},"end":{"line":441,"column":68}}]},"55":{"type":"branch","line":447,"loc":{"start":{"line":447,"column":87},"end":{"line":447,"column":91}},"locations":[{"start":{"line":447,"column":87},"end":{"line":447,"column":91}}]},"56":{"type":"branch","line":447,"loc":{"start":{"line":447,"column":87},"end":{"line":447,"column":96}},"locations":[{"start":{"line":447,"column":87},"end":{"line":447,"column":96}}]},"57":{"type":"branch","line":448,"loc":{"start":{"line":448,"column":20},"end":{"line":448,"column":32}},"locations":[{"start":{"line":448,"column":20},"end":{"line":448,"column":32}}]},"58":{"type":"branch","line":448,"loc":{"start":{"line":448,"column":32},"end":{"line":450,"column":23}},"locations":[{"start":{"line":448,"column":32},"end":{"line":450,"column":23}}]},"59":{"type":"branch","line":450,"loc":{"start":{"line":450,"column":16},"end":{"line":455,"column":17}},"locations":[{"start":{"line":450,"column":16},"end":{"line":455,"column":17}}]},"60":{"type":"branch","line":452,"loc":{"start":{"line":452,"column":38},"end":{"line":452,"column":83}},"locations":[{"start":{"line":452,"column":38},"end":{"line":452,"column":83}}]},"61":{"type":"branch","line":452,"loc":{"start":{"line":452,"column":81},"end":{"line":454,"column":102}},"locations":[{"start":{"line":452,"column":81},"end":{"line":454,"column":102}}]},"62":{"type":"branch","line":454,"loc":{"start":{"line":454,"column":98},"end":{"line":454,"column":107}},"locations":[{"start":{"line":454,"column":98},"end":{"line":454,"column":107}}]},"63":{"type":"branch","line":455,"loc":{"start":{"line":455,"column":16},"end":{"line":457,"column":27}},"locations":[{"start":{"line":455,"column":16},"end":{"line":457,"column":27}}]},"64":{"type":"branch","line":457,"loc":{"start":{"line":457,"column":27},"end":{"line":460,"column":17}},"locations":[{"start":{"line":457,"column":27},"end":{"line":460,"column":17}}]},"65":{"type":"branch","line":460,"loc":{"start":{"line":460,"column":16},"end":{"line":465,"column":43}},"locations":[{"start":{"line":460,"column":16},"end":{"line":465,"column":43}}]},"66":{"type":"branch","line":465,"loc":{"start":{"line":465,"column":35},"end":{"line":465,"column":60}},"locations":[{"start":{"line":465,"column":35},"end":{"line":465,"column":60}}]},"67":{"type":"branch","line":465,"loc":{"start":{"line":465,"column":48},"end":{"line":465,"column":69}},"locations":[{"start":{"line":465,"column":48},"end":{"line":465,"column":69}}]},"68":{"type":"branch","line":466,"loc":{"start":{"line":466,"column":45},"end":{"line":466,"column":79}},"locations":[{"start":{"line":466,"column":45},"end":{"line":466,"column":79}}]},"69":{"type":"branch","line":466,"loc":{"start":{"line":466,"column":64},"end":{"line":466,"column":80}},"locations":[{"start":{"line":466,"column":64},"end":{"line":466,"column":80}}]},"70":{"type":"branch","line":467,"loc":{"start":{"line":467,"column":47},"end":{"line":467,"column":65}},"locations":[{"start":{"line":467,"column":47},"end":{"line":467,"column":65}}]},"71":{"type":"branch","line":468,"loc":{"start":{"line":468,"column":34},"end":{"line":468,"column":62}},"locations":[{"start":{"line":468,"column":34},"end":{"line":468,"column":62}}]},"72":{"type":"branch","line":468,"loc":{"start":{"line":468,"column":50},"end":{"line":468,"column":67}},"locations":[{"start":{"line":468,"column":50},"end":{"line":468,"column":67}}]},"73":{"type":"branch","line":469,"loc":{"start":{"line":469,"column":32},"end":{"line":469,"column":58}},"locations":[{"start":{"line":469,"column":32},"end":{"line":469,"column":58}}]},"74":{"type":"branch","line":469,"loc":{"start":{"line":469,"column":49},"end":{"line":469,"column":68}},"locations":[{"start":{"line":469,"column":49},"end":{"line":469,"column":68}}]},"75":{"type":"branch","line":470,"loc":{"start":{"line":470,"column":38},"end":{"line":470,"column":63}},"locations":[{"start":{"line":470,"column":38},"end":{"line":470,"column":63}}]},"76":{"type":"branch","line":471,"loc":{"start":{"line":471,"column":35},"end":{"line":471,"column":56}},"locations":[{"start":{"line":471,"column":35},"end":{"line":471,"column":56}}]},"77":{"type":"branch","line":474,"loc":{"start":{"line":474,"column":38},"end":{"line":474,"column":92}},"locations":[{"start":{"line":474,"column":38},"end":{"line":474,"column":92}}]},"78":{"type":"branch","line":477,"loc":{"start":{"line":477,"column":29},"end":{"line":481,"column":31}},"locations":[{"start":{"line":477,"column":29},"end":{"line":481,"column":31}}]},"79":{"type":"branch","line":481,"loc":{"start":{"line":481,"column":20},"end":{"line":481,"column":42}},"locations":[{"start":{"line":481,"column":20},"end":{"line":481,"column":42}}]},"80":{"type":"branch","line":481,"loc":{"start":{"line":481,"column":42},"end":{"line":483,"column":17}},"locations":[{"start":{"line":481,"column":42},"end":{"line":483,"column":17}}]},"81":{"type":"branch","line":484,"loc":{"start":{"line":484,"column":12},"end":{"line":487,"column":14}},"locations":[{"start":{"line":484,"column":12},"end":{"line":487,"column":14}}]},"82":{"type":"branch","line":487,"loc":{"start":{"line":487,"column":12},"end":{"line":489,"column":13}},"locations":[{"start":{"line":487,"column":12},"end":{"line":489,"column":13}}]},"83":{"type":"branch","line":488,"loc":{"start":{"line":488,"column":29},"end":{"line":488,"column":47}},"locations":[{"start":{"line":488,"column":29},"end":{"line":488,"column":47}}]},"84":{"type":"branch","line":493,"loc":{"start":{"line":493,"column":15},"end":{"line":495,"column":10}},"locations":[{"start":{"line":493,"column":15},"end":{"line":495,"column":10}}]}},"b":{"0":[42],"1":[0],"2":[41],"3":[18],"4":[8],"5":[0],"6":[0],"7":[9],"8":[0],"9":[0],"10":[0],"11":[0],"12":[0],"13":[0],"14":[0],"15":[0],"16":[0],"17":[8],"18":[8],"19":[8],"20":[8],"21":[8],"22":[4],"23":[4],"24":[8],"25":[8],"26":[0],"27":[0],"28":[4],"29":[0],"30":[0],"31":[4],"32":[4],"33":[24],"34":[14],"35":[10],"36":[2],"37":[8],"38":[8],"39":[8],"40":[14],"41":[2],"42":[14],"43":[10],"44":[0],"45":[9],"46":[1],"47":[0],"48":[0],"49":[0],"50":[0],"51":[0],"52":[14],"53":[12],"54":[2],"55":[12],"56":[0],"57":[11],"58":[10],"59":[2],"60":[1],"61":[0],"62":[0],"63":[10],"64":[0],"65":[10],"66":[0],"67":[0],"68":[0],"69":[0],"70":[0],"71":[0],"72":[0],"73":[0],"74":[0],"75":[0],"76":[0],"77":[0],"78":[10],"79":[8],"80":[0],"81":[3],"82":[13],"83":[11],"84":[14]},"fnMap":{"0":{"name":"apiUrl","decl":{"start":{"line":33,"column":0},"end":{"line":38,"column":1}},"loc":{"start":{"line":33,"column":0},"end":{"line":38,"column":1}},"line":33},"1":{"name":"getJwt","decl":{"start":{"line":40,"column":0},"end":{"line":42,"column":1}},"loc":{"start":{"line":40,"column":0},"end":{"line":42,"column":1}},"line":40},"2":{"name":"toIsoDateString","decl":{"start":{"line":44,"column":0},"end":{"line":49,"column":1}},"loc":{"start":{"line":44,"column":0},"end":{"line":49,"column":1}},"line":44},"3":{"name":"daysBetween","decl":{"start":{"line":51,"column":0},"end":{"line":60,"column":1}},"loc":{"start":{"line":51,"column":0},"end":{"line":60,"column":1}},"line":51},"4":{"name":"BookingCalendar","decl":{"start":{"line":68,"column":0},"end":{"line":376,"column":1}},"loc":{"start":{"line":68,"column":0},"end":{"line":376,"column":1}},"line":68},"5":{"name":"fetchBlockedDates","decl":{"start":{"line":94,"column":34},"end":{"line":104,"column":10}},"loc":{"start":{"line":94,"column":34},"end":{"line":104,"column":10}},"line":94},"6":{"name":"checkAvailability","decl":{"start":{"line":110,"column":34},"end":{"line":150,"column":10}},"loc":{"start":{"line":110,"column":34},"end":{"line":150,"column":10}},"line":110},"7":{"name":"handlePaymentSuccess","decl":{"start":{"line":156,"column":33},"end":{"line":161,"column":6}},"loc":{"start":{"line":156,"column":33},"end":{"line":161,"column":6}},"line":156},"8":{"name":"handleCloseModal","decl":{"start":{"line":163,"column":29},"end":{"line":166,"column":6}},"loc":{"start":{"line":163,"column":29},"end":{"line":166,"column":6}},"line":163},"9":{"name":"handlePaymentError","decl":{"start":{"line":169,"column":31},"end":{"line":172,"column":6}},"loc":{"start":{"line":169,"column":31},"end":{"line":172,"column":6}},"line":169},"10":{"name":"handlePaymentCancel","decl":{"start":{"line":175,"column":32},"end":{"line":178,"column":6}},"loc":{"start":{"line":175,"column":32},"end":{"line":178,"column":6}},"line":175},"11":{"name":"onChange","decl":{"start":{"line":309,"column":34},"end":{"line":309,"column":66}},"loc":{"start":{"line":309,"column":34},"end":{"line":309,"column":66}},"line":309},"12":{"name":"onChange","decl":{"start":{"line":320,"column":34},"end":{"line":320,"column":64}},"loc":{"start":{"line":320,"column":34},"end":{"line":320,"column":64}},"line":320},"13":{"name":"ToolDetails","decl":{"start":{"line":389,"column":0},"end":{"line":570,"column":1}},"loc":{"start":{"line":389,"column":0},"end":{"line":570,"column":1}},"line":389},"14":{"name":"placeholderFor","decl":{"start":{"line":403,"column":27},"end":{"line":404,"column":95}},"loc":{"start":{"line":403,"column":27},"end":{"line":404,"column":95}},"line":403},"15":{"name":"fetchOwnerName","decl":{"start":{"line":409,"column":8},"end":{"line":434,"column":9}},"loc":{"start":{"line":409,"column":8},"end":{"line":434,"column":9}},"line":409},"16":{"name":"load","decl":{"start":{"line":436,"column":8},"end":{"line":490,"column":9}},"loc":{"start":{"line":436,"column":8},"end":{"line":490,"column":9}},"line":436}},"f":{"0":42,"1":41,"2":18,"3":8,"4":9,"5":8,"6":8,"7":0,"8":0,"9":0,"10":0,"11":0,"12":0,"13":24,"14":0,"15":10,"16":14}}
}
