{"/home/goncalo/Desktop/1S_3M/TQS/projeto/CraftingStable/frontend/src/App.tsx": {"path":"/home/goncalo/Desktop/1S_3M/TQS/projeto/CraftingStable/frontend/src/App.tsx","all":true,"statementMap":{"0":{"start":{"line":1,"column":0},"end":{"line":1,"column":26}},"1":{"start":{"line":2,"column":0},"end":{"line":2,"column":74}},"2":{"start":{"line":3,"column":0},"end":{"line":3,"column":40}},"3":{"start":{"line":4,"column":0},"end":{"line":4,"column":34}},"4":{"start":{"line":5,"column":0},"end":{"line":5,"column":38}},"5":{"start":{"line":6,"column":0},"end":{"line":6,"column":43}},"6":{"start":{"line":7,"column":0},"end":{"line":7,"column":44}},"7":{"start":{"line":8,"column":0},"end":{"line":8,"column":51}},"8":{"start":{"line":9,"column":0},"end":{"line":9,"column":43}},"9":{"start":{"line":10,"column":0},"end":{"line":10,"column":59}},"10":{"start":{"line":11,"column":0},"end":{"line":11,"column":51}},"11":{"start":{"line":12,"column":0},"end":{"line":12,"column":51}},"12":{"start":{"line":13,"column":0},"end":{"line":13,"column":60}},"13":{"start":{"line":14,"column":0},"end":{"line":14,"column":58}},"14":{"start":{"line":15,"column":0},"end":{"line":15,"column":0}},"15":{"start":{"line":16,"column":0},"end":{"line":16,"column":51}},"16":{"start":{"line":17,"column":0},"end":{"line":17,"column":12}},"17":{"start":{"line":18,"column":0},"end":{"line":18,"column":23}},"18":{"start":{"line":19,"column":0},"end":{"line":19,"column":20}},"19":{"start":{"line":20,"column":0},"end":{"line":20,"column":57}},"20":{"start":{"line":21,"column":0},"end":{"line":21,"column":76}},"21":{"start":{"line":22,"column":0},"end":{"line":22,"column":63}},"22":{"start":{"line":23,"column":0},"end":{"line":23,"column":67}},"23":{"start":{"line":24,"column":0},"end":{"line":24,"column":59}},"24":{"start":{"line":25,"column":0},"end":{"line":25,"column":57}},"25":{"start":{"line":26,"column":0},"end":{"line":26,"column":69}},"26":{"start":{"line":27,"column":0},"end":{"line":27,"column":69}},"27":{"start":{"line":28,"column":0},"end":{"line":28,"column":68}},"28":{"start":{"line":29,"column":0},"end":{"line":29,"column":70}},"29":{"start":{"line":30,"column":0},"end":{"line":30,"column":70}},"30":{"start":{"line":31,"column":0},"end":{"line":31,"column":78}},"31":{"start":{"line":32,"column":0},"end":{"line":32,"column":76}},"32":{"start":{"line":33,"column":0},"end":{"line":33,"column":0}},"33":{"start":{"line":34,"column":0},"end":{"line":34,"column":72}},"34":{"start":{"line":35,"column":0},"end":{"line":35,"column":21}},"35":{"start":{"line":36,"column":0},"end":{"line":36,"column":24}},"36":{"start":{"line":37,"column":0},"end":{"line":37,"column":6}},"37":{"start":{"line":38,"column":0},"end":{"line":38,"column":1}}},"s":{"0":0,"1":0,"2":0,"3":0,"4":0,"5":0,"6":0,"7":0,"8":0,"9":0,"10":0,"11":0,"12":0,"13":0,"14":0,"15":0,"16":0,"17":0,"18":0,"19":0,"20":0,"21":0,"22":0,"23":0,"24":0,"25":0,"26":0,"27":0,"28":0,"29":0,"30":0,"31":0,"32":0,"33":0,"34":0,"35":0,"36":0,"37":0},"branchMap":{"0":{"type":"branch","line":1,"loc":{"start":{"line":1,"column":1818},"end":{"line":38,"column":1}},"locations":[{"start":{"line":1,"column":1818},"end":{"line":38,"column":1}}]}},"b":{"0":[0]},"fnMap":{"0":{"name":"(empty-report)","decl":{"start":{"line":1,"column":1818},"end":{"line":38,"column":1}},"loc":{"start":{"line":1,"column":1818},"end":{"line":38,"column":1}},"line":1}},"f":{"0":0}}
,"/home/goncalo/Desktop/1S_3M/TQS/projeto/CraftingStable/frontend/src/main.tsx": {"path":"/home/goncalo/Desktop/1S_3M/TQS/projeto/CraftingStable/frontend/src/main.tsx","all":true,"statementMap":{"0":{"start":{"line":1,"column":0},"end":{"line":1,"column":34}},"1":{"start":{"line":2,"column":0},"end":{"line":2,"column":45}},"2":{"start":{"line":3,"column":0},"end":{"line":3,"column":20}},"3":{"start":{"line":4,"column":0},"end":{"line":4,"column":27}},"4":{"start":{"line":5,"column":0},"end":{"line":5,"column":0}},"5":{"start":{"line":6,"column":0},"end":{"line":6,"column":52}},"6":{"start":{"line":7,"column":0},"end":{"line":7,"column":14}},"7":{"start":{"line":8,"column":0},"end":{"line":8,"column":11}},"8":{"start":{"line":9,"column":0},"end":{"line":9,"column":16}},"9":{"start":{"line":10,"column":0},"end":{"line":10,"column":1}}},"s":{"0":0,"1":0,"2":0,"3":0,"4":0,"5":0,"6":0,"7":0,"8":0,"9":0},"branchMap":{"0":{"type":"branch","line":1,"loc":{"start":{"line":1,"column":229},"end":{"line":10,"column":1}},"locations":[{"start":{"line":1,"column":229},"end":{"line":10,"column":1}}]}},"b":{"0":[0]},"fnMap":{"0":{"name":"(empty-report)","decl":{"start":{"line":1,"column":229},"end":{"line":10,"column":1}},"loc":{"start":{"line":1,"column":229},"end":{"line":10,"column":1}},"line":1}},"f":{"0":0}}
,"/home/goncalo/Desktop/1S_3M/TQS/projeto/CraftingStable/frontend/src/components/Header.tsx": {"path":"/home/goncalo/Desktop/1S_3M/TQS/projeto/CraftingStable/frontend/src/components/Header.tsx","all":false,"statementMap":{"0":{"start":{"line":1,"column":0},"end":{"line":1,"column":51}},"1":{"start":{"line":2,"column":0},"end":{"line":2,"column":53}},"2":{"start":{"line":3,"column":0},"end":{"line":3,"column":51}},"3":{"start":{"line":4,"column":0},"end":{"line":4,"column":0}},"4":{"start":{"line":5,"column":0},"end":{"line":5,"column":54}},"5":{"start":{"line":6,"column":0},"end":{"line":6,"column":35}},"6":{"start":{"line":7,"column":0},"end":{"line":7,"column":0}},"7":{"start":{"line":8,"column":0},"end":{"line":8,"column":39}},"8":{"start":{"line":9,"column":0},"end":{"line":9,"column":13}},"9":{"start":{"line":10,"column":0},"end":{"line":10,"column":63}},"10":{"start":{"line":11,"column":0},"end":{"line":11,"column":34}},"11":{"start":{"line":12,"column":0},"end":{"line":12,"column":0}},"12":{"start":{"line":13,"column":0},"end":{"line":13,"column":68}},"13":{"start":{"line":14,"column":0},"end":{"line":14,"column":38}},"14":{"start":{"line":15,"column":0},"end":{"line":15,"column":0}},"15":{"start":{"line":16,"column":0},"end":{"line":16,"column":39}},"16":{"start":{"line":17,"column":0},"end":{"line":17,"column":17}},"17":{"start":{"line":18,"column":0},"end":{"line":18,"column":24}},"18":{"start":{"line":19,"column":0},"end":{"line":19,"column":9}},"19":{"start":{"line":20,"column":0},"end":{"line":20,"column":6}},"20":{"start":{"line":21,"column":0},"end":{"line":21,"column":0}},"21":{"start":{"line":22,"column":0},"end":{"line":22,"column":110}},"22":{"start":{"line":23,"column":0},"end":{"line":23,"column":0}},"23":{"start":{"line":24,"column":0},"end":{"line":24,"column":21}},"24":{"start":{"line":25,"column":0},"end":{"line":25,"column":40}},"25":{"start":{"line":26,"column":0},"end":{"line":26,"column":43}},"26":{"start":{"line":27,"column":0},"end":{"line":27,"column":10}},"27":{"start":{"line":28,"column":0},"end":{"line":28,"column":0}},"28":{"start":{"line":29,"column":0},"end":{"line":29,"column":65}},"29":{"start":{"line":30,"column":0},"end":{"line":30,"column":69}},"30":{"start":{"line":31,"column":0},"end":{"line":31,"column":0}},"31":{"start":{"line":32,"column":0},"end":{"line":32,"column":22}},"32":{"start":{"line":33,"column":0},"end":{"line":33,"column":72}},"33":{"start":{"line":34,"column":0},"end":{"line":34,"column":76}},"34":{"start":{"line":35,"column":0},"end":{"line":35,"column":10}},"35":{"start":{"line":36,"column":0},"end":{"line":36,"column":11}},"36":{"start":{"line":37,"column":0},"end":{"line":37,"column":0}},"37":{"start":{"line":38,"column":0},"end":{"line":38,"column":32}},"38":{"start":{"line":39,"column":0},"end":{"line":39,"column":50}},"39":{"start":{"line":40,"column":0},"end":{"line":40,"column":51}},"40":{"start":{"line":41,"column":0},"end":{"line":41,"column":22}},"41":{"start":{"line":42,"column":0},"end":{"line":42,"column":0}},"42":{"start":{"line":43,"column":0},"end":{"line":43,"column":59}},"43":{"start":{"line":44,"column":0},"end":{"line":44,"column":0}},"44":{"start":{"line":45,"column":0},"end":{"line":45,"column":22}},"45":{"start":{"line":46,"column":0},"end":{"line":46,"column":6}},"46":{"start":{"line":47,"column":0},"end":{"line":47,"column":0}},"47":{"start":{"line":48,"column":0},"end":{"line":48,"column":57}},"48":{"start":{"line":49,"column":0},"end":{"line":49,"column":17}},"49":{"start":{"line":50,"column":0},"end":{"line":50,"column":26}},"50":{"start":{"line":51,"column":0},"end":{"line":51,"column":28}},"51":{"start":{"line":52,"column":0},"end":{"line":52,"column":44}},"52":{"start":{"line":53,"column":0},"end":{"line":53,"column":33}},"53":{"start":{"line":54,"column":0},"end":{"line":54,"column":33}},"54":{"start":{"line":55,"column":0},"end":{"line":55,"column":36}},"55":{"start":{"line":56,"column":0},"end":{"line":56,"column":61}},"56":{"start":{"line":57,"column":0},"end":{"line":57,"column":38}},"57":{"start":{"line":58,"column":0},"end":{"line":58,"column":25}},"58":{"start":{"line":59,"column":0},"end":{"line":59,"column":10}},"59":{"start":{"line":60,"column":0},"end":{"line":60,"column":72}},"60":{"start":{"line":61,"column":0},"end":{"line":61,"column":70}},"61":{"start":{"line":62,"column":0},"end":{"line":62,"column":66}},"62":{"start":{"line":63,"column":0},"end":{"line":63,"column":42}},"63":{"start":{"line":64,"column":0},"end":{"line":64,"column":22}},"64":{"start":{"line":65,"column":0},"end":{"line":65,"column":32}},"65":{"start":{"line":66,"column":0},"end":{"line":66,"column":28}},"66":{"start":{"line":67,"column":0},"end":{"line":67,"column":34}},"67":{"start":{"line":68,"column":0},"end":{"line":68,"column":26}},"68":{"start":{"line":69,"column":0},"end":{"line":69,"column":35}},"69":{"start":{"line":70,"column":0},"end":{"line":70,"column":28}},"70":{"start":{"line":71,"column":0},"end":{"line":71,"column":27}},"71":{"start":{"line":72,"column":0},"end":{"line":72,"column":29}},"72":{"start":{"line":73,"column":0},"end":{"line":73,"column":10}},"73":{"start":{"line":74,"column":0},"end":{"line":74,"column":17}},"74":{"start":{"line":75,"column":0},"end":{"line":75,"column":22}},"75":{"start":{"line":76,"column":0},"end":{"line":76,"column":23}},"76":{"start":{"line":77,"column":0},"end":{"line":77,"column":29}},"77":{"start":{"line":78,"column":0},"end":{"line":78,"column":34}},"78":{"start":{"line":79,"column":0},"end":{"line":79,"column":28}},"79":{"start":{"line":80,"column":0},"end":{"line":80,"column":33}},"80":{"start":{"line":81,"column":0},"end":{"line":81,"column":37}},"81":{"start":{"line":82,"column":0},"end":{"line":82,"column":26}},"82":{"start":{"line":83,"column":0},"end":{"line":83,"column":28}},"83":{"start":{"line":84,"column":0},"end":{"line":84,"column":29}},"84":{"start":{"line":85,"column":0},"end":{"line":85,"column":10}},"85":{"start":{"line":86,"column":0},"end":{"line":86,"column":20}},"86":{"start":{"line":87,"column":0},"end":{"line":87,"column":38}},"87":{"start":{"line":88,"column":0},"end":{"line":88,"column":55}},"88":{"start":{"line":89,"column":0},"end":{"line":89,"column":29}},"89":{"start":{"line":90,"column":0},"end":{"line":90,"column":32}},"90":{"start":{"line":91,"column":0},"end":{"line":91,"column":28}},"91":{"start":{"line":92,"column":0},"end":{"line":92,"column":29}},"92":{"start":{"line":93,"column":0},"end":{"line":93,"column":9}},"93":{"start":{"line":94,"column":0},"end":{"line":94,"column":6}},"94":{"start":{"line":95,"column":0},"end":{"line":95,"column":0}},"95":{"start":{"line":96,"column":0},"end":{"line":96,"column":12}},"96":{"start":{"line":97,"column":0},"end":{"line":97,"column":38}},"97":{"start":{"line":98,"column":0},"end":{"line":98,"column":76}},"98":{"start":{"line":99,"column":0},"end":{"line":99,"column":130}},"99":{"start":{"line":100,"column":0},"end":{"line":100,"column":93}},"100":{"start":{"line":101,"column":0},"end":{"line":101,"column":69}},"101":{"start":{"line":102,"column":0},"end":{"line":102,"column":23}},"102":{"start":{"line":103,"column":0},"end":{"line":103,"column":0}},"103":{"start":{"line":104,"column":0},"end":{"line":104,"column":40}},"104":{"start":{"line":105,"column":0},"end":{"line":105,"column":108}},"105":{"start":{"line":106,"column":0},"end":{"line":106,"column":30}},"106":{"start":{"line":107,"column":0},"end":{"line":107,"column":117}},"107":{"start":{"line":108,"column":0},"end":{"line":108,"column":22}},"108":{"start":{"line":109,"column":0},"end":{"line":109,"column":48}},"109":{"start":{"line":110,"column":0},"end":{"line":110,"column":107}},"110":{"start":{"line":111,"column":0},"end":{"line":111,"column":22}},"111":{"start":{"line":112,"column":0},"end":{"line":112,"column":103}},"112":{"start":{"line":113,"column":0},"end":{"line":113,"column":22}},"113":{"start":{"line":114,"column":0},"end":{"line":114,"column":18}},"114":{"start":{"line":115,"column":0},"end":{"line":115,"column":0}},"115":{"start":{"line":116,"column":0},"end":{"line":116,"column":44}},"116":{"start":{"line":117,"column":0},"end":{"line":117,"column":25}},"117":{"start":{"line":118,"column":0},"end":{"line":118,"column":22}},"118":{"start":{"line":119,"column":0},"end":{"line":119,"column":114}},"119":{"start":{"line":120,"column":0},"end":{"line":120,"column":55}},"120":{"start":{"line":121,"column":0},"end":{"line":121,"column":86}},"121":{"start":{"line":122,"column":0},"end":{"line":122,"column":34}},"122":{"start":{"line":123,"column":0},"end":{"line":123,"column":31}},"123":{"start":{"line":124,"column":0},"end":{"line":124,"column":111}},"124":{"start":{"line":125,"column":0},"end":{"line":125,"column":23}},"125":{"start":{"line":126,"column":0},"end":{"line":126,"column":21}},"126":{"start":{"line":127,"column":0},"end":{"line":127,"column":90}},"127":{"start":{"line":128,"column":0},"end":{"line":128,"column":18}},"128":{"start":{"line":129,"column":0},"end":{"line":129,"column":18}},"129":{"start":{"line":130,"column":0},"end":{"line":130,"column":17}},"130":{"start":{"line":131,"column":0},"end":{"line":131,"column":6}},"131":{"start":{"line":132,"column":0},"end":{"line":132,"column":1}}},"s":{"0":1,"1":1,"2":1,"3":1,"4":45,"5":45,"6":45,"7":45,"8":19,"9":19,"10":19,"11":8,"12":8,"13":12,"14":8,"15":8,"16":12,"17":1,"18":1,"19":19,"20":45,"21":45,"22":45,"23":45,"24":17,"25":2,"26":2,"27":17,"28":17,"29":17,"30":17,"31":17,"32":17,"33":17,"34":17,"35":45,"36":45,"37":45,"38":1,"39":1,"40":1,"41":1,"42":1,"43":1,"44":1,"45":1,"46":45,"47":45,"48":45,"49":45,"50":45,"51":45,"52":45,"53":45,"54":45,"55":45,"56":45,"57":45,"58":45,"59":45,"60":45,"61":45,"62":45,"63":45,"64":45,"65":45,"66":45,"67":45,"68":45,"69":45,"70":45,"71":45,"72":45,"73":45,"74":45,"75":45,"76":45,"77":45,"78":45,"79":45,"80":45,"81":45,"82":45,"83":45,"84":45,"85":45,"86":45,"87":45,"88":45,"89":45,"90":45,"91":45,"92":45,"93":45,"94":45,"95":45,"96":45,"97":45,"98":45,"99":45,"100":45,"101":45,"102":45,"103":45,"104":45,"105":45,"106":7,"107":45,"108":45,"109":1,"110":45,"111":45,"112":45,"113":45,"114":45,"115":45,"116":45,"117":7,"118":7,"119":7,"120":7,"121":7,"122":7,"123":7,"124":7,"125":38,"126":38,"127":45,"128":45,"129":45,"130":45,"131":45},"branchMap":{"0":{"type":"branch","line":5,"loc":{"start":{"line":5,"column":0},"end":{"line":132,"column":1}},"locations":[{"start":{"line":5,"column":0},"end":{"line":132,"column":1}}]},"1":{"type":"branch","line":106,"loc":{"start":{"line":106,"column":21},"end":{"line":107,"column":117}},"locations":[{"start":{"line":106,"column":21},"end":{"line":107,"column":117}}]},"2":{"type":"branch","line":109,"loc":{"start":{"line":109,"column":21},"end":{"line":109,"column":36}},"locations":[{"start":{"line":109,"column":21},"end":{"line":109,"column":36}}]},"3":{"type":"branch","line":109,"loc":{"start":{"line":109,"column":36},"end":{"line":110,"column":107}},"locations":[{"start":{"line":109,"column":36},"end":{"line":110,"column":107}}]},"4":{"type":"branch","line":117,"loc":{"start":{"line":117,"column":17},"end":{"line":125,"column":23}},"locations":[{"start":{"line":117,"column":17},"end":{"line":125,"column":23}}]},"5":{"type":"branch","line":121,"loc":{"start":{"line":121,"column":78},"end":{"line":121,"column":86}},"locations":[{"start":{"line":121,"column":78},"end":{"line":121,"column":86}}]},"6":{"type":"branch","line":125,"loc":{"start":{"line":125,"column":20},"end":{"line":127,"column":90}},"locations":[{"start":{"line":125,"column":20},"end":{"line":127,"column":90}}]},"7":{"type":"branch","line":8,"loc":{"start":{"line":8,"column":32},"end":{"line":20,"column":6}},"locations":[{"start":{"line":8,"column":32},"end":{"line":20,"column":6}}]},"8":{"type":"branch","line":11,"loc":{"start":{"line":11,"column":22},"end":{"line":11,"column":34}},"locations":[{"start":{"line":11,"column":22},"end":{"line":11,"column":34}}]},"9":{"type":"branch","line":11,"loc":{"start":{"line":11,"column":29},"end":{"line":19,"column":9}},"locations":[{"start":{"line":11,"column":29},"end":{"line":19,"column":9}}]},"10":{"type":"branch","line":11,"loc":{"start":{"line":11,"column":29},"end":{"line":14,"column":33}},"locations":[{"start":{"line":11,"column":29},"end":{"line":14,"column":33}}]},"11":{"type":"branch","line":14,"loc":{"start":{"line":14,"column":26},"end":{"line":14,"column":38}},"locations":[{"start":{"line":14,"column":26},"end":{"line":14,"column":38}}]},"12":{"type":"branch","line":14,"loc":{"start":{"line":14,"column":33},"end":{"line":17,"column":16}},"locations":[{"start":{"line":14,"column":33},"end":{"line":17,"column":16}}]},"13":{"type":"branch","line":17,"loc":{"start":{"line":17,"column":8},"end":{"line":19,"column":9}},"locations":[{"start":{"line":17,"column":8},"end":{"line":19,"column":9}}]},"14":{"type":"branch","line":22,"loc":{"start":{"line":22,"column":81},"end":{"line":22,"column":108}},"locations":[{"start":{"line":22,"column":81},"end":{"line":22,"column":108}}]},"15":{"type":"branch","line":24,"loc":{"start":{"line":24,"column":14},"end":{"line":36,"column":7}},"locations":[{"start":{"line":24,"column":14},"end":{"line":36,"column":7}}]},"16":{"type":"branch","line":25,"loc":{"start":{"line":25,"column":33},"end":{"line":27,"column":10}},"locations":[{"start":{"line":25,"column":33},"end":{"line":27,"column":10}}]},"17":{"type":"branch","line":32,"loc":{"start":{"line":32,"column":15},"end":{"line":35,"column":10}},"locations":[{"start":{"line":32,"column":15},"end":{"line":35,"column":10}}]},"18":{"type":"branch","line":38,"loc":{"start":{"line":38,"column":25},"end":{"line":46,"column":6}},"locations":[{"start":{"line":38,"column":25},"end":{"line":46,"column":6}}]}},"b":{"0":[45],"1":[7],"2":[7],"3":[1],"4":[7],"5":[0],"6":[38],"7":[19],"8":[11],"9":[12],"10":[8],"11":[0],"12":[8],"13":[1],"14":[17],"15":[17],"16":[2],"17":[17],"18":[1]},"fnMap":{"0":{"name":"Header","decl":{"start":{"line":5,"column":0},"end":{"line":132,"column":1}},"loc":{"start":{"line":5,"column":0},"end":{"line":132,"column":1}},"line":5},"1":{"name":"readUserFromStorage","decl":{"start":{"line":8,"column":32},"end":{"line":20,"column":6}},"loc":{"start":{"line":8,"column":32},"end":{"line":20,"column":6}},"line":8},"2":{"name":"handleAuthChange","decl":{"start":{"line":25,"column":33},"end":{"line":27,"column":10}},"loc":{"start":{"line":25,"column":33},"end":{"line":27,"column":10}},"line":25},"3":{"name":"handleLogout","decl":{"start":{"line":38,"column":25},"end":{"line":46,"column":6}},"loc":{"start":{"line":38,"column":25},"end":{"line":46,"column":6}},"line":38}},"f":{"0":45,"1":19,"2":2,"3":1}}
,"/home/goncalo/Desktop/1S_3M/TQS/projeto/CraftingStable/frontend/src/components/LoadingScreen.tsx": {"path":"/home/goncalo/Desktop/1S_3M/TQS/projeto/CraftingStable/frontend/src/components/LoadingScreen.tsx","all":false,"statementMap":{"0":{"start":{"line":1,"column":0},"end":{"line":1,"column":26}},"1":{"start":{"line":2,"column":0},"end":{"line":2,"column":27}},"2":{"start":{"line":3,"column":0},"end":{"line":3,"column":0}},"3":{"start":{"line":4,"column":0},"end":{"line":4,"column":39}},"4":{"start":{"line":5,"column":0},"end":{"line":5,"column":8}},"5":{"start":{"line":6,"column":0},"end":{"line":6,"column":19}},"6":{"start":{"line":7,"column":0},"end":{"line":7,"column":20}},"7":{"start":{"line":8,"column":0},"end":{"line":8,"column":29}},"8":{"start":{"line":9,"column":0},"end":{"line":9,"column":42}},"9":{"start":{"line":10,"column":0},"end":{"line":10,"column":18}},"10":{"start":{"line":11,"column":0},"end":{"line":11,"column":28}},"11":{"start":{"line":12,"column":0},"end":{"line":12,"column":5}},"12":{"start":{"line":13,"column":0},"end":{"line":13,"column":26}},"13":{"start":{"line":14,"column":0},"end":{"line":14,"column":13}},"14":{"start":{"line":15,"column":0},"end":{"line":15,"column":26}},"15":{"start":{"line":16,"column":0},"end":{"line":16,"column":31}},"16":{"start":{"line":17,"column":0},"end":{"line":17,"column":115}},"17":{"start":{"line":18,"column":0},"end":{"line":18,"column":105}},"18":{"start":{"line":19,"column":0},"end":{"line":19,"column":122}},"19":{"start":{"line":20,"column":0},"end":{"line":20,"column":125}},"20":{"start":{"line":21,"column":0},"end":{"line":21,"column":121}},"21":{"start":{"line":22,"column":0},"end":{"line":22,"column":125}},"22":{"start":{"line":23,"column":0},"end":{"line":23,"column":126}},"23":{"start":{"line":24,"column":0},"end":{"line":24,"column":127}},"24":{"start":{"line":25,"column":0},"end":{"line":25,"column":126}},"25":{"start":{"line":26,"column":0},"end":{"line":26,"column":106}},"26":{"start":{"line":27,"column":0},"end":{"line":27,"column":123}},"27":{"start":{"line":28,"column":0},"end":{"line":28,"column":127}},"28":{"start":{"line":29,"column":0},"end":{"line":29,"column":124}},"29":{"start":{"line":30,"column":0},"end":{"line":30,"column":103}},"30":{"start":{"line":31,"column":0},"end":{"line":31,"column":126}},"31":{"start":{"line":32,"column":0},"end":{"line":32,"column":125}},"32":{"start":{"line":33,"column":0},"end":{"line":33,"column":102}},"33":{"start":{"line":34,"column":0},"end":{"line":34,"column":122}},"34":{"start":{"line":35,"column":0},"end":{"line":35,"column":125}},"35":{"start":{"line":36,"column":0},"end":{"line":36,"column":126}},"36":{"start":{"line":37,"column":0},"end":{"line":37,"column":126}},"37":{"start":{"line":38,"column":0},"end":{"line":38,"column":121}},"38":{"start":{"line":39,"column":0},"end":{"line":39,"column":109}},"39":{"start":{"line":40,"column":0},"end":{"line":40,"column":120}},"40":{"start":{"line":41,"column":0},"end":{"line":41,"column":102}},"41":{"start":{"line":42,"column":0},"end":{"line":42,"column":10}},"42":{"start":{"line":43,"column":0},"end":{"line":43,"column":0}},"43":{"start":{"line":44,"column":0},"end":{"line":44,"column":27}},"44":{"start":{"line":45,"column":0},"end":{"line":45,"column":13}},"45":{"start":{"line":46,"column":0},"end":{"line":46,"column":26}},"46":{"start":{"line":47,"column":0},"end":{"line":47,"column":29}},"47":{"start":{"line":48,"column":0},"end":{"line":48,"column":116}},"48":{"start":{"line":49,"column":0},"end":{"line":49,"column":108}},"49":{"start":{"line":50,"column":0},"end":{"line":50,"column":121}},"50":{"start":{"line":51,"column":0},"end":{"line":51,"column":124}},"51":{"start":{"line":52,"column":0},"end":{"line":52,"column":110}},"52":{"start":{"line":53,"column":0},"end":{"line":53,"column":119}},"53":{"start":{"line":54,"column":0},"end":{"line":54,"column":126}},"54":{"start":{"line":55,"column":0},"end":{"line":55,"column":121}},"55":{"start":{"line":56,"column":0},"end":{"line":56,"column":106}},"56":{"start":{"line":57,"column":0},"end":{"line":57,"column":120}},"57":{"start":{"line":58,"column":0},"end":{"line":58,"column":120}},"58":{"start":{"line":59,"column":0},"end":{"line":59,"column":126}},"59":{"start":{"line":60,"column":0},"end":{"line":60,"column":127}},"60":{"start":{"line":61,"column":0},"end":{"line":61,"column":120}},"61":{"start":{"line":62,"column":0},"end":{"line":62,"column":123}},"62":{"start":{"line":63,"column":0},"end":{"line":63,"column":118}},"63":{"start":{"line":64,"column":0},"end":{"line":64,"column":123}},"64":{"start":{"line":65,"column":0},"end":{"line":65,"column":121}},"65":{"start":{"line":66,"column":0},"end":{"line":66,"column":125}},"66":{"start":{"line":67,"column":0},"end":{"line":67,"column":103}},"67":{"start":{"line":68,"column":0},"end":{"line":68,"column":113}},"68":{"start":{"line":69,"column":0},"end":{"line":69,"column":68}},"69":{"start":{"line":70,"column":0},"end":{"line":70,"column":10}},"70":{"start":{"line":71,"column":0},"end":{"line":71,"column":0}},"71":{"start":{"line":72,"column":0},"end":{"line":72,"column":33}},"72":{"start":{"line":73,"column":0},"end":{"line":73,"column":16}},"73":{"start":{"line":74,"column":0},"end":{"line":74,"column":32}},"74":{"start":{"line":75,"column":0},"end":{"line":75,"column":20}},"75":{"start":{"line":76,"column":0},"end":{"line":76,"column":20}},"76":{"start":{"line":77,"column":0},"end":{"line":77,"column":20}},"77":{"start":{"line":78,"column":0},"end":{"line":78,"column":20}},"78":{"start":{"line":79,"column":0},"end":{"line":79,"column":73}},"79":{"start":{"line":80,"column":0},"end":{"line":80,"column":10}},"80":{"start":{"line":81,"column":0},"end":{"line":81,"column":0}},"81":{"start":{"line":82,"column":0},"end":{"line":82,"column":33}},"82":{"start":{"line":83,"column":0},"end":{"line":83,"column":16}},"83":{"start":{"line":84,"column":0},"end":{"line":84,"column":32}},"84":{"start":{"line":85,"column":0},"end":{"line":85,"column":20}},"85":{"start":{"line":86,"column":0},"end":{"line":86,"column":20}},"86":{"start":{"line":87,"column":0},"end":{"line":87,"column":20}},"87":{"start":{"line":88,"column":0},"end":{"line":88,"column":20}},"88":{"start":{"line":89,"column":0},"end":{"line":89,"column":73}},"89":{"start":{"line":90,"column":0},"end":{"line":90,"column":10}},"90":{"start":{"line":91,"column":0},"end":{"line":91,"column":0}},"91":{"start":{"line":92,"column":0},"end":{"line":92,"column":33}},"92":{"start":{"line":93,"column":0},"end":{"line":93,"column":16}},"93":{"start":{"line":94,"column":0},"end":{"line":94,"column":31}},"94":{"start":{"line":95,"column":0},"end":{"line":95,"column":20}},"95":{"start":{"line":96,"column":0},"end":{"line":96,"column":20}},"96":{"start":{"line":97,"column":0},"end":{"line":97,"column":20}},"97":{"start":{"line":98,"column":0},"end":{"line":98,"column":20}},"98":{"start":{"line":99,"column":0},"end":{"line":99,"column":73}},"99":{"start":{"line":100,"column":0},"end":{"line":100,"column":10}},"100":{"start":{"line":101,"column":0},"end":{"line":101,"column":0}},"101":{"start":{"line":102,"column":0},"end":{"line":102,"column":31}},"102":{"start":{"line":103,"column":0},"end":{"line":103,"column":16}},"103":{"start":{"line":104,"column":0},"end":{"line":104,"column":30}},"104":{"start":{"line":105,"column":0},"end":{"line":105,"column":20}},"105":{"start":{"line":106,"column":0},"end":{"line":106,"column":20}},"106":{"start":{"line":107,"column":0},"end":{"line":107,"column":19}},"107":{"start":{"line":108,"column":0},"end":{"line":108,"column":18}},"108":{"start":{"line":109,"column":0},"end":{"line":109,"column":73}},"109":{"start":{"line":110,"column":0},"end":{"line":110,"column":10}},"110":{"start":{"line":111,"column":0},"end":{"line":111,"column":16}},"111":{"start":{"line":112,"column":0},"end":{"line":112,"column":30}},"112":{"start":{"line":113,"column":0},"end":{"line":113,"column":20}},"113":{"start":{"line":114,"column":0},"end":{"line":114,"column":20}},"114":{"start":{"line":115,"column":0},"end":{"line":115,"column":19}},"115":{"start":{"line":116,"column":0},"end":{"line":116,"column":18}},"116":{"start":{"line":117,"column":0},"end":{"line":117,"column":73}},"117":{"start":{"line":118,"column":0},"end":{"line":118,"column":10}},"118":{"start":{"line":119,"column":0},"end":{"line":119,"column":16}},"119":{"start":{"line":120,"column":0},"end":{"line":120,"column":30}},"120":{"start":{"line":121,"column":0},"end":{"line":121,"column":20}},"121":{"start":{"line":122,"column":0},"end":{"line":122,"column":20}},"122":{"start":{"line":123,"column":0},"end":{"line":123,"column":20}},"123":{"start":{"line":124,"column":0},"end":{"line":124,"column":18}},"124":{"start":{"line":125,"column":0},"end":{"line":125,"column":73}},"125":{"start":{"line":126,"column":0},"end":{"line":126,"column":10}},"126":{"start":{"line":127,"column":0},"end":{"line":127,"column":16}},"127":{"start":{"line":128,"column":0},"end":{"line":128,"column":30}},"128":{"start":{"line":129,"column":0},"end":{"line":129,"column":20}},"129":{"start":{"line":130,"column":0},"end":{"line":130,"column":20}},"130":{"start":{"line":131,"column":0},"end":{"line":131,"column":19}},"131":{"start":{"line":132,"column":0},"end":{"line":132,"column":18}},"132":{"start":{"line":133,"column":0},"end":{"line":133,"column":73}},"133":{"start":{"line":134,"column":0},"end":{"line":134,"column":10}},"134":{"start":{"line":135,"column":0},"end":{"line":135,"column":16}},"135":{"start":{"line":136,"column":0},"end":{"line":136,"column":30}},"136":{"start":{"line":137,"column":0},"end":{"line":137,"column":20}},"137":{"start":{"line":138,"column":0},"end":{"line":138,"column":20}},"138":{"start":{"line":139,"column":0},"end":{"line":139,"column":19}},"139":{"start":{"line":140,"column":0},"end":{"line":140,"column":18}},"140":{"start":{"line":141,"column":0},"end":{"line":141,"column":73}},"141":{"start":{"line":142,"column":0},"end":{"line":142,"column":10}},"142":{"start":{"line":143,"column":0},"end":{"line":143,"column":10}},"143":{"start":{"line":144,"column":0},"end":{"line":144,"column":2}},"144":{"start":{"line":145,"column":0},"end":{"line":145,"column":0}},"145":{"start":{"line":146,"column":0},"end":{"line":146,"column":29}}},"s":{"0":1,"1":1,"2":1,"3":1,"4":21,"5":21,"6":21,"7":21,"8":21,"9":21,"10":21,"11":21,"12":21,"13":21,"14":21,"15":21,"16":21,"17":21,"18":21,"19":21,"20":21,"21":21,"22":21,"23":21,"24":21,"25":21,"26":21,"27":21,"28":21,"29":21,"30":21,"31":21,"32":21,"33":21,"34":21,"35":21,"36":21,"37":21,"38":21,"39":21,"40":21,"41":21,"42":21,"43":21,"44":21,"45":21,"46":21,"47":21,"48":21,"49":21,"50":21,"51":21,"52":21,"53":21,"54":21,"55":21,"56":21,"57":21,"58":21,"59":21,"60":21,"61":21,"62":21,"63":21,"64":21,"65":21,"66":21,"67":21,"68":21,"69":21,"70":21,"71":21,"72":21,"73":21,"74":21,"75":21,"76":21,"77":21,"78":21,"79":21,"80":21,"81":21,"82":21,"83":21,"84":21,"85":21,"86":21,"87":21,"88":21,"89":21,"90":21,"91":21,"92":21,"93":21,"94":21,"95":21,"96":21,"97":21,"98":21,"99":21,"100":21,"101":21,"102":21,"103":21,"104":21,"105":21,"106":21,"107":21,"108":21,"109":21,"110":21,"111":21,"112":21,"113":21,"114":21,"115":21,"116":21,"117":21,"118":21,"119":21,"120":21,"121":21,"122":21,"123":21,"124":21,"125":21,"126":21,"127":21,"128":21,"129":21,"130":21,"131":21,"132":21,"133":21,"134":21,"135":21,"136":21,"137":21,"138":21,"139":21,"140":21,"141":21,"142":21,"143":1,"144":1,"145":1},"branchMap":{"0":{"type":"branch","line":4,"loc":{"start":{"line":4,"column":32},"end":{"line":143,"column":10}},"locations":[{"start":{"line":4,"column":32},"end":{"line":143,"column":10}}]}},"b":{"0":[21]},"fnMap":{"0":{"name":"LoadingScreen","decl":{"start":{"line":4,"column":32},"end":{"line":143,"column":10}},"loc":{"start":{"line":4,"column":32},"end":{"line":143,"column":10}},"line":4}},"f":{"0":21}}
,"/home/goncalo/Desktop/1S_3M/TQS/projeto/CraftingStable/frontend/src/components/PayPalCheckout.tsx": {"path":"/home/goncalo/Desktop/1S_3M/TQS/projeto/CraftingStable/frontend/src/components/PayPalCheckout.tsx","all":false,"statementMap":{"0":{"start":{"line":1,"column":0},"end":{"line":1,"column":51}},"1":{"start":{"line":2,"column":0},"end":{"line":2,"column":78}},"2":{"start":{"line":3,"column":0},"end":{"line":3,"column":0}},"3":{"start":{"line":4,"column":0},"end":{"line":4,"column":39}},"4":{"start":{"line":5,"column":0},"end":{"line":5,"column":19}},"5":{"start":{"line":6,"column":0},"end":{"line":6,"column":19}},"6":{"start":{"line":7,"column":0},"end":{"line":7,"column":22}},"7":{"start":{"line":8,"column":0},"end":{"line":8,"column":25}},"8":{"start":{"line":9,"column":0},"end":{"line":9,"column":50}},"9":{"start":{"line":10,"column":0},"end":{"line":10,"column":37}},"10":{"start":{"line":11,"column":0},"end":{"line":11,"column":26}},"11":{"start":{"line":12,"column":0},"end":{"line":12,"column":1}},"12":{"start":{"line":13,"column":0},"end":{"line":13,"column":0}},"13":{"start":{"line":14,"column":0},"end":{"line":14,"column":38}},"14":{"start":{"line":15,"column":0},"end":{"line":15,"column":19}},"15":{"start":{"line":16,"column":0},"end":{"line":16,"column":19}},"16":{"start":{"line":17,"column":0},"end":{"line":17,"column":22}},"17":{"start":{"line":18,"column":0},"end":{"line":18,"column":20}},"18":{"start":{"line":19,"column":0},"end":{"line":19,"column":22}},"19":{"start":{"line":20,"column":0},"end":{"line":20,"column":25}},"20":{"start":{"line":21,"column":0},"end":{"line":21,"column":51}},"21":{"start":{"line":22,"column":0},"end":{"line":22,"column":37}},"22":{"start":{"line":23,"column":0},"end":{"line":23,"column":26}},"23":{"start":{"line":24,"column":0},"end":{"line":24,"column":23}},"24":{"start":{"line":25,"column":0},"end":{"line":25,"column":1}},"25":{"start":{"line":26,"column":0},"end":{"line":26,"column":0}},"26":{"start":{"line":27,"column":0},"end":{"line":27,"column":91}},"27":{"start":{"line":28,"column":0},"end":{"line":28,"column":0}},"28":{"start":{"line":29,"column":0},"end":{"line":29,"column":30}},"29":{"start":{"line":30,"column":0},"end":{"line":30,"column":20}},"30":{"start":{"line":31,"column":0},"end":{"line":31,"column":19}},"31":{"start":{"line":32,"column":0},"end":{"line":32,"column":20}},"32":{"start":{"line":33,"column":0},"end":{"line":33,"column":23}},"33":{"start":{"line":34,"column":0},"end":{"line":34,"column":19}},"34":{"start":{"line":35,"column":0},"end":{"line":35,"column":21}},"35":{"start":{"line":36,"column":0},"end":{"line":36,"column":22}},"36":{"start":{"line":37,"column":0},"end":{"line":37,"column":19}},"37":{"start":{"line":38,"column":0},"end":{"line":38,"column":1}},"38":{"start":{"line":39,"column":0},"end":{"line":39,"column":0}},"39":{"start":{"line":40,"column":0},"end":{"line":40,"column":34}},"40":{"start":{"line":41,"column":0},"end":{"line":41,"column":19}},"41":{"start":{"line":42,"column":0},"end":{"line":42,"column":19}},"42":{"start":{"line":43,"column":0},"end":{"line":43,"column":19}},"43":{"start":{"line":44,"column":0},"end":{"line":44,"column":22}},"44":{"start":{"line":45,"column":0},"end":{"line":45,"column":20}},"45":{"start":{"line":46,"column":0},"end":{"line":46,"column":23}},"46":{"start":{"line":47,"column":0},"end":{"line":47,"column":26}},"47":{"start":{"line":48,"column":0},"end":{"line":48,"column":28}},"48":{"start":{"line":49,"column":0},"end":{"line":49,"column":1}},"49":{"start":{"line":50,"column":0},"end":{"line":50,"column":0}},"50":{"start":{"line":51,"column":0},"end":{"line":51,"column":31}},"51":{"start":{"line":52,"column":0},"end":{"line":52,"column":20}},"52":{"start":{"line":53,"column":0},"end":{"line":53,"column":19}},"53":{"start":{"line":54,"column":0},"end":{"line":54,"column":21}},"54":{"start":{"line":55,"column":0},"end":{"line":55,"column":24}},"55":{"start":{"line":56,"column":0},"end":{"line":56,"column":20}},"56":{"start":{"line":57,"column":0},"end":{"line":57,"column":19}},"57":{"start":{"line":58,"column":0},"end":{"line":58,"column":24}},"58":{"start":{"line":59,"column":0},"end":{"line":59,"column":1}},"59":{"start":{"line":60,"column":0},"end":{"line":60,"column":0}},"60":{"start":{"line":61,"column":0},"end":{"line":61,"column":39}},"61":{"start":{"line":62,"column":0},"end":{"line":62,"column":64}},"62":{"start":{"line":63,"column":0},"end":{"line":63,"column":66}},"63":{"start":{"line":64,"column":0},"end":{"line":64,"column":39}},"64":{"start":{"line":65,"column":0},"end":{"line":65,"column":1}},"65":{"start":{"line":66,"column":0},"end":{"line":66,"column":0}},"66":{"start":{"line":67,"column":0},"end":{"line":67,"column":34}},"67":{"start":{"line":68,"column":0},"end":{"line":68,"column":59}},"68":{"start":{"line":69,"column":0},"end":{"line":69,"column":1}},"69":{"start":{"line":70,"column":0},"end":{"line":70,"column":0}},"70":{"start":{"line":71,"column":0},"end":{"line":71,"column":89}},"71":{"start":{"line":72,"column":0},"end":{"line":72,"column":75}},"72":{"start":{"line":73,"column":0},"end":{"line":73,"column":1}},"73":{"start":{"line":74,"column":0},"end":{"line":74,"column":0}},"74":{"start":{"line":75,"column":0},"end":{"line":75,"column":68}},"75":{"start":{"line":76,"column":0},"end":{"line":76,"column":50}},"76":{"start":{"line":77,"column":0},"end":{"line":77,"column":53}},"77":{"start":{"line":78,"column":0},"end":{"line":78,"column":48}},"78":{"start":{"line":79,"column":0},"end":{"line":79,"column":9}},"79":{"start":{"line":80,"column":0},"end":{"line":80,"column":71}},"80":{"start":{"line":81,"column":0},"end":{"line":81,"column":37}},"81":{"start":{"line":82,"column":0},"end":{"line":82,"column":13}},"82":{"start":{"line":83,"column":0},"end":{"line":83,"column":35}},"83":{"start":{"line":84,"column":0},"end":{"line":84,"column":5}},"84":{"start":{"line":85,"column":0},"end":{"line":85,"column":1}},"85":{"start":{"line":86,"column":0},"end":{"line":86,"column":0}},"86":{"start":{"line":87,"column":0},"end":{"line":87,"column":92}},"87":{"start":{"line":88,"column":0},"end":{"line":88,"column":16}},"88":{"start":{"line":89,"column":0},"end":{"line":89,"column":35}},"89":{"start":{"line":90,"column":0},"end":{"line":90,"column":49}},"90":{"start":{"line":91,"column":0},"end":{"line":91,"column":29}},"91":{"start":{"line":92,"column":0},"end":{"line":92,"column":6}},"92":{"start":{"line":93,"column":0},"end":{"line":93,"column":36}},"93":{"start":{"line":94,"column":0},"end":{"line":94,"column":49}},"94":{"start":{"line":95,"column":0},"end":{"line":95,"column":31}},"95":{"start":{"line":96,"column":0},"end":{"line":96,"column":5}},"96":{"start":{"line":97,"column":0},"end":{"line":97,"column":2}},"97":{"start":{"line":98,"column":0},"end":{"line":98,"column":0}},"98":{"start":{"line":99,"column":0},"end":{"line":99,"column":66}},"99":{"start":{"line":100,"column":0},"end":{"line":100,"column":11}},"100":{"start":{"line":101,"column":0},"end":{"line":101,"column":15}},"101":{"start":{"line":102,"column":0},"end":{"line":102,"column":25}},"102":{"start":{"line":103,"column":0},"end":{"line":103,"column":20}},"103":{"start":{"line":104,"column":0},"end":{"line":104,"column":16}},"104":{"start":{"line":105,"column":0},"end":{"line":105,"column":16}},"105":{"start":{"line":106,"column":0},"end":{"line":106,"column":14}},"106":{"start":{"line":107,"column":0},"end":{"line":107,"column":0}},"107":{"start":{"line":108,"column":0},"end":{"line":108,"column":57}},"108":{"start":{"line":109,"column":0},"end":{"line":109,"column":49}},"109":{"start":{"line":110,"column":0},"end":{"line":110,"column":0}},"110":{"start":{"line":111,"column":0},"end":{"line":111,"column":21}},"111":{"start":{"line":112,"column":0},"end":{"line":112,"column":97}},"112":{"start":{"line":113,"column":0},"end":{"line":113,"column":36}},"113":{"start":{"line":114,"column":0},"end":{"line":114,"column":26}},"114":{"start":{"line":115,"column":0},"end":{"line":115,"column":11}},"115":{"start":{"line":116,"column":0},"end":{"line":116,"column":0}},"116":{"start":{"line":117,"column":0},"end":{"line":117,"column":54}},"117":{"start":{"line":118,"column":0},"end":{"line":118,"column":29}},"118":{"start":{"line":119,"column":0},"end":{"line":119,"column":19}},"119":{"start":{"line":120,"column":0},"end":{"line":120,"column":72}},"120":{"start":{"line":121,"column":0},"end":{"line":121,"column":55}},"121":{"start":{"line":122,"column":0},"end":{"line":122,"column":9}},"122":{"start":{"line":123,"column":0},"end":{"line":123,"column":0}},"123":{"start":{"line":124,"column":0},"end":{"line":124,"column":13}},"124":{"start":{"line":125,"column":0},"end":{"line":125,"column":36}},"125":{"start":{"line":126,"column":0},"end":{"line":126,"column":39}},"126":{"start":{"line":127,"column":0},"end":{"line":127,"column":32}},"127":{"start":{"line":128,"column":0},"end":{"line":128,"column":20}},"128":{"start":{"line":129,"column":0},"end":{"line":129,"column":43}},"129":{"start":{"line":130,"column":0},"end":{"line":130,"column":13}},"130":{"start":{"line":131,"column":0},"end":{"line":131,"column":0}},"131":{"start":{"line":132,"column":0},"end":{"line":132,"column":48}},"132":{"start":{"line":133,"column":0},"end":{"line":133,"column":47}},"133":{"start":{"line":134,"column":0},"end":{"line":134,"column":31}},"134":{"start":{"line":135,"column":0},"end":{"line":135,"column":35}},"135":{"start":{"line":136,"column":0},"end":{"line":136,"column":15}},"136":{"start":{"line":137,"column":0},"end":{"line":137,"column":0}},"137":{"start":{"line":138,"column":0},"end":{"line":138,"column":30}},"138":{"start":{"line":139,"column":0},"end":{"line":139,"column":58}},"139":{"start":{"line":140,"column":0},"end":{"line":140,"column":13}},"140":{"start":{"line":141,"column":0},"end":{"line":141,"column":0}},"141":{"start":{"line":142,"column":0},"end":{"line":142,"column":89}},"142":{"start":{"line":143,"column":0},"end":{"line":143,"column":31}},"143":{"start":{"line":144,"column":0},"end":{"line":144,"column":26}},"144":{"start":{"line":145,"column":0},"end":{"line":145,"column":55}},"145":{"start":{"line":146,"column":0},"end":{"line":146,"column":52}},"146":{"start":{"line":147,"column":0},"end":{"line":147,"column":17}},"147":{"start":{"line":148,"column":0},"end":{"line":148,"column":15}},"148":{"start":{"line":149,"column":0},"end":{"line":149,"column":0}},"149":{"start":{"line":150,"column":0},"end":{"line":150,"column":31}},"150":{"start":{"line":151,"column":0},"end":{"line":151,"column":56}},"151":{"start":{"line":152,"column":0},"end":{"line":152,"column":76}},"152":{"start":{"line":153,"column":0},"end":{"line":153,"column":13}},"153":{"start":{"line":154,"column":0},"end":{"line":154,"column":0}},"154":{"start":{"line":155,"column":0},"end":{"line":155,"column":68}},"155":{"start":{"line":156,"column":0},"end":{"line":156,"column":32}},"156":{"start":{"line":157,"column":0},"end":{"line":157,"column":34}},"157":{"start":{"line":158,"column":0},"end":{"line":158,"column":47}},"158":{"start":{"line":159,"column":0},"end":{"line":159,"column":64}},"159":{"start":{"line":160,"column":0},"end":{"line":160,"column":58}},"160":{"start":{"line":161,"column":0},"end":{"line":161,"column":33}},"161":{"start":{"line":162,"column":0},"end":{"line":162,"column":9}},"162":{"start":{"line":163,"column":0},"end":{"line":163,"column":6}},"163":{"start":{"line":164,"column":0},"end":{"line":164,"column":0}},"164":{"start":{"line":165,"column":0},"end":{"line":165,"column":75}},"165":{"start":{"line":166,"column":0},"end":{"line":166,"column":29}},"166":{"start":{"line":167,"column":0},"end":{"line":167,"column":19}},"167":{"start":{"line":168,"column":0},"end":{"line":168,"column":72}},"168":{"start":{"line":169,"column":0},"end":{"line":169,"column":19}},"169":{"start":{"line":170,"column":0},"end":{"line":170,"column":9}},"170":{"start":{"line":171,"column":0},"end":{"line":171,"column":0}},"171":{"start":{"line":172,"column":0},"end":{"line":172,"column":13}},"172":{"start":{"line":173,"column":0},"end":{"line":173,"column":39}},"173":{"start":{"line":174,"column":0},"end":{"line":174,"column":43}},"174":{"start":{"line":175,"column":0},"end":{"line":175,"column":0}},"175":{"start":{"line":176,"column":0},"end":{"line":176,"column":52}},"176":{"start":{"line":177,"column":0},"end":{"line":177,"column":78}},"177":{"start":{"line":178,"column":0},"end":{"line":178,"column":21}},"178":{"start":{"line":179,"column":0},"end":{"line":179,"column":39}},"179":{"start":{"line":180,"column":0},"end":{"line":180,"column":34}},"180":{"start":{"line":181,"column":0},"end":{"line":181,"column":63}},"181":{"start":{"line":182,"column":0},"end":{"line":182,"column":60}},"182":{"start":{"line":183,"column":0},"end":{"line":183,"column":25}},"183":{"start":{"line":184,"column":0},"end":{"line":184,"column":21}},"184":{"start":{"line":185,"column":0},"end":{"line":185,"column":18}},"185":{"start":{"line":186,"column":0},"end":{"line":186,"column":0}},"186":{"start":{"line":187,"column":0},"end":{"line":187,"column":42}},"187":{"start":{"line":188,"column":0},"end":{"line":188,"column":67}},"188":{"start":{"line":189,"column":0},"end":{"line":189,"column":88}},"189":{"start":{"line":190,"column":0},"end":{"line":190,"column":17}},"190":{"start":{"line":191,"column":0},"end":{"line":191,"column":0}},"191":{"start":{"line":192,"column":0},"end":{"line":192,"column":78}},"192":{"start":{"line":193,"column":0},"end":{"line":193,"column":0}},"193":{"start":{"line":194,"column":0},"end":{"line":194,"column":57}},"194":{"start":{"line":195,"column":0},"end":{"line":195,"column":99}},"195":{"start":{"line":196,"column":0},"end":{"line":196,"column":27}},"196":{"start":{"line":197,"column":0},"end":{"line":197,"column":17}},"197":{"start":{"line":198,"column":0},"end":{"line":198,"column":0}},"198":{"start":{"line":199,"column":0},"end":{"line":199,"column":71}},"199":{"start":{"line":200,"column":0},"end":{"line":200,"column":0}},"200":{"start":{"line":201,"column":0},"end":{"line":201,"column":75}},"201":{"start":{"line":202,"column":0},"end":{"line":202,"column":71}},"202":{"start":{"line":203,"column":0},"end":{"line":203,"column":0}},"203":{"start":{"line":204,"column":0},"end":{"line":204,"column":41}},"204":{"start":{"line":205,"column":0},"end":{"line":205,"column":48}},"205":{"start":{"line":206,"column":0},"end":{"line":206,"column":45}},"206":{"start":{"line":207,"column":0},"end":{"line":207,"column":41}},"207":{"start":{"line":208,"column":0},"end":{"line":208,"column":55}},"208":{"start":{"line":209,"column":0},"end":{"line":209,"column":58}},"209":{"start":{"line":210,"column":0},"end":{"line":210,"column":18}},"210":{"start":{"line":211,"column":0},"end":{"line":211,"column":0}},"211":{"start":{"line":212,"column":0},"end":{"line":212,"column":80}},"212":{"start":{"line":213,"column":0},"end":{"line":213,"column":0}},"213":{"start":{"line":214,"column":0},"end":{"line":214,"column":65}},"214":{"start":{"line":215,"column":0},"end":{"line":215,"column":68}},"215":{"start":{"line":216,"column":0},"end":{"line":216,"column":35}},"216":{"start":{"line":217,"column":0},"end":{"line":217,"column":30}},"217":{"start":{"line":218,"column":0},"end":{"line":218,"column":59}},"218":{"start":{"line":219,"column":0},"end":{"line":219,"column":53}},"219":{"start":{"line":220,"column":0},"end":{"line":220,"column":56}},"220":{"start":{"line":221,"column":0},"end":{"line":221,"column":22}},"221":{"start":{"line":222,"column":0},"end":{"line":222,"column":57}},"222":{"start":{"line":223,"column":0},"end":{"line":223,"column":19}},"223":{"start":{"line":224,"column":0},"end":{"line":224,"column":0}},"224":{"start":{"line":225,"column":0},"end":{"line":225,"column":39}},"225":{"start":{"line":226,"column":0},"end":{"line":226,"column":64}},"226":{"start":{"line":227,"column":0},"end":{"line":227,"column":85}},"227":{"start":{"line":228,"column":0},"end":{"line":228,"column":158}},"228":{"start":{"line":229,"column":0},"end":{"line":229,"column":27}},"229":{"start":{"line":230,"column":0},"end":{"line":230,"column":17}},"230":{"start":{"line":231,"column":0},"end":{"line":231,"column":0}},"231":{"start":{"line":232,"column":0},"end":{"line":232,"column":59}},"232":{"start":{"line":233,"column":0},"end":{"line":233,"column":70}},"233":{"start":{"line":234,"column":0},"end":{"line":234,"column":0}},"234":{"start":{"line":235,"column":0},"end":{"line":235,"column":54}},"235":{"start":{"line":236,"column":0},"end":{"line":236,"column":40}},"236":{"start":{"line":237,"column":0},"end":{"line":237,"column":48}},"237":{"start":{"line":238,"column":0},"end":{"line":238,"column":57}},"238":{"start":{"line":239,"column":0},"end":{"line":239,"column":54}},"239":{"start":{"line":240,"column":0},"end":{"line":240,"column":50}},"240":{"start":{"line":241,"column":0},"end":{"line":241,"column":58}},"241":{"start":{"line":242,"column":0},"end":{"line":242,"column":55}},"242":{"start":{"line":243,"column":0},"end":{"line":243,"column":58}},"243":{"start":{"line":244,"column":0},"end":{"line":244,"column":18}},"244":{"start":{"line":245,"column":0},"end":{"line":245,"column":0}},"245":{"start":{"line":246,"column":0},"end":{"line":246,"column":52}},"246":{"start":{"line":247,"column":0},"end":{"line":247,"column":20}},"247":{"start":{"line":248,"column":0},"end":{"line":248,"column":48}},"248":{"start":{"line":249,"column":0},"end":{"line":249,"column":0}},"249":{"start":{"line":250,"column":0},"end":{"line":250,"column":45}},"250":{"start":{"line":251,"column":0},"end":{"line":251,"column":104}},"251":{"start":{"line":252,"column":0},"end":{"line":252,"column":21}},"252":{"start":{"line":253,"column":0},"end":{"line":253,"column":39}},"253":{"start":{"line":254,"column":0},"end":{"line":254,"column":34}},"254":{"start":{"line":255,"column":0},"end":{"line":255,"column":63}},"255":{"start":{"line":256,"column":0},"end":{"line":256,"column":60}},"256":{"start":{"line":257,"column":0},"end":{"line":257,"column":25}},"257":{"start":{"line":258,"column":0},"end":{"line":258,"column":21}},"258":{"start":{"line":259,"column":0},"end":{"line":259,"column":18}},"259":{"start":{"line":260,"column":0},"end":{"line":260,"column":0}},"260":{"start":{"line":261,"column":0},"end":{"line":261,"column":35}},"261":{"start":{"line":262,"column":0},"end":{"line":262,"column":60}},"262":{"start":{"line":263,"column":0},"end":{"line":263,"column":88}},"263":{"start":{"line":264,"column":0},"end":{"line":264,"column":17}},"264":{"start":{"line":265,"column":0},"end":{"line":265,"column":0}},"265":{"start":{"line":266,"column":0},"end":{"line":266,"column":71}},"266":{"start":{"line":267,"column":0},"end":{"line":267,"column":0}},"267":{"start":{"line":268,"column":0},"end":{"line":268,"column":57}},"268":{"start":{"line":269,"column":0},"end":{"line":269,"column":61}},"269":{"start":{"line":270,"column":0},"end":{"line":270,"column":24}},"270":{"start":{"line":271,"column":0},"end":{"line":271,"column":104}},"271":{"start":{"line":272,"column":0},"end":{"line":272,"column":17}},"272":{"start":{"line":273,"column":0},"end":{"line":273,"column":13}},"273":{"start":{"line":274,"column":0},"end":{"line":274,"column":34}},"274":{"start":{"line":275,"column":0},"end":{"line":275,"column":47}},"275":{"start":{"line":276,"column":0},"end":{"line":276,"column":57}},"276":{"start":{"line":277,"column":0},"end":{"line":277,"column":66}},"277":{"start":{"line":278,"column":0},"end":{"line":278,"column":9}},"278":{"start":{"line":279,"column":0},"end":{"line":279,"column":6}},"279":{"start":{"line":280,"column":0},"end":{"line":280,"column":0}},"280":{"start":{"line":281,"column":0},"end":{"line":281,"column":32}},"281":{"start":{"line":282,"column":0},"end":{"line":282,"column":23}},"282":{"start":{"line":283,"column":0},"end":{"line":283,"column":23}},"283":{"start":{"line":284,"column":0},"end":{"line":284,"column":9}},"284":{"start":{"line":285,"column":0},"end":{"line":285,"column":6}},"285":{"start":{"line":286,"column":0},"end":{"line":286,"column":0}},"286":{"start":{"line":287,"column":0},"end":{"line":287,"column":45}},"287":{"start":{"line":288,"column":0},"end":{"line":288,"column":45}},"288":{"start":{"line":289,"column":0},"end":{"line":289,"column":88}},"289":{"start":{"line":290,"column":0},"end":{"line":290,"column":6}},"290":{"start":{"line":291,"column":0},"end":{"line":291,"column":0}},"291":{"start":{"line":292,"column":0},"end":{"line":292,"column":18}},"292":{"start":{"line":293,"column":0},"end":{"line":293,"column":16}},"293":{"start":{"line":294,"column":0},"end":{"line":294,"column":106}},"294":{"start":{"line":295,"column":0},"end":{"line":295,"column":29}},"295":{"start":{"line":296,"column":0},"end":{"line":296,"column":30}},"296":{"start":{"line":297,"column":0},"end":{"line":297,"column":31}},"297":{"start":{"line":298,"column":0},"end":{"line":298,"column":48}},"298":{"start":{"line":299,"column":0},"end":{"line":299,"column":50}},"299":{"start":{"line":300,"column":0},"end":{"line":300,"column":40}},"300":{"start":{"line":301,"column":0},"end":{"line":301,"column":56}},"301":{"start":{"line":302,"column":0},"end":{"line":302,"column":21}},"302":{"start":{"line":303,"column":0},"end":{"line":303,"column":88}},"303":{"start":{"line":304,"column":0},"end":{"line":304,"column":18}},"304":{"start":{"line":305,"column":0},"end":{"line":305,"column":10}},"305":{"start":{"line":306,"column":0},"end":{"line":306,"column":5}},"306":{"start":{"line":307,"column":0},"end":{"line":307,"column":0}},"307":{"start":{"line":308,"column":0},"end":{"line":308,"column":61}},"308":{"start":{"line":309,"column":0},"end":{"line":309,"column":16}},"309":{"start":{"line":310,"column":0},"end":{"line":310,"column":25}},"310":{"start":{"line":311,"column":0},"end":{"line":311,"column":38}},"311":{"start":{"line":312,"column":0},"end":{"line":312,"column":44}},"312":{"start":{"line":313,"column":0},"end":{"line":313,"column":33}},"313":{"start":{"line":314,"column":0},"end":{"line":314,"column":37}},"314":{"start":{"line":315,"column":0},"end":{"line":315,"column":31}},"315":{"start":{"line":316,"column":0},"end":{"line":316,"column":15}},"316":{"start":{"line":317,"column":0},"end":{"line":317,"column":98}},"317":{"start":{"line":318,"column":0},"end":{"line":318,"column":44}},"318":{"start":{"line":319,"column":0},"end":{"line":319,"column":80}},"319":{"start":{"line":320,"column":0},"end":{"line":320,"column":20}},"320":{"start":{"line":321,"column":0},"end":{"line":321,"column":18}},"321":{"start":{"line":322,"column":0},"end":{"line":322,"column":10}},"322":{"start":{"line":323,"column":0},"end":{"line":323,"column":5}},"323":{"start":{"line":324,"column":0},"end":{"line":324,"column":0}},"324":{"start":{"line":325,"column":0},"end":{"line":325,"column":78}},"325":{"start":{"line":326,"column":0},"end":{"line":326,"column":0}},"326":{"start":{"line":327,"column":0},"end":{"line":327,"column":12}},"327":{"start":{"line":328,"column":0},"end":{"line":328,"column":29}},"328":{"start":{"line":329,"column":0},"end":{"line":329,"column":22}},"329":{"start":{"line":330,"column":0},"end":{"line":330,"column":35}},"330":{"start":{"line":331,"column":0},"end":{"line":331,"column":35}},"331":{"start":{"line":332,"column":0},"end":{"line":332,"column":34}},"332":{"start":{"line":333,"column":0},"end":{"line":333,"column":46}},"333":{"start":{"line":334,"column":0},"end":{"line":334,"column":14}},"334":{"start":{"line":335,"column":0},"end":{"line":335,"column":9}},"335":{"start":{"line":336,"column":0},"end":{"line":336,"column":44}},"336":{"start":{"line":337,"column":0},"end":{"line":337,"column":30}},"337":{"start":{"line":338,"column":0},"end":{"line":338,"column":28}},"338":{"start":{"line":339,"column":0},"end":{"line":339,"column":43}},"339":{"start":{"line":340,"column":0},"end":{"line":340,"column":38}},"340":{"start":{"line":341,"column":0},"end":{"line":341,"column":38}},"341":{"start":{"line":342,"column":0},"end":{"line":342,"column":40}},"342":{"start":{"line":343,"column":0},"end":{"line":343,"column":34}},"343":{"start":{"line":344,"column":0},"end":{"line":344,"column":22}},"344":{"start":{"line":345,"column":0},"end":{"line":345,"column":45}},"345":{"start":{"line":346,"column":0},"end":{"line":346,"column":41}},"346":{"start":{"line":347,"column":0},"end":{"line":347,"column":43}},"347":{"start":{"line":348,"column":0},"end":{"line":348,"column":41}},"348":{"start":{"line":349,"column":0},"end":{"line":349,"column":39}},"349":{"start":{"line":350,"column":0},"end":{"line":350,"column":54}},"350":{"start":{"line":351,"column":0},"end":{"line":351,"column":18}},"351":{"start":{"line":352,"column":0},"end":{"line":352,"column":18}},"352":{"start":{"line":353,"column":0},"end":{"line":353,"column":31}},"353":{"start":{"line":354,"column":0},"end":{"line":354,"column":6}},"354":{"start":{"line":355,"column":0},"end":{"line":355,"column":2}},"355":{"start":{"line":356,"column":0},"end":{"line":356,"column":0}},"356":{"start":{"line":357,"column":0},"end":{"line":357,"column":30}}},"s":{"0":1,"1":1,"2":1,"3":1,"4":1,"5":1,"6":1,"7":1,"8":1,"9":1,"10":1,"11":1,"12":1,"13":1,"14":1,"15":1,"16":1,"17":1,"18":1,"19":1,"20":1,"21":1,"22":1,"23":1,"24":1,"25":1,"26":1,"27":1,"28":1,"29":1,"30":1,"31":1,"32":1,"33":1,"34":1,"35":1,"36":1,"37":1,"38":1,"39":1,"40":1,"41":1,"42":1,"43":1,"44":1,"45":1,"46":1,"47":1,"48":1,"49":1,"50":1,"51":1,"52":1,"53":1,"54":1,"55":1,"56":1,"57":1,"58":1,"59":1,"60":0,"61":0,"62":0,"63":0,"64":0,"65":1,"66":1,"67":1,"68":1,"69":1,"70":9,"71":9,"72":9,"73":1,"74":1,"75":1,"76":1,"77":0,"78":0,"79":0,"80":0,"81":0,"82":0,"83":0,"84":1,"85":1,"86":1,"87":1,"88":1,"89":0,"90":0,"91":0,"92":1,"93":1,"94":1,"95":1,"96":1,"97":1,"98":1,"99":22,"100":22,"101":22,"102":22,"103":22,"104":22,"105":22,"106":22,"107":22,"108":22,"109":22,"110":22,"111":11,"112":11,"113":11,"114":22,"115":22,"116":22,"117":1,"118":1,"119":1,"120":1,"121":1,"122":0,"123":0,"124":0,"125":0,"126":0,"127":0,"128":0,"129":0,"130":0,"131":0,"132":0,"133":0,"134":0,"135":0,"136":0,"137":0,"138":0,"139":0,"140":0,"141":0,"142":0,"143":0,"144":0,"145":0,"146":0,"147":0,"148":0,"149":0,"150":0,"151":0,"152":0,"153":0,"154":0,"155":0,"156":0,"157":0,"158":0,"159":0,"160":0,"161":0,"162":1,"163":22,"164":22,"165":0,"166":0,"167":0,"168":0,"169":0,"170":0,"171":0,"172":0,"173":0,"174":0,"175":0,"176":0,"177":0,"178":0,"179":0,"180":0,"181":0,"182":0,"183":0,"184":0,"185":0,"186":0,"187":0,"188":0,"189":0,"190":0,"191":0,"192":0,"193":0,"194":0,"195":0,"196":0,"197":0,"198":0,"199":0,"200":0,"201":0,"202":0,"203":0,"204":0,"205":0,"206":0,"207":0,"208":0,"209":0,"210":0,"211":0,"212":0,"213":0,"214":0,"215":0,"216":0,"217":0,"218":0,"219":0,"220":0,"221":0,"222":0,"223":0,"224":0,"225":0,"226":0,"227":0,"228":0,"229":0,"230":0,"231":0,"232":0,"233":0,"234":0,"235":0,"236":0,"237":0,"238":0,"239":0,"240":0,"241":0,"242":0,"243":0,"244":0,"245":0,"246":0,"247":0,"248":0,"249":0,"250":0,"251":0,"252":0,"253":0,"254":0,"255":0,"256":0,"257":0,"258":0,"259":0,"260":0,"261":0,"262":0,"263":0,"264":0,"265":0,"266":0,"267":0,"268":0,"269":0,"270":0,"271":0,"272":0,"273":0,"274":0,"275":0,"276":0,"277":0,"278":0,"279":22,"280":22,"281":2,"282":1,"283":1,"284":2,"285":22,"286":22,"287":1,"288":1,"289":1,"290":22,"291":22,"292":11,"293":11,"294":11,"295":11,"296":11,"297":11,"298":11,"299":11,"300":11,"301":11,"302":11,"303":11,"304":11,"305":11,"306":11,"307":22,"308":2,"309":2,"310":2,"311":2,"312":2,"313":2,"314":2,"315":2,"316":2,"317":2,"318":2,"319":2,"320":2,"321":2,"322":2,"323":9,"324":22,"325":22,"326":22,"327":22,"328":22,"329":22,"330":22,"331":22,"332":22,"333":22,"334":22,"335":22,"336":22,"337":22,"338":22,"339":22,"340":22,"341":22,"342":22,"343":22,"344":22,"345":22,"346":22,"347":22,"348":22,"349":22,"350":22,"351":22,"352":22,"353":22,"354":22,"355":1,"356":1},"branchMap":{"0":{"type":"branch","line":67,"loc":{"start":{"line":67,"column":0},"end":{"line":69,"column":1}},"locations":[{"start":{"line":67,"column":0},"end":{"line":69,"column":1}}]},"1":{"type":"branch","line":71,"loc":{"start":{"line":71,"column":0},"end":{"line":73,"column":1}},"locations":[{"start":{"line":71,"column":0},"end":{"line":73,"column":1}}]},"2":{"type":"branch","line":72,"loc":{"start":{"line":72,"column":23},"end":{"line":72,"column":56}},"locations":[{"start":{"line":72,"column":23},"end":{"line":72,"column":56}}]},"3":{"type":"branch","line":72,"loc":{"start":{"line":72,"column":47},"end":{"line":72,"column":75}},"locations":[{"start":{"line":72,"column":47},"end":{"line":72,"column":75}}]},"4":{"type":"branch","line":76,"loc":{"start":{"line":76,"column":0},"end":{"line":85,"column":1}},"locations":[{"start":{"line":76,"column":0},"end":{"line":85,"column":1}}]},"5":{"type":"branch","line":77,"loc":{"start":{"line":77,"column":45},"end":{"line":84,"column":5}},"locations":[{"start":{"line":77,"column":45},"end":{"line":84,"column":5}}]},"6":{"type":"branch","line":93,"loc":{"start":{"line":93,"column":11},"end":{"line":96,"column":5}},"locations":[{"start":{"line":93,"column":11},"end":{"line":96,"column":5}}]},"7":{"type":"branch","line":99,"loc":{"start":{"line":99,"column":54},"end":{"line":355,"column":2}},"locations":[{"start":{"line":99,"column":54},"end":{"line":355,"column":2}}]},"8":{"type":"branch","line":292,"loc":{"start":{"line":292,"column":17},"end":{"line":308,"column":60}},"locations":[{"start":{"line":292,"column":17},"end":{"line":308,"column":60}}]},"9":{"type":"branch","line":308,"loc":{"start":{"line":308,"column":60},"end":{"line":323,"column":5}},"locations":[{"start":{"line":308,"column":60},"end":{"line":323,"column":5}}]},"10":{"type":"branch","line":323,"loc":{"start":{"line":323,"column":4},"end":{"line":325,"column":45}},"locations":[{"start":{"line":323,"column":4},"end":{"line":325,"column":45}}]},"11":{"type":"branch","line":325,"loc":{"start":{"line":325,"column":40},"end":{"line":325,"column":72}},"locations":[{"start":{"line":325,"column":40},"end":{"line":325,"column":72}}]},"12":{"type":"branch","line":325,"loc":{"start":{"line":325,"column":51},"end":{"line":325,"column":72}},"locations":[{"start":{"line":325,"column":51},"end":{"line":325,"column":72}}]},"13":{"type":"branch","line":325,"loc":{"start":{"line":325,"column":63},"end":{"line":325,"column":78}},"locations":[{"start":{"line":325,"column":63},"end":{"line":325,"column":78}}]},"14":{"type":"branch","line":111,"loc":{"start":{"line":111,"column":14},"end":{"line":115,"column":7}},"locations":[{"start":{"line":111,"column":14},"end":{"line":115,"column":7}}]},"15":{"type":"branch","line":112,"loc":{"start":{"line":112,"column":47},"end":{"line":112,"column":97}},"locations":[{"start":{"line":112,"column":47},"end":{"line":112,"column":97}}]},"16":{"type":"branch","line":117,"loc":{"start":{"line":117,"column":24},"end":{"line":163,"column":6}},"locations":[{"start":{"line":117,"column":24},"end":{"line":163,"column":6}}]},"17":{"type":"branch","line":122,"loc":{"start":{"line":122,"column":8},"end":{"line":162,"column":9}},"locations":[{"start":{"line":122,"column":8},"end":{"line":162,"column":9}}]},"18":{"type":"branch","line":281,"loc":{"start":{"line":281,"column":25},"end":{"line":285,"column":6}},"locations":[{"start":{"line":281,"column":25},"end":{"line":285,"column":6}}]},"19":{"type":"branch","line":282,"loc":{"start":{"line":282,"column":22},"end":{"line":284,"column":9}},"locations":[{"start":{"line":282,"column":22},"end":{"line":284,"column":9}}]},"20":{"type":"branch","line":287,"loc":{"start":{"line":287,"column":24},"end":{"line":290,"column":6}},"locations":[{"start":{"line":287,"column":24},"end":{"line":290,"column":6}}]},"21":{"type":"branch","line":289,"loc":{"start":{"line":289,"column":37},"end":{"line":289,"column":86}},"locations":[{"start":{"line":289,"column":37},"end":{"line":289,"column":86}}]}},"b":{"0":[1],"1":[9],"2":[2],"3":[2],"4":[1],"5":[0],"6":[1],"7":[22],"8":[11],"9":[2],"10":[9],"11":[2],"12":[0],"13":[7],"14":[11],"15":[1],"16":[1],"17":[0],"18":[2],"19":[1],"20":[1],"21":[0]},"fnMap":{"0":{"name":"apiUrl","decl":{"start":{"line":61,"column":0},"end":{"line":65,"column":1}},"loc":{"start":{"line":61,"column":0},"end":{"line":65,"column":1}},"line":61},"1":{"name":"getJwt","decl":{"start":{"line":67,"column":0},"end":{"line":69,"column":1}},"loc":{"start":{"line":67,"column":0},"end":{"line":69,"column":1}},"line":67},"2":{"name":"isNewRentFlow","decl":{"start":{"line":71,"column":0},"end":{"line":73,"column":1}},"loc":{"start":{"line":71,"column":0},"end":{"line":73,"column":1}},"line":71},"3":{"name":"getErrorMessage","decl":{"start":{"line":76,"column":0},"end":{"line":85,"column":1}},"loc":{"start":{"line":76,"column":0},"end":{"line":85,"column":1}},"line":76},"4":{"name":"info","decl":{"start":{"line":89,"column":10},"end":{"line":92,"column":6}},"loc":{"start":{"line":89,"column":10},"end":{"line":92,"column":6}},"line":89},"5":{"name":"error","decl":{"start":{"line":93,"column":11},"end":{"line":96,"column":5}},"loc":{"start":{"line":93,"column":11},"end":{"line":96,"column":5}},"line":93},"6":{"name":"PayPalCheckout","decl":{"start":{"line":99,"column":54},"end":{"line":355,"column":2}},"loc":{"start":{"line":99,"column":54},"end":{"line":355,"column":2}},"line":99},"7":{"name":"createOrder","decl":{"start":{"line":117,"column":24},"end":{"line":163,"column":6}},"loc":{"start":{"line":117,"column":24},"end":{"line":163,"column":6}},"line":117},"8":{"name":"onApprove","decl":{"start":{"line":165,"column":22},"end":{"line":279,"column":6}},"loc":{"start":{"line":165,"column":22},"end":{"line":279,"column":6}},"line":165},"9":{"name":"handleCancel","decl":{"start":{"line":281,"column":25},"end":{"line":285,"column":6}},"loc":{"start":{"line":281,"column":25},"end":{"line":285,"column":6}},"line":281},"10":{"name":"handleError","decl":{"start":{"line":287,"column":24},"end":{"line":290,"column":6}},"loc":{"start":{"line":287,"column":24},"end":{"line":290,"column":6}},"line":287}},"f":{"0":0,"1":1,"2":9,"3":1,"4":0,"5":1,"6":22,"7":1,"8":0,"9":2,"10":1}}
,"/home/goncalo/Desktop/1S_3M/TQS/projeto/CraftingStable/frontend/src/components/RentSuccessModal.tsx": {"path":"/home/goncalo/Desktop/1S_3M/TQS/projeto/CraftingStable/frontend/src/components/RentSuccessModal.tsx","all":false,"statementMap":{"0":{"start":{"line":1,"column":0},"end":{"line":1,"column":49}},"1":{"start":{"line":2,"column":0},"end":{"line":2,"column":56}},"2":{"start":{"line":3,"column":0},"end":{"line":3,"column":0}},"3":{"start":{"line":4,"column":0},"end":{"line":4,"column":33}},"4":{"start":{"line":5,"column":0},"end":{"line":5,"column":37}},"5":{"start":{"line":6,"column":0},"end":{"line":6,"column":22}},"6":{"start":{"line":7,"column":0},"end":{"line":7,"column":24}},"7":{"start":{"line":8,"column":0},"end":{"line":8,"column":1}},"8":{"start":{"line":9,"column":0},"end":{"line":9,"column":0}},"9":{"start":{"line":10,"column":0},"end":{"line":10,"column":96}},"10":{"start":{"line":11,"column":0},"end":{"line":11,"column":66}},"11":{"start":{"line":12,"column":0},"end":{"line":12,"column":41}},"12":{"start":{"line":13,"column":0},"end":{"line":13,"column":0}},"13":{"start":{"line":14,"column":0},"end":{"line":14,"column":21}},"14":{"start":{"line":15,"column":0},"end":{"line":15,"column":40}},"15":{"start":{"line":16,"column":0},"end":{"line":16,"column":45}},"16":{"start":{"line":17,"column":0},"end":{"line":17,"column":46}},"17":{"start":{"line":18,"column":0},"end":{"line":18,"column":10}},"18":{"start":{"line":19,"column":0},"end":{"line":19,"column":52}},"19":{"start":{"line":20,"column":0},"end":{"line":20,"column":68}},"20":{"start":{"line":21,"column":0},"end":{"line":21,"column":18}},"21":{"start":{"line":22,"column":0},"end":{"line":22,"column":0}},"22":{"start":{"line":23,"column":0},"end":{"line":23,"column":31}},"23":{"start":{"line":24,"column":0},"end":{"line":24,"column":0}},"24":{"start":{"line":25,"column":0},"end":{"line":25,"column":52}},"25":{"start":{"line":26,"column":0},"end":{"line":26,"column":80}},"26":{"start":{"line":27,"column":0},"end":{"line":27,"column":23}},"27":{"start":{"line":28,"column":0},"end":{"line":28,"column":22}},"28":{"start":{"line":29,"column":0},"end":{"line":29,"column":24}},"29":{"start":{"line":30,"column":0},"end":{"line":30,"column":7}},"30":{"start":{"line":31,"column":0},"end":{"line":31,"column":76}},"31":{"start":{"line":32,"column":0},"end":{"line":32,"column":23}},"32":{"start":{"line":33,"column":0},"end":{"line":33,"column":22}},"33":{"start":{"line":34,"column":0},"end":{"line":34,"column":24}},"34":{"start":{"line":35,"column":0},"end":{"line":35,"column":7}},"35":{"start":{"line":36,"column":0},"end":{"line":36,"column":0}},"36":{"start":{"line":37,"column":0},"end":{"line":37,"column":12}},"37":{"start":{"line":38,"column":0},"end":{"line":38,"column":36}},"38":{"start":{"line":39,"column":0},"end":{"line":39,"column":19}},"39":{"start":{"line":40,"column":0},"end":{"line":40,"column":29}},"40":{"start":{"line":41,"column":0},"end":{"line":41,"column":52}},"41":{"start":{"line":42,"column":0},"end":{"line":42,"column":33}},"42":{"start":{"line":43,"column":0},"end":{"line":43,"column":44}},"43":{"start":{"line":44,"column":0},"end":{"line":44,"column":14}},"44":{"start":{"line":45,"column":0},"end":{"line":45,"column":0}},"45":{"start":{"line":46,"column":0},"end":{"line":46,"column":19}},"46":{"start":{"line":47,"column":0},"end":{"line":47,"column":20}},"47":{"start":{"line":48,"column":0},"end":{"line":48,"column":33}},"48":{"start":{"line":49,"column":0},"end":{"line":49,"column":41}},"49":{"start":{"line":50,"column":0},"end":{"line":50,"column":37}},"50":{"start":{"line":51,"column":0},"end":{"line":51,"column":13}},"51":{"start":{"line":52,"column":0},"end":{"line":52,"column":44}},"52":{"start":{"line":53,"column":0},"end":{"line":53,"column":43}},"53":{"start":{"line":54,"column":0},"end":{"line":54,"column":24}},"54":{"start":{"line":55,"column":0},"end":{"line":55,"column":32}},"55":{"start":{"line":56,"column":0},"end":{"line":56,"column":43}},"56":{"start":{"line":57,"column":0},"end":{"line":57,"column":79}},"57":{"start":{"line":58,"column":0},"end":{"line":58,"column":69}},"58":{"start":{"line":59,"column":0},"end":{"line":59,"column":26}},"59":{"start":{"line":60,"column":0},"end":{"line":60,"column":21}},"60":{"start":{"line":61,"column":0},"end":{"line":61,"column":47}},"61":{"start":{"line":62,"column":0},"end":{"line":62,"column":26}},"62":{"start":{"line":63,"column":0},"end":{"line":63,"column":58}},"63":{"start":{"line":64,"column":0},"end":{"line":64,"column":85}},"64":{"start":{"line":65,"column":0},"end":{"line":65,"column":25}},"65":{"start":{"line":66,"column":0},"end":{"line":66,"column":22}},"66":{"start":{"line":67,"column":0},"end":{"line":67,"column":0}},"67":{"start":{"line":68,"column":0},"end":{"line":68,"column":44}},"68":{"start":{"line":69,"column":0},"end":{"line":69,"column":57}},"69":{"start":{"line":70,"column":0},"end":{"line":70,"column":35}},"70":{"start":{"line":71,"column":0},"end":{"line":71,"column":58}},"71":{"start":{"line":72,"column":0},"end":{"line":72,"column":83}},"72":{"start":{"line":73,"column":0},"end":{"line":73,"column":31}},"73":{"start":{"line":74,"column":0},"end":{"line":74,"column":86}},"74":{"start":{"line":75,"column":0},"end":{"line":75,"column":72}},"75":{"start":{"line":76,"column":0},"end":{"line":76,"column":32}},"76":{"start":{"line":77,"column":0},"end":{"line":77,"column":30}},"77":{"start":{"line":78,"column":0},"end":{"line":78,"column":22}},"78":{"start":{"line":79,"column":0},"end":{"line":79,"column":0}},"79":{"start":{"line":80,"column":0},"end":{"line":80,"column":47}},"80":{"start":{"line":81,"column":0},"end":{"line":81,"column":48}},"81":{"start":{"line":82,"column":0},"end":{"line":82,"column":80}},"82":{"start":{"line":83,"column":0},"end":{"line":83,"column":0}},"83":{"start":{"line":84,"column":0},"end":{"line":84,"column":87}},"84":{"start":{"line":85,"column":0},"end":{"line":85,"column":85}},"85":{"start":{"line":86,"column":0},"end":{"line":86,"column":68}},"86":{"start":{"line":87,"column":0},"end":{"line":87,"column":63}},"87":{"start":{"line":88,"column":0},"end":{"line":88,"column":0}},"88":{"start":{"line":89,"column":0},"end":{"line":89,"column":32}},"89":{"start":{"line":90,"column":0},"end":{"line":90,"column":42}},"90":{"start":{"line":91,"column":0},"end":{"line":91,"column":75}},"91":{"start":{"line":92,"column":0},"end":{"line":92,"column":33}},"92":{"start":{"line":93,"column":0},"end":{"line":93,"column":47}},"93":{"start":{"line":94,"column":0},"end":{"line":94,"column":26}},"94":{"start":{"line":95,"column":0},"end":{"line":95,"column":26}},"95":{"start":{"line":96,"column":0},"end":{"line":96,"column":0}},"96":{"start":{"line":97,"column":0},"end":{"line":97,"column":57}},"97":{"start":{"line":98,"column":0},"end":{"line":98,"column":35}},"98":{"start":{"line":99,"column":0},"end":{"line":99,"column":54}},"99":{"start":{"line":100,"column":0},"end":{"line":100,"column":55}},"100":{"start":{"line":101,"column":0},"end":{"line":101,"column":32}},"101":{"start":{"line":102,"column":0},"end":{"line":102,"column":71}},"102":{"start":{"line":103,"column":0},"end":{"line":103,"column":84}},"103":{"start":{"line":104,"column":0},"end":{"line":104,"column":77}},"104":{"start":{"line":105,"column":0},"end":{"line":105,"column":73}},"105":{"start":{"line":106,"column":0},"end":{"line":106,"column":33}},"106":{"start":{"line":107,"column":0},"end":{"line":107,"column":30}},"107":{"start":{"line":108,"column":0},"end":{"line":108,"column":22}},"108":{"start":{"line":109,"column":0},"end":{"line":109,"column":0}},"109":{"start":{"line":110,"column":0},"end":{"line":110,"column":55}},"110":{"start":{"line":111,"column":0},"end":{"line":111,"column":48}},"111":{"start":{"line":112,"column":0},"end":{"line":112,"column":79}},"112":{"start":{"line":113,"column":0},"end":{"line":113,"column":102}},"113":{"start":{"line":114,"column":0},"end":{"line":114,"column":89}},"114":{"start":{"line":115,"column":0},"end":{"line":115,"column":92}},"115":{"start":{"line":116,"column":0},"end":{"line":116,"column":26}},"116":{"start":{"line":117,"column":0},"end":{"line":117,"column":22}},"117":{"start":{"line":118,"column":0},"end":{"line":118,"column":0}},"118":{"start":{"line":119,"column":0},"end":{"line":119,"column":43}},"119":{"start":{"line":120,"column":0},"end":{"line":120,"column":94}},"120":{"start":{"line":121,"column":0},"end":{"line":121,"column":43}},"121":{"start":{"line":122,"column":0},"end":{"line":122,"column":29}},"122":{"start":{"line":123,"column":0},"end":{"line":123,"column":22}},"123":{"start":{"line":124,"column":0},"end":{"line":124,"column":21}},"124":{"start":{"line":125,"column":0},"end":{"line":125,"column":14}},"125":{"start":{"line":126,"column":0},"end":{"line":126,"column":6}},"126":{"start":{"line":127,"column":0},"end":{"line":127,"column":2}},"127":{"start":{"line":128,"column":0},"end":{"line":128,"column":0}},"128":{"start":{"line":129,"column":0},"end":{"line":129,"column":24}},"129":{"start":{"line":130,"column":0},"end":{"line":130,"column":18}},"130":{"start":{"line":131,"column":0},"end":{"line":131,"column":27}},"131":{"start":{"line":132,"column":0},"end":{"line":132,"column":20}},"132":{"start":{"line":133,"column":0},"end":{"line":133,"column":22}},"133":{"start":{"line":134,"column":0},"end":{"line":134,"column":19}},"134":{"start":{"line":135,"column":0},"end":{"line":135,"column":1}},"135":{"start":{"line":136,"column":0},"end":{"line":136,"column":0}},"136":{"start":{"line":137,"column":0},"end":{"line":137,"column":109}},"137":{"start":{"line":138,"column":0},"end":{"line":138,"column":32}},"138":{"start":{"line":139,"column":0},"end":{"line":139,"column":50}},"139":{"start":{"line":140,"column":0},"end":{"line":140,"column":13}},"140":{"start":{"line":141,"column":0},"end":{"line":141,"column":20}},"141":{"start":{"line":142,"column":0},"end":{"line":142,"column":32}},"142":{"start":{"line":143,"column":0},"end":{"line":143,"column":25}},"143":{"start":{"line":144,"column":0},"end":{"line":144,"column":23}},"144":{"start":{"line":145,"column":0},"end":{"line":145,"column":73}},"145":{"start":{"line":146,"column":0},"end":{"line":146,"column":63}},"146":{"start":{"line":147,"column":0},"end":{"line":147,"column":44}},"147":{"start":{"line":148,"column":0},"end":{"line":148,"column":41}},"148":{"start":{"line":149,"column":0},"end":{"line":149,"column":21}},"149":{"start":{"line":150,"column":0},"end":{"line":150,"column":26}},"150":{"start":{"line":151,"column":0},"end":{"line":151,"column":75}},"151":{"start":{"line":152,"column":0},"end":{"line":152,"column":14}},"152":{"start":{"line":153,"column":0},"end":{"line":153,"column":9}},"153":{"start":{"line":154,"column":0},"end":{"line":154,"column":19}},"154":{"start":{"line":155,"column":0},"end":{"line":155,"column":15}},"155":{"start":{"line":156,"column":0},"end":{"line":156,"column":10}},"156":{"start":{"line":157,"column":0},"end":{"line":157,"column":2}},"157":{"start":{"line":158,"column":0},"end":{"line":158,"column":0}},"158":{"start":{"line":159,"column":0},"end":{"line":159,"column":53}},"159":{"start":{"line":160,"column":0},"end":{"line":160,"column":14}},"160":{"start":{"line":161,"column":0},"end":{"line":161,"column":26}},"161":{"start":{"line":162,"column":0},"end":{"line":162,"column":17}},"162":{"start":{"line":163,"column":0},"end":{"line":163,"column":44}},"163":{"start":{"line":164,"column":0},"end":{"line":164,"column":24}},"164":{"start":{"line":165,"column":0},"end":{"line":165,"column":33}},"165":{"start":{"line":166,"column":0},"end":{"line":166,"column":29}},"166":{"start":{"line":167,"column":0},"end":{"line":167,"column":21}},"167":{"start":{"line":168,"column":0},"end":{"line":168,"column":20}},"168":{"start":{"line":169,"column":0},"end":{"line":169,"column":6}},"169":{"start":{"line":170,"column":0},"end":{"line":170,"column":20}},"170":{"start":{"line":171,"column":0},"end":{"line":171,"column":29}},"171":{"start":{"line":172,"column":0},"end":{"line":172,"column":17}},"172":{"start":{"line":173,"column":0},"end":{"line":173,"column":34}},"173":{"start":{"line":174,"column":0},"end":{"line":174,"column":23}},"174":{"start":{"line":175,"column":0},"end":{"line":175,"column":18}},"175":{"start":{"line":176,"column":0},"end":{"line":176,"column":6}},"176":{"start":{"line":177,"column":0},"end":{"line":177,"column":13}},"177":{"start":{"line":178,"column":0},"end":{"line":178,"column":35}},"178":{"start":{"line":179,"column":0},"end":{"line":179,"column":25}},"179":{"start":{"line":180,"column":0},"end":{"line":180,"column":22}},"180":{"start":{"line":181,"column":0},"end":{"line":181,"column":22}},"181":{"start":{"line":182,"column":0},"end":{"line":182,"column":23}},"182":{"start":{"line":183,"column":0},"end":{"line":183,"column":19}},"183":{"start":{"line":184,"column":0},"end":{"line":184,"column":25}},"184":{"start":{"line":185,"column":0},"end":{"line":185,"column":18}},"185":{"start":{"line":186,"column":0},"end":{"line":186,"column":6}},"186":{"start":{"line":187,"column":0},"end":{"line":187,"column":13}},"187":{"start":{"line":188,"column":0},"end":{"line":188,"column":20}},"188":{"start":{"line":189,"column":0},"end":{"line":189,"column":28}},"189":{"start":{"line":190,"column":0},"end":{"line":190,"column":6}},"190":{"start":{"line":191,"column":0},"end":{"line":191,"column":11}},"191":{"start":{"line":192,"column":0},"end":{"line":192,"column":18}},"192":{"start":{"line":193,"column":0},"end":{"line":193,"column":19}},"193":{"start":{"line":194,"column":0},"end":{"line":194,"column":28}},"194":{"start":{"line":195,"column":0},"end":{"line":195,"column":24}},"195":{"start":{"line":196,"column":0},"end":{"line":196,"column":29}},"196":{"start":{"line":197,"column":0},"end":{"line":197,"column":33}},"197":{"start":{"line":198,"column":0},"end":{"line":198,"column":21}},"198":{"start":{"line":199,"column":0},"end":{"line":199,"column":30}},"199":{"start":{"line":200,"column":0},"end":{"line":200,"column":6}},"200":{"start":{"line":201,"column":0},"end":{"line":201,"column":12}},"201":{"start":{"line":202,"column":0},"end":{"line":202,"column":18}},"202":{"start":{"line":203,"column":0},"end":{"line":203,"column":21}},"203":{"start":{"line":204,"column":0},"end":{"line":204,"column":24}},"204":{"start":{
[...]
line":602,"column":6}}]},"101":{"type":"branch","line":590,"loc":{"start":{"line":590,"column":12},"end":{"line":591,"column":33}},"locations":[{"start":{"line":590,"column":12},"end":{"line":591,"column":33}}]},"102":{"type":"branch","line":595,"loc":{"start":{"line":595,"column":12},"end":{"line":595,"column":28}},"locations":[{"start":{"line":595,"column":12},"end":{"line":595,"column":28}}]},"103":{"type":"branch","line":596,"loc":{"start":{"line":596,"column":12},"end":{"line":596,"column":28}},"locations":[{"start":{"line":596,"column":12},"end":{"line":596,"column":28}}]},"104":{"type":"branch","line":597,"loc":{"start":{"line":597,"column":12},"end":{"line":598,"column":33}},"locations":[{"start":{"line":597,"column":12},"end":{"line":598,"column":33}}]},"105":{"type":"branch","line":599,"loc":{"start":{"line":599,"column":12},"end":{"line":600,"column":33}},"locations":[{"start":{"line":599,"column":12},"end":{"line":600,"column":33}}]},"106":{"type":"branch","line":604,"loc":{"start":{"line":604,"column":25},"end":{"line":618,"column":6}},"locations":[{"start":{"line":604,"column":25},"end":{"line":618,"column":6}}]},"107":{"type":"branch","line":606,"loc":{"start":{"line":606,"column":12},"end":{"line":607,"column":33}},"locations":[{"start":{"line":606,"column":12},"end":{"line":607,"column":33}}]},"108":{"type":"branch","line":611,"loc":{"start":{"line":611,"column":12},"end":{"line":611,"column":28}},"locations":[{"start":{"line":611,"column":12},"end":{"line":611,"column":28}}]},"109":{"type":"branch","line":612,"loc":{"start":{"line":612,"column":12},"end":{"line":612,"column":28}},"locations":[{"start":{"line":612,"column":12},"end":{"line":612,"column":28}}]},"110":{"type":"branch","line":613,"loc":{"start":{"line":613,"column":12},"end":{"line":614,"column":33}},"locations":[{"start":{"line":613,"column":12},"end":{"line":614,"column":33}}]},"111":{"type":"branch","line":615,"loc":{"start":{"line":615,"column":12},"end":{"line":616,"column":33}},"locations":[{"start":{"line":615,"column":12},"end":{"line":616,"column":33}}]},"112":{"type":"branch","line":620,"loc":{"start":{"line":620,"column":26},"end":{"line":634,"column":6}},"locations":[{"start":{"line":620,"column":26},"end":{"line":634,"column":6}}]},"113":{"type":"branch","line":622,"loc":{"start":{"line":622,"column":12},"end":{"line":623,"column":27}},"locations":[{"start":{"line":622,"column":12},"end":{"line":623,"column":27}}]},"114":{"type":"branch","line":627,"loc":{"start":{"line":627,"column":12},"end":{"line":627,"column":28}},"locations":[{"start":{"line":627,"column":12},"end":{"line":627,"column":28}}]},"115":{"type":"branch","line":628,"loc":{"start":{"line":628,"column":12},"end":{"line":628,"column":28}},"locations":[{"start":{"line":628,"column":12},"end":{"line":628,"column":28}}]},"116":{"type":"branch","line":629,"loc":{"start":{"line":629,"column":12},"end":{"line":630,"column":27}},"locations":[{"start":{"line":629,"column":12},"end":{"line":630,"column":27}}]},"117":{"type":"branch","line":631,"loc":{"start":{"line":631,"column":12},"end":{"line":632,"column":28}},"locations":[{"start":{"line":631,"column":12},"end":{"line":632,"column":28}}]},"118":{"type":"branch","line":875,"loc":{"start":{"line":875,"column":34},"end":{"line":887,"column":26}},"locations":[{"start":{"line":875,"column":34},"end":{"line":887,"column":26}}]},"119":{"type":"branch","line":882,"loc":{"start":{"line":882,"column":55},"end":{"line":882,"column":72}},"locations":[{"start":{"line":882,"column":55},"end":{"line":882,"column":72}}]},"120":{"type":"branch","line":883,"loc":{"start":{"line":883,"column":80},"end":{"line":885,"column":29}},"locations":[{"start":{"line":883,"column":80},"end":{"line":885,"column":29}}]},"121":{"type":"branch","line":948,"loc":{"start":{"line":948,"column":42},"end":{"line":971,"column":35}},"locations":[{"start":{"line":948,"column":42},"end":{"line":971,"column":35}}]},"122":{"type":"branch","line":970,"loc":{"start":{"line":970,"column":32},"end":{"line":970,"column":39}},"locations":[{"start":{"line":970,"column":32},"end":{"line":970,"column":39}}]},"123":{"type":"branch","line":998,"loc":{"start":{"line":998,"column":0},"end":{"line":1298,"column":1}},"locations":[{"start":{"line":998,"column":0},"end":{"line":1298,"column":1}}]},"124":{"type":"branch","line":1155,"loc":{"start":{"line":1155,"column":17},"end":{"line":1174,"column":15}},"locations":[{"start":{"line":1155,"column":17},"end":{"line":1174,"column":15}}]},"125":{"type":"branch","line":1174,"loc":{"start":{"line":1174,"column":15},"end":{"line":1199,"column":5}},"locations":[{"start":{"line":1174,"column":15},"end":{"line":1199,"column":5}}]},"126":{"type":"branch","line":1199,"loc":{"start":{"line":1199,"column":4},"end":{"line":1256,"column":34}},"locations":[{"start":{"line":1199,"column":4},"end":{"line":1256,"column":34}}]},"127":{"type":"branch","line":1259,"loc":{"start":{"line":1259,"column":30},"end":{"line":1268,"column":34}},"locations":[{"start":{"line":1259,"column":30},"end":{"line":1268,"column":34}}]},"128":{"type":"branch","line":1276,"loc":{"start":{"line":1276,"column":52},"end":{"line":1285,"column":38}},"locations":[{"start":{"line":1276,"column":52},"end":{"line":1285,"column":38}}]},"129":{"type":"branch","line":1002,"loc":{"start":{"line":1002,"column":14},"end":{"line":1007,"column":7}},"locations":[{"start":{"line":1002,"column":14},"end":{"line":1007,"column":7}}]},"130":{"type":"branch","line":1004,"loc":{"start":{"line":1004,"column":18},"end":{"line":1006,"column":9}},"locations":[{"start":{"line":1004,"column":18},"end":{"line":1006,"column":9}}]},"131":{"type":"branch","line":1017,"loc":{"start":{"line":1017,"column":14},"end":{"line":1153,"column":7}},"locations":[{"start":{"line":1017,"column":14},"end":{"line":1153,"column":7}}]},"132":{"type":"branch","line":1020,"loc":{"start":{"line":1020,"column":8},"end":{"line":1062,"column":9}},"locations":[{"start":{"line":1020,"column":8},"end":{"line":1062,"column":9}}]},"133":{"type":"branch","line":1023,"loc":{"start":{"line":1023,"column":33},"end":{"line":1023,"column":50}},"locations":[{"start":{"line":1023,"column":33},"end":{"line":1023,"column":50}}]},"134":{"type":"branch","line":1027,"loc":{"start":{"line":1027,"column":59},"end":{"line":1027,"column":67}},"locations":[{"start":{"line":1027,"column":59},"end":{"line":1027,"column":67}}]},"135":{"type":"branch","line":1037,"loc":{"start":{"line":1037,"column":31},"end":{"line":1037,"column":59}},"locations":[{"start":{"line":1037,"column":31},"end":{"line":1037,"column":59}}]},"136":{"type":"branch","line":1038,"loc":{"start":{"line":1038,"column":20},"end":{"line":1061,"column":13}},"locations":[{"start":{"line":1038,"column":20},"end":{"line":1061,"column":13}}]},"137":{"type":"branch","line":1064,"loc":{"start":{"line":1064,"column":8},"end":{"line":1147,"column":9}},"locations":[{"start":{"line":1064,"column":8},"end":{"line":1147,"column":9}}]},"138":{"type":"branch","line":1069,"loc":{"start":{"line":1069,"column":59},"end":{"line":1069,"column":67}},"locations":[{"start":{"line":1069,"column":59},"end":{"line":1069,"column":67}}]},"139":{"type":"branch","line":1075,"loc":{"start":{"line":1075,"column":69},"end":{"line":1076,"column":27}},"locations":[{"start":{"line":1075,"column":69},"end":{"line":1076,"column":27}}]},"140":{"type":"branch","line":1079,"loc":{"start":{"line":1079,"column":16},"end":{"line":1094,"column":17}},"locations":[{"start":{"line":1079,"column":16},"end":{"line":1094,"column":17}}]},"141":{"type":"branch","line":1096,"loc":{"start":{"line":1096,"column":27},"end":{"line":1099,"column":17}},"locations":[{"start":{"line":1096,"column":27},"end":{"line":1099,"column":17}}]},"142":{"type":"branch","line":1101,"loc":{"start":{"line":1101,"column":41},"end":{"line":1101,"column":49}},"locations":[{"start":{"line":1101,"column":41},"end":{"line":1101,"column":49}}]},"143":{"type":"branch","line":1102,"loc":{"start":{"line":1102,"column":46},"end":{"line":1102,"column":67}},"locations":[{"start":{"line":1102,"column":46},"end":{"line":1102,"column":67}}]},"144":{"type":"branch","line":1107,"loc":{"start":{"line":1107,"column":41},"end":{"line":1108,"column":31}},"locations":[{"start":{"line":1107,"column":41},"end":{"line":1108,"column":31}}]},"145":{"type":"branch","line":1111,"loc":{"start":{"line":1111,"column":43},"end":{"line":1111,"column":61}},"locations":[{"start":{"line":1111,"column":43},"end":{"line":1111,"column":61}}]},"146":{"type":"branch","line":1111,"loc":{"start":{"line":1111,"column":56},"end":{"line":1111,"column":63}},"locations":[{"start":{"line":1111,"column":56},"end":{"line":1111,"column":63}}]},"147":{"type":"branch","line":1112,"loc":{"start":{"line":1112,"column":47},"end":{"line":1112,"column":54}},"locations":[{"start":{"line":1112,"column":47},"end":{"line":1112,"column":54}}]},"148":{"type":"branch","line":1113,"loc":{"start":{"line":1113,"column":51},"end":{"line":1113,"column":75}},"locations":[{"start":{"line":1113,"column":51},"end":{"line":1113,"column":75}}]},"149":{"type":"branch","line":1113,"loc":{"start":{"line":1113,"column":70},"end":{"line":1113,"column":83}},"locations":[{"start":{"line":1113,"column":70},"end":{"line":1113,"column":83}}]},"150":{"type":"branch","line":1115,"loc":{"start":{"line":1115,"column":40},"end":{"line":1115,"column":67}},"locations":[{"start":{"line":1115,"column":40},"end":{"line":1115,"column":67}}]},"151":{"type":"branch","line":1115,"loc":{"start":{"line":1115,"column":62},"end":{"line":1115,"column":68}},"locations":[{"start":{"line":1115,"column":62},"end":{"line":1115,"column":68}}]},"152":{"type":"branch","line":1119,"loc":{"start":{"line":1119,"column":57},"end":{"line":1120,"column":40}},"locations":[{"start":{"line":1119,"column":57},"end":{"line":1120,"column":40}}]},"153":{"type":"branch","line":1122,"loc":{"start":{"line":1122,"column":52},"end":{"line":1122,"column":73}},"locations":[{"start":{"line":1122,"column":52},"end":{"line":1122,"column":73}}]},"154":{"type":"branch","line":1122,"loc":{"start":{"line":1122,"column":68},"end":{"line":1122,"column":75}},"locations":[{"start":{"line":1122,"column":68},"end":{"line":1122,"column":75}}]},"155":{"type":"branch","line":1124,"loc":{"start":{"line":1124,"column":55},"end":{"line":1125,"column":36}},"locations":[{"start":{"line":1124,"column":55},"end":{"line":1125,"column":36}}]},"156":{"type":"branch","line":1127,"loc":{"start":{"line":1127,"column":52},"end":{"line":1128,"column":36}},"locations":[{"start":{"line":1127,"column":52},"end":{"line":1128,"column":36}}]},"157":{"type":"branch","line":1131,"loc":{"start":{"line":1131,"column":38},"end":{"line":1131,"column":92}},"locations":[{"start":{"line":1131,"column":38},"end":{"line":1131,"column":92}}]},"158":{"type":"branch","line":1138,"loc":{"start":{"line":1138,"column":42},"end":{"line":1140,"column":17}},"locations":[{"start":{"line":1138,"column":42},"end":{"line":1140,"column":17}}]},"159":{"type":"branch","line":1141,"loc":{"start":{"line":1141,"column":12},"end":{"line":1144,"column":14}},"locations":[{"start":{"line":1141,"column":12},"end":{"line":1144,"column":14}}]},"160":{"type":"branch","line":1150,"loc":{"start":{"line":1150,"column":15},"end":{"line":1152,"column":10}},"locations":[{"start":{"line":1150,"column":15},"end":{"line":1152,"column":10}}]}},"b":{"0":[18],"1":[0],"2":[0],"3":[27],"4":[262],"5":[5],"6":[0],"7":[8],"8":[0],"9":[30],"10":[20],"11":[10],"12":[4],"13":[6],"14":[4],"15":[0],"16":[4],"17":[0],"18":[1],"19":[5],"20":[4],"21":[1],"22":[0],"23":[1],"24":[0],"25":[1],"26":[0],"27":[121],"28":[0],"29":[484],"30":[8],"31":[0],"32":[1],"33":[7],"34":[0],"35":[0],"36":[13],"37":[4],"38":[4],"39":[240],"40":[780],"41":[120],"42":[780],"43":[767],"44":[776],"45":[536],"46":[4],"47":[776],"48":[24],"49":[4],"50":[776],"51":[244],"52":[536],"53":[244],"54":[240],"55":[540],"56":[13],"57":[0],"58":[0],"59":[0],"60":[2],"61":[11],"62":[2],"63":[0],"64":[9],"65":[2],"66":[7],"67":[0],"68":[4],"69":[2],"70":[3],"71":[4],"72":[4],"73":[4],"74":[5],"75":[5],"76":[1],"77":[4],"78":[4],"79":[0],"80":[3],"81":[0],"82":[1],"83":[1],"84":[4],"85":[7],"86":[7],"87":[0],"88":[1],"89":[6],"90":[0],"91":[6],"92":[0],"93":[6],"94":[0],"95":[6],"96":[7],"97":[1],"98":[0],"99":[1],"100":[2],"101":[0],"102":[0],"103":[0],"104":[0],"105":[0],"106":[2],"107":[0],"108":[0],"109":[0],"110":[0],"111":[0],"112":[2],"113":[0],"114":[0],"115":[0],"116":[0],"117":[0],"118":[1],"119":[0],"120":[0],"121":[2],"122":[0],"123":[8],"124":[4],"125":[0],"126":[4],"127":[4],"128":[4],"129":[4],"130":[0],"131":[4],"132":[4],"133":[0],"134":[0],"135":[0],"136":[0],"137":[4],"138":[0],"139":[0],"140":[0],"141":[0],"142":[0],"143":[0],"144":[0],"145":[0],"146":[0],"147":[0],"148":[0],"149":[0],"150":[0],"151":[0],"152":[0],"153":[0],"154":[0],"155":[0],"156":[0],"157":[0],"158":[0],"159":[0],"160":[4]},"fnMap":{"0":{"name":"apiUrl","decl":{"start":{"line":49,"column":0},"end":{"line":53,"column":1}},"loc":{"start":{"line":49,"column":0},"end":{"line":53,"column":1}},"line":49},"1":{"name":"getJwt","decl":{"start":{"line":55,"column":0},"end":{"line":57,"column":1}},"loc":{"start":{"line":55,"column":0},"end":{"line":57,"column":1}},"line":55},"2":{"name":"toIsoDateString","decl":{"start":{"line":59,"column":0},"end":{"line":64,"column":1}},"loc":{"start":{"line":59,"column":0},"end":{"line":64,"column":1}},"line":59},"3":{"name":"daysBetween","decl":{"start":{"line":66,"column":0},"end":{"line":75,"column":1}},"loc":{"start":{"line":66,"column":0},"end":{"line":75,"column":1}},"line":66},"4":{"name":"asRecord","decl":{"start":{"line":77,"column":0},"end":{"line":79,"column":1}},"loc":{"start":{"line":77,"column":0},"end":{"line":79,"column":1}},"line":77},"5":{"name":"safeString","decl":{"start":{"line":81,"column":0},"end":{"line":96,"column":1}},"loc":{"start":{"line":81,"column":0},"end":{"line":96,"column":1}},"line":81},"6":{"name":"safeWarn","decl":{"start":{"line":98,"column":0},"end":{"line":101,"column":1}},"loc":{"start":{"line":98,"column":0},"end":{"line":101,"column":1}},"line":98},"7":{"name":"safeError","decl":{"start":{"line":103,"column":0},"end":{"line":106,"column":1}},"loc":{"start":{"line":103,"column":0},"end":{"line":106,"column":1}},"line":103},"8":{"name":"safeLog","decl":{"start":{"line":108,"column":0},"end":{"line":111,"column":1}},"loc":{"start":{"line":108,"column":0},"end":{"line":111,"column":1}},"line":108},"9":{"name":"loadLocalBlockedRanges","decl":{"start":{"line":114,"column":0},"end":{"line":124,"column":1}},"loc":{"start":{"line":114,"column":0},"end":{"line":124,"column":1}},"line":114},"10":{"name":"saveLocalBlockedRange","decl":{"start":{"line":126,"column":0},"end":{"line":141,"column":1}},"loc":{"start":{"line":126,"column":0},"end":{"line":141,"column":1}},"line":126},"11":{"name":"normalizeBlockedStatus","decl":{"start":{"line":144,"column":0},"end":{"line":154,"column":1}},"loc":{"start":{"line":144,"column":0},"end":{"line":154,"column":1}},"line":144},"12":{"name":"rangesOverlap","decl":{"start":{"line":157,"column":0},"end":{"line":168,"column":1}},"loc":{"start":{"line":157,"column":0},"end":{"line":168,"column":1}},"line":157},"13":{"name":"utc","decl":{"start":{"line":163,"column":20},"end":{"line":163,"column":86}},"loc":{"start":{"line":163,"column":20},"end":{"line":163,"column":86}},"line":163},"14":{"name":"isRangeBlocked","decl":{"start":{"line":170,"column":0},"end":{"line":179,"column":1}},"loc":{"start":{"line":170,"column":0},"end":{"line":179,"column":1}},"line":170},"15":{"name":"validateRange","decl":{"start":{"line":181,"column":0},"end":{"line":192,"column":1}},"loc":{"start":{"line":181,"column":0},"end":{"line":192,"column":1}},"line":181},"16":{"name":"computeNewRangeOnClick","decl":{"start":{"line":194,"column":0},"end":{"line":221,"column":1}},"loc":{"start":{"line":194,"column":0},"end":{"line":221,"column":1}},"line":194},"17":{"name":"MiniCalendar","decl":{"start":{"line":234,"column":50},"end":{"line":354,"column":2}},"loc":{"start":{"line":234,"column":50},"end":{"line":354,"column":2}},"line":234},"18":{"name":"isBlockedDay","decl":{"start":{"line":256,"column":25},"end":{"line":261,"column":10}},"loc":{"start":{"line":256,"column":25},"end":{"line":261,"column":10}},"line":256},"19":{"name":"handleClick","decl":{"start":{"line":300,"column":40},"end":{"line":311,"column":22}},"loc":{"start":{"line":300,"column":40},"end":{"line":311,"column":22}},"line":300},"20":{"name":"BookingCalendar","decl":{"start":{"line":357,"column":0},"end":{"line":984,"column":1}},"loc":{"start":{"line":357,"column":0},"end":{"line":984,"column":1}},"line":357},"21":{"name":"handleRangeChange","decl":{"start":{"line":398,"column":30},"end":{"line":401,"column":6}},"loc":{"start":{"line":398,"column":30},"end":{"line":401,"column":6}},"line":398},"22":{"name":"fetchBlockedDates","decl":{"start":{"line":407,"column":34},"end":{"line":467,"column":10}},"loc":{"start":{"line":407,"column":34},"end":{"line":467,"column":10}},"line":407},"23":{"name":"checkAvailability","decl":{"start":{"line":479,"column":34},"end":{"line":541,"column":10}},"loc":{"start":{"line":479,"column":34},"end":{"line":541,"column":10}},"line":479},"24":{"name":"handlePaymentSuccess","decl":{"start":{"line":549,"column":33},"end":{"line":566,"column":6}},"loc":{"start":{"line":549,"column":33},"end":{"line":566,"column":6}},"line":549},"25":{"name":"handleCloseModal","decl":{"start":{"line":568,"column":29},"end":{"line":571,"column":6}},"loc":{"start":{"line":568,"column":29},"end":{"line":571,"column":6}},"line":568},"26":{"name":"handlePaymentError","decl":{"start":{"line":573,"column":31},"end":{"line":576,"column":6}},"loc":{"start":{"line":573,"column":31},"end":{"line":576,"column":6}},"line":573},"27":{"name":"handlePaymentCancel","decl":{"start":{"line":578,"column":32},"end":{"line":583,"column":6}},"loc":{"start":{"line":578,"column":32},"end":{"line":583,"column":6}},"line":578},"28":{"name":"getBackgroundColor","decl":{"start":{"line":588,"column":31},"end":{"line":602,"column":6}},"loc":{"start":{"line":588,"column":31},"end":{"line":602,"column":6}},"line":588},"29":{"name":"getTextColor","decl":{"start":{"line":604,"column":25},"end":{"line":618,"column":6}},"loc":{"start":{"line":604,"column":25},"end":{"line":618,"column":6}},"line":604},"30":{"name":"getStatusIcon","decl":{"start":{"line":620,"column":26},"end":{"line":634,"column":6}},"loc":{"start":{"line":620,"column":26},"end":{"line":634,"column":6}},"line":620},"31":{"name":"onChange","decl":{"start":{"line":837,"column":34},"end":{"line":854,"column":26}},"loc":{"start":{"line":837,"column":34},"end":{"line":854,"column":26}},"line":837},"32":{"name":"onChange","decl":{"start":{"line":875,"column":34},"end":{"line":887,"column":26}},"loc":{"start":{"line":875,"column":34},"end":{"line":887,"column":26}},"line":875},"33":{"name":"ToolDetails","decl":{"start":{"line":998,"column":0},"end":{"line":1298,"column":1}},"loc":{"start":{"line":998,"column":0},"end":{"line":1298,"column":1}},"line":998},"34":{"name":"placeholderFor","decl":{"start":{"line":1012,"column":27},"end":{"line":1015,"column":12}},"loc":{"start":{"line":1012,"column":27},"end":{"line":1015,"column":12}},"line":1012},"35":{"name":"fetchOwnerName","decl":{"start":{"line":1020,"column":8},"end":{"line":1062,"column":9}},"loc":{"start":{"line":1020,"column":8},"end":{"line":1062,"column":9}},"line":1020},"36":{"name":"load","decl":{"start":{"line":1064,"column":8},"end":{"line":1147,"column":9}},"loc":{"start":{"line":1064,"column":8},"end":{"line":1147,"column":9}},"line":1064}},"f":{"0":18,"1":27,"2":262,"3":5,"4":8,"5":30,"6":0,"7":0,"8":1,"9":5,"10":1,"11":0,"12":121,"13":484,"14":8,"15":7,"16":0,"17":13,"18":780,"19":0,"20":13,"21":1,"22":4,"23":7,"24":1,"25":1,"26":0,"27":0,"28":2,"29":2,"30":2,"31":0,"32":1,"33":8,"34":0,"35":4,"36":4}}
}
