TN:
SF:src/App.tsx
FN:1,(empty-report)
FNF:1
FNH:0
FNDA:0,(empty-report)
DA:1,0
DA:2,0
DA:3,0
DA:4,0
DA:5,0
DA:6,0
DA:7,0
DA:8,0
DA:9,0
DA:10,0
DA:11,0
DA:12,0
DA:13,0
DA:14,0
DA:15,0
DA:16,0
DA:17,0
DA:18,0
DA:19,0
DA:20,0
DA:21,0
DA:22,0
DA:23,0
DA:24,0
DA:25,0
DA:26,0
DA:27,0
DA:28,0
DA:29,0
DA:30,0
DA:31,0
DA:32,0
DA:33,0
DA:34,0
DA:35,0
DA:36,0
DA:37,0
DA:38,0
LF:38
LH:0
BRDA:1,0,0,0
BRF:1
BRH:0
end_of_record
TN:
SF:src/main.tsx
FN:1,(empty-report)
FNF:1
FNH:0
FNDA:0,(empty-report)
DA:1,0
DA:2,0
DA:3,0
DA:4,0
DA:5,0
DA:6,0
DA:7,0
DA:8,0
DA:9,0
DA:10,0
LF:10
LH:0
BRDA:1,0,0,0
BRF:1
BRH:0
end_of_record
TN:
SF:src/components/Header.tsx
FN:5,Header
FN:8,readUserFromStorage
FN:25,handleAuthChange
FN:38,handleLogout
FNF:4
FNH:4
FNDA:47,Header
FNDA:20,readUserFromStorage
FNDA:2,handleAuthChange
FNDA:1,handleLogout
DA:1,1
DA:2,1
DA:3,1
DA:4,1
DA:5,47
DA:6,47
DA:7,47
DA:8,47
DA:9,20
DA:10,20
DA:11,20
DA:12,8
DA:13,8
DA:14,12
DA:15,8
DA:16,8
DA:17,12
DA:18,1
DA:19,1
DA:20,20
DA:21,47
DA:22,47
DA:23,47
DA:24,47
DA:25,18
DA:26,2
DA:27,2
DA:28,18
DA:29,18
DA:30,18
DA:31,18
DA:32,18
DA:33,18
DA:34,18
DA:35,18
DA:36,47
DA:37,47
DA:38,47
DA:39,1
DA:40,1
DA:41,1
DA:42,1
DA:43,1
DA:44,1
DA:45,1
DA:46,1
DA:47,47
DA:48,47
DA:49,47
DA:50,47
DA:51,47
DA:52,47
DA:53,47
DA:54,47
DA:55,47
DA:56,47
DA:57,47
DA:58,47
DA:59,47
DA:60,47
DA:61,47
DA:62,47
DA:63,47
DA:64,47
DA:65,47
DA:66,47
DA:67,47
DA:68,47
DA:69,47
DA:70,47
DA:71,47
DA:72,47
DA:73,47
DA:74,47
DA:75,47
DA:76,47
DA:77,47
DA:78,47
DA:79,47
DA:80,47
DA:81,47
DA:82,47
DA:83,47
DA:84,47
DA:85,47
DA:86,47
DA:87,47
DA:88,47
DA:89,47
DA:90,47
DA:91,47
DA:92,47
DA:93,47
DA:94,47
DA:95,47
DA:96,47
DA:97,47
DA:98,47
DA:99,47
DA:100,47
DA:101,47
DA:102,47
DA:103,47
DA:104,47
DA:105,47
DA:106,47
DA:107,7
DA:108,47
DA:109,47
DA:110,1
DA:111,47
DA:112,47
DA:113,47
DA:114,47
DA:115,47
DA:116,47
DA:117,47
DA:118,7
DA:119,7
DA:120,7
DA:121,7
DA:122,7
DA:123,7
DA:124,7
DA:125,7
DA:126,40
DA:127,40
DA:128,47
DA:129,47
DA:130,47
DA:131,47
DA:132,47
LF:132
LH:132
BRDA:5,0,0,47
BRDA:106,1,0,7
BRDA:109,2,0,7
BRDA:109,3,0,1
BRDA:117,4,0,7
BRDA:121,5,0,0
BRDA:125,6,0,40
BRDA:8,7,0,20
BRDA:11,8,0,12
BRDA:11,9,0,8
BRDA:14,10,0,0
BRDA:14,11,0,8
BRDA:17,12,0,1
BRDA:22,13,0,18
BRDA:24,14,0,18
BRDA:25,15,0,2
BRDA:32,16,0,18
BRDA:38,17,0,1
BRF:18
BRH:16
end_of_record
TN:
SF:src/components/LoadingScreen.tsx
FN:4,LoadingScreen
FNF:1
FNH:1
FNDA:21,LoadingScreen
DA:1,1
DA:2,1
DA:3,1
DA:4,1
DA:5,21
DA:6,21
DA:7,21
DA:8,21
DA:9,21
DA:10,21
DA:11,21
DA:12,21
DA:13,21
DA:14,21
DA:15,21
DA:16,21
DA:17,21
DA:18,21
DA:19,21
DA:20,21
DA:21,21
DA:22,21
DA:23,21
DA:24,21
DA:25,21
DA:26,21
DA:27,21
DA:28,21
DA:29,21
DA:30,21
DA:31,21
DA:32,21
DA:33,21
DA:34,21
DA:35,21
DA:36,21
DA:37,21
DA:38,21
DA:39,21
DA:40,21
DA:41,21
DA:42,21
DA:43,21
DA:44,21
DA:45,21
DA:46,21
DA:47,21
DA:48,21
DA:49,21
DA:50,21
DA:51,21
DA:52,21
DA:53,21
DA:54,21
DA:55,21
DA:56,21
DA:57,21
DA:58,21
DA:59,21
DA:60,21
DA:61,21
DA:62,21
DA:63,21
DA:64,21
DA:65,21
DA:66,21
DA:67,21
DA:68,21
DA:69,21
DA:70,21
DA:71,21
DA:72,21
DA:73,21
DA:74,21
DA:75,21
DA:76,21
DA:77,21
DA:78,21
DA:79,21
DA:80,21
DA:81,21
DA:82,21
DA:83,21
DA:84,21
DA:85,21
DA:86,21
DA:87,21
DA:88,21
DA:89,21
DA:90,21
DA:91,21
DA:92,21
DA:93,21
DA:94,21
DA:95,21
DA:96,21
DA:97,21
DA:98,21
DA:99,21
DA:100,21
DA:101,21
DA:102,21
DA:103,21
DA:104,21
DA:105,21
DA:106,21
DA:107,21
DA:108,21
DA:109,21
DA:110,21
DA:111,21
DA:112,21
DA:113,21
DA:114,21
DA:115,21
DA:116,21
DA:117,21
DA:118,21
DA:119,21
DA:120,21
DA:121,21
DA:122,21
DA:123,21
DA:124,21
DA:125,21
DA:126,21
DA:127,21
DA:128,21
DA:129,21
DA:130,21
DA:131,21
DA:132,21
DA:133,21
DA:134,21
DA:135,21
DA:136,21
DA:137,21
DA:138,21
DA:139,21
DA:140,21
DA:141,21
DA:142,21
DA:143,21
DA:144,1
DA:145,1
DA:146,1
LF:146
LH:146
BRDA:4,0,0,21
BRF:1
BRH:1
end_of_record
TN:
SF:src/components/PayPalCheckout.tsx
FN:61,apiUrl
FN:67,getJwt
FN:71,isNewRentFlow
FN:76,getErrorMessage
FN:89,info
FN:93,error
FN:99,PayPalCheckout
FN:117,createOrder
FN:165,onApprove
FN:281,handleCancel
FN:287,handleError
FNF:11
FNH:8
FNDA:0,apiUrl
FNDA:1,getJwt
FNDA:9,isNewRentFlow
FNDA:1,getErrorMessage
FNDA:0,info
FNDA:1,error
FNDA:22,PayPalCheckout
FNDA:1,createOrder
FNDA:0,onApprove
FNDA:2,handleCancel
FNDA:1,handleError
DA:1,1
DA:2,1
DA:3,1
DA:4,1
DA:5,1
DA:6,1
DA:7,1
DA:8,1
DA:9,1
DA:10,1
DA:11,1
DA:12,1
DA:13,1
DA:14,1
DA:15,1
DA:16,1
DA:17,1
DA:18,1
DA:19,1
DA:20,1
DA:21,1
DA:22,1
DA:23,1
DA:24,1
DA:25,1
DA:26,1
DA:27,1
DA:28,1
DA:29,1
DA:30,1
DA:31,1
DA:32,1
DA:33,1
DA:34,1
DA:35,1
DA:36,1
DA:37,1
DA:38,1
DA:39,1
DA:40,1
DA:41,1
DA:42,1
DA:43,1
DA:44,1
DA:45,1
DA:46,1
DA:47,1
DA:48,1
DA:49,1
DA:50,1
DA:51,1
DA:52,1
DA:53,1
DA:54,1
DA:55,1
DA:56,1
DA:57,1
DA:58,1
DA:59,1
DA:60,1
DA:61,0
DA:62,0
DA:63,0
DA:64,0
DA:65,0
DA:66,1
DA:67,1
DA:68,1
DA:69,1
DA:70,1
DA:71,9
DA:72,9
DA:73,9
DA:74,1
DA:75,1
DA:76,1
DA:77,1
DA:78,0
DA:79,0
DA:80,0
DA:81,0
DA:82,0
DA:83,0
DA:84,0
DA:85,1
DA:86,1
DA:87,1
DA:88,1
DA:89,1
DA:90,0
DA:91,0
DA:92,0
DA:93,1
DA:94,1
DA:95,1
DA:96,1
DA:97,1
DA:98,1
DA:99,1
DA:100,22
DA:101,22
DA:102,22
DA:103,22
DA:104,22
DA:105,22
DA:106,22
DA:107,22
DA:108,22
DA:109,22
DA:110,22
DA:111,22
DA:112,11
DA:113,11
DA:114,11
DA:115,22
DA:116,22
DA:117,22
DA:118,1
DA:119,1
DA:120,1
DA:121,1
DA:122,1
DA:123,0
DA:124,0
DA:125,0
DA:126,0
DA:127,0
DA:128,0
DA:129,0
DA:130,0
DA:131,0
DA:132,0
DA:133,0
DA:134,0
DA:135,0
DA:136,0
DA:137,0
DA:138,0
DA:139,0
DA:140,0
DA:141,0
DA:142,0
DA:143,0
DA:144,0
DA:145,0
DA:146,0
DA:147,0
DA:148,0
DA:149,0
DA:150,0
DA:151,0
DA:152,0
DA:153,0
DA:154,0
DA:155,0
DA:156,0
DA:157,0
DA:158,0
DA:159,0
DA:160,0
DA:161,0
DA:162,0
DA:163,1
DA:164,22
DA:165,22
DA:166,0
DA:167,0
DA:168,0
DA:169,0
DA:170,0
DA:171,0
DA:172,0
DA:173,0
DA:174,0
DA:175,0
DA:176,0
DA:177,0
DA:178,0
DA:179,0
DA:180,0
DA:181,0
DA:182,0
DA:183,0
DA:184,0
DA:185,0
DA:186,0
DA:187,0
DA:188,0
DA:189,0
DA:190,0
DA:191,0
DA:192,0
DA:193,0
DA:194,0
DA:195,0
DA:196,0
DA:197,0
DA:198,0
DA:199,0
DA:200,0
DA:201,0
DA:202,0
DA:203,0
DA:204,0
DA:205,0
DA:206,0
DA:207,0
DA:208,0
DA:209,0
DA:210,0
DA:211,0
DA:212,0
DA:213,0
DA:214,0
DA:215,0
DA:216,0
DA:217,0
DA:218,0
DA:219,0
DA:220,0
DA:221,0
DA:222,0
DA:223,0
DA:224,0
DA:225,0
DA:226,0
DA:227,0
DA:228,0
DA:229,0
DA:230,0
DA:231,0
DA:232,0
DA:233,0
DA:234,0
DA:235,0
DA:236,0
DA:237,0
DA:238,0
DA:239,0
DA:240,0
DA:241,0
DA:242,0
DA:243,0
DA:244,0
DA:245,0
DA:246,0
DA:247,0
DA:248,0
DA:249,0
DA:250,0
DA:251,0
DA:252,0
DA:253,0
DA:254,0
DA:255,0
DA:256,0
DA:257,0
DA:258,0
DA:259,0
DA:260,0
DA:261,0
DA:262,0
DA:263,0
DA:264,0
DA:265,0
DA:266,0
DA:267,0
DA:268,0
DA:269,0
DA:270,0
DA:271,0
DA:272,0
DA:273,0
DA:274,0
DA:275,0
DA:276,0
DA:277,0
DA:278,0
DA:279,0
DA:280,22
DA:281,22
DA:282,2
DA:283,1
DA:284,1
DA:285,2
DA:286,22
DA:287,22
DA:288,1
DA:289,1
DA:290,1
DA:291,22
DA:292,22
DA:293,11
DA:294,11
DA:295,11
DA:296,11
DA:297,11
DA:298,11
DA:299,11
DA:300,11
DA:301,11
DA:302,11
DA:303,11
DA:304,11
DA:305,11
DA:306,11
DA:307,11
DA:308,22
DA:309,2
DA:310,2
DA:311,2
DA:312,2
DA:313,2
DA:314,2
DA:315,2
DA:316,2
DA:317,2
DA:318,2
DA:319,2
DA:320,2
DA:321,2
DA:322,2
DA:323,2
DA:324,9
DA:325,22
DA:326,22
DA:327,22
DA:328,22
DA:329,22
DA:330,22
DA:331,22
DA:332,22
DA:333,22
DA:334,22
DA:335,22
DA:336,22
DA:337,22
DA:338,22
DA:339,22
DA:340,22
DA:341,22
DA:342,22
DA:343,22
DA:344,22
DA:345,22
DA:346,22
DA:347,22
DA:348,22
DA:349,22
DA:350,22
DA:351,22
DA:352,22
DA:353,22
DA:354,22
DA:355,22
DA:356,1
DA:357,1
LF:357
LH:188
BRDA:67,0,0,1
BRDA:71,1,0,9
BRDA:72,2,0,2
BRDA:72,3,0,2
BRDA:76,4,0,1
BRDA:77,5,0,0
BRDA:93,6,0,1
BRDA:99,7,0,22
BRDA:292,8,0,11
BRDA:308,9,0,2
BRDA:323,10,0,9
BRDA:325,11,0,2
BRDA:325,12,0,0
BRDA:325,13,0,7
BRDA:111,14,0,11
BRDA:112,15,0,1
BRDA:117,16,0,1
BRDA:122,17,0,0
BRDA:281,18,0,2
BRDA:282,19,0,1
BRDA:287,20,0,1
BRDA:289,21,0,0
BRF:22
BRH:18
end_of_record
TN:
SF:src/components/RentSuccessModal.tsx
FN:10,RentSuccessModal
FN:16,onKey
FN:137,InfoRow
FNF:3
FNH:3
FNDA:39,RentSuccessModal
FNDA:5,onKey
FNDA:268,InfoRow
DA:1,1
DA:2,1
DA:3,1
DA:4,1
DA:5,1
DA:6,1
DA:7,1
DA:8,1
DA:9,1
DA:10,1
DA:11,39
DA:12,39
DA:13,39
DA:14,39
DA:15,39
DA:16,39
DA:17,5
DA:18,5
DA:19,39
DA:20,39
DA:21,39
DA:22,39
DA:23,39
DA:24,38
DA:25,38
DA:26,38
DA:27,38
DA:28,38
DA:29,38
DA:30,38
DA:31,38
DA:32,38
DA:33,38
DA:34,38
DA:35,38
DA:36,38
DA:37,38
DA:38,38
DA:39,38
DA:40,38
DA:41,38
DA:42,38
DA:43,38
DA:44,38
DA:45,38
DA:46,38
DA:47,38
DA:48,38
DA:49,38
DA:50,38
DA:51,38
DA:52,38
DA:53,38
DA:54,38
DA:55,38
DA:56,38
DA:57,39
DA:58,39
DA:59,39
DA:60,39
DA:61,39
DA:62,39
DA:63,39
DA:64,39
DA:65,39
DA:66,39
DA:67,39
DA:68,39
DA:69,39
DA:70,39
DA:71,37
DA:72,37
DA:73,37
DA:74,37
DA:75,37
DA:76,37
DA:77,37
DA:78,39
DA:79,39
DA:80,39
DA:81,39
DA:82,39
DA:83,39
DA:84,39
DA:85,39
DA:86,39
DA:87,39
DA:88,39
DA:89,39
DA:90,39
DA:91,39
DA:92,39
DA:93,39
DA:94,39
DA:95,39
DA:96,39
DA:97,39
DA:98,39
DA:99,37
DA:100,37
DA:101,37
DA:102,37
DA:103,37
DA:104,37
DA:105,37
DA:106,37
DA:107,37
DA:108,39
DA:109,39
DA:110,39
DA:111,39
DA:112,39
DA:113,39
DA:114,39
DA:115,39
DA:116,39
DA:117,39
DA:118,39
DA:119,39
DA:120,39
DA:121,39
DA:122,39
DA:123,39
DA:124,39
DA:125,39
DA:126,39
DA:127,39
DA:128,1
DA:129,1
DA:130,1
DA:131,1
DA:132,1
DA:133,1
DA:134,1
DA:135,1
DA:136,1
DA:137,1
DA:138,268
DA:139,268
DA:140,268
DA:141,268
DA:142,268
DA:143,268
DA:144,38
DA:145,38
DA:146,38
DA:147,38
DA:148,38
DA:149,38
DA:150,230
DA:151,268
DA:152,268
DA:153,268
DA:154,268
DA:155,268
DA:156,268
DA:157,1
DA:158,1
DA:159,1
DA:160,1
DA:161,1
DA:162,1
DA:163,1
DA:164,1
DA:165,1
DA:166,1
DA:167,1
DA:168,1
DA:169,1
DA:170,1
DA:171,1
DA:172,1
DA:173,1
DA:174,1
DA:175,1
DA:176,1
DA:177,1
DA:178,1
DA:179,1
DA:180,1
DA:181,1
DA:182,1
DA:183,1
DA:184,1
DA:185,1
DA:186,1
DA:187,1
DA:188,1
DA:189,1
DA:190,1
DA:191,1
DA:192,1
DA:193,1
DA:194,1
DA:195,1
DA:196,1
DA:197,1
DA:198,1
DA:199,1
DA:200,1
DA:201,1
DA:202,1
DA:203,1
DA:204,1
DA:205,1
DA:206,1
DA:207,1
DA:208,1
DA:209,1
DA:210,1
DA:211,1
DA:212,1
DA:213,1
DA:214,1
DA:215,1
DA:216,1
DA:217,1
DA:218,1
DA:219,1
DA:220,1
DA:221,1
DA:222,1
DA:223,1
DA:224,1
DA:225,1
DA:226,1
DA:227,1
DA:228,1
DA:229,1
DA:230,1
DA:231,1
DA:232,1
DA:233,1
DA:234,1
DA:235,1
DA:236,1
DA:237,1
DA:238,1
DA:239,1
DA:240,1
DA:241,1
DA:242,1
DA:243,1
DA:244,1
DA:245,1
DA:246,1
DA:247,1
DA:248,1
DA:249,1
DA:250,1
DA:251,1
DA:252,1
DA:253,1
DA:254,1
DA:255,1
DA:256,1
DA:257,1
DA:258,1
DA:259,1
DA:260,1
DA:261,1
DA:262,1
DA:263,1
DA:264,1
LF:264
LH:264
BRDA:10,0,0,39
BRDA:23,1,0,1
BRDA:23,2,0,38
BRDA:57,3,0,37
BRDA:57,4,0,1
BRDA:58,5,0,37
BRDA:58,6,0,1
BRDA:61,7,0,37
BRDA:61,8,0,1
BRDA:64,9,0,37
BRDA:64,10,0,1
BRDA:70,11,0,37
BRDA:85,12,0,2
BRDA:91,13,0,37
BRDA:91,14,0,1
BRDA:98,15,0,37
BRDA:14,16,0,39
BRDA:15,17,0,38
BRDA:16,18,0,5
BRDA:17,19,0,2
BRDA:20,20,0,39
BRDA:137,21,0,268
BRDA:143,22,0,38
BRDA:145,23,0,37
BRDA:145,24,0,1
BRDA:146,25,0,37
BRDA:146,26,0,1
BRDA:149,27,0,230
BRDA:151,28,0,76
BRDA:151,29,0,192
BRF:30
BRH:30
end_of_record
TN:
SF:src/pages/About.tsx
FN:6,AboutPage
FN:13,renderCard
FNF:2
FNH:2
FNDA:5,AboutPage
FNDA:15,renderCard
DA:1,1
DA:2,1
DA:3,1
DA:4,1
DA:5,1
DA:6,5
DA:7,5
DA:8,5
DA:9,5
DA:10,5
DA:11,5
DA:12,5
DA:13,5
DA:14,15
DA:15,15
DA:16,15
DA:17,15
DA:18,15
DA:19,15
DA:20,15
DA:21,15
DA:22,15
DA:23,15
DA:24,15
DA:25,15
DA:26,15
DA:27,15
DA:28,15
DA:29,15
DA:30,15
DA:31,15
DA:32,15
DA:33,15
DA:34,15
DA:35,15
DA:36,15
DA:37,15
DA:38,15
DA:39,15
DA:40,15
DA:41,15
DA:42,15
DA:43,15
DA:44,15
DA:45,15
DA:46,15
DA:47,15
DA:48,15
DA:49,15
DA:50,15
DA:51,15
DA:52,15
DA:53,15
DA:54,15
DA:55,15
DA:56,15
DA:57,15
DA:58,15
DA:59,15
DA:60,15
DA:61,15
DA:62,15
DA:63,15
DA:64,15
DA:65,15
DA:66,15
DA:67,5
DA:68,5
DA:69,5
DA:70,5
DA:71,5
DA:72,5
DA:73,5
DA:74,5
DA:75,5
DA:76,5
DA:77,5
DA:78,5
DA:79,5
DA:80,5
DA:81,5
DA:82,5
DA:83,5
DA:84,5
DA:85,5
DA:86,5
DA:87,5
DA:88,5
DA:89,5
DA:90,5
DA:91,5
DA:92,5
DA:93,5
DA:94,5
DA:95,5
DA:96,5
DA:97,5
DA:98,5
DA:99,5
DA:100,5
DA:101,5
DA:102,5
DA:103,5
DA:104,5
DA:105,5
DA:106,5
DA:107,5
DA:108,5
DA:109,5
DA:110,5
DA:111,5
DA:112,5
DA:113,5
DA:114,5
DA:115,5
DA:116,5
DA:117,5
DA:118,5
DA:119,5
DA:120,5
DA:121,5
DA:122,5
DA:123,5
DA:124,5
DA:125,5
DA:126,5
DA:127,5
DA:128,5
DA:129,5
DA:130,5
DA:131,5
DA:132,5
DA:133,5
DA:134,5
DA:135,5
DA:136,5
DA:137,5
DA:138,5
DA:139,5
DA:140,5
DA:141,5
DA:142,5
DA:143,5
DA:144,5
DA:145,5
DA:146,5
DA:147,5
DA:148,5
DA:149,5
DA:150,5
DA:151,5
DA:152,5
DA:153,5
DA:154,5
DA:155,5
DA:156,5
DA:157,5
DA:158,5
DA:159,5
DA:160,5
DA:161,5
DA:162,5
DA:163,5
DA:164,5
DA:165,5
DA:166,5
DA:167,5
LF:167
LH:167
BRDA:6,0,0,5
BRDA:13,1,0,15
BRDA:156,2,0,15
BRF:3
BRH:3
end_of_record
TN:
SF:src/pages/Catalog.tsx
FN:90,CatalogPage
FN:100,placeholderFor
FN:106,mapApiToUi
FN:116,loadAndEnrich
FN:182,onChange
FN:186,onChange
FN:190,onChange
FN:196,onChange
FN:204,onChange
FN:219,onClick
FN:222,onClick
FN:223,onClick
FN:224,onClick
FN:225,onClick
FNF:14
FNH:5
FNDA:62,CatalogPage
FNDA:0,placeholderFor
FNDA:51,mapApiToUi
FNDA:20,loadAndEnrich
FNDA:2,onChange
FNDA:0,onChange
FNDA:0,onChange
FNDA:0,onChange
FNDA:2,onChange
FNDA:0,onClick
FNDA:0,onClick
FNDA:0,onClick
FNDA:0,onClick
FNDA:0,onClick
DA:1,1
DA:2,1
DA:3,1
DA:4,1
DA:5,1
DA:6,1
DA:7,1
DA:8,1
DA:9,1
DA:10,1
DA:11,1
DA:12,1
DA:13,1
DA:14,1
DA:15,1
DA:16,1
DA:17,1
DA:18,1
DA:19,1
DA:20,1
DA:21,1
DA:22,1
DA:23,1
DA:24,1
DA:25,1
DA:26,1
DA:27,1
DA:28,1
DA:29,1
DA:30,1
DA:31,1
DA:32,1
DA:33,1
DA:34,1
DA:35,1
DA:36,1
DA:37,1
DA:38,1
DA:39,1
DA:40,1
DA:41,1
DA:42,1
DA:43,1
DA:44,1
DA:45,1
DA:46,1
DA:47,1
DA:48,1
DA:49,1
DA:50,1
DA:51,1
DA:52,1
DA:53,1
DA:54,1
DA:55,1
DA:56,1
DA:57,1
DA:58,1
DA:59,1
DA:60,1
DA:61,1
DA:62,1
DA:63,1
DA:64,1
DA:65,1
DA:66,1
DA:67,1
DA:68,1
DA:69,1
DA:70,1
DA:71,1
DA:72,1
DA:73,1
DA:74,1
DA:75,1
DA:76,1
DA:77,1
DA:78,1
DA:79,1
DA:80,1
DA:81,1
DA:82,1
DA:83,1
DA:84,1
DA:85,1
DA:86,1
DA:87,1
DA:88,1
DA:89,1
DA:90,62
DA:91,62
DA:92,62
DA:93,62
DA:94,62
DA:95,62
DA:96,62
DA:97,62
DA:98,62
DA:99,62
DA:100,62
DA:101,0
DA:102,62
DA:103,62
DA:104,20
DA:105,20
DA:106,20
DA:107,51
DA:108,51
DA:109,51
DA:110,51
DA:111,51
DA:112,51
DA:113,51
DA:114,51
DA:115,20
DA:116,20
DA:117,20
DA:118,20
DA:119,20
DA:120,20
DA:121,20
DA:122,18
DA:123,20
DA:124,0
DA:125,0
DA:126,0
DA:127,18
DA:128,18
DA:129,18
DA:130,51
DA:131,51
DA:132,18
DA:133,18
DA:134,18
DA:135,20
DA:136,1
DA:137,1
DA:138,1
DA:139,1
DA:140,20
DA:141,19
DA:142,19
DA:143,20
DA:144,20
DA:145,20
DA:146,62
DA:147,62
DA:148,62
DA:149,62
DA:150,62
DA:151,62
DA:152,62
DA:153,42
DA:154,42
DA:155,2
DA:156,2
DA:157,2
DA:158,42
DA:159,42
DA:160,42
DA:161,42
DA:162,42
DA:163,42
DA:164,62
DA:165,62
DA:166,62
DA:167,62
DA:168,62
DA:169,62
DA:170,62
DA:171,62
DA:172,62
DA:173,62
DA:174,62
DA:175,62
DA:176,62
DA:177,62
DA:178,62
DA:179,62
DA:180,62
DA:181,62
DA:182,62
DA:183,62
DA:184,62
DA:185,62
DA:186,62
DA:187,62
DA:188,62
DA:189,62
DA:190,62
DA:191,62
DA:192,62
DA:193,62
DA:194,62
DA:195,62
DA:196,62
DA:197,62
DA:198,62
DA:199,62
DA:200,62
DA:201,62
DA:202,62
DA:203,62
DA:204,62
DA:205,62
DA:206,62
DA:207,62
DA:208,62
DA:209,62
DA:210,62
DA:211,62
DA:212,62
DA:213,62
DA:214,62
DA:215,62
DA:216,62
DA:217,62
DA:218,62
DA:219,62
DA:220,62
DA:221,62
DA:222,62
DA:223,62
DA:224,62
DA:225,62
DA:226,62
DA:227,310
DA:228,310
DA:229,310
DA:230,310
DA:231,310
DA:232,310
DA:233,310
DA:234,310
DA:235,310
DA:236,310
DA:237,310
DA:238,310
DA:239,310
DA:240,310
DA:241,310
DA:242,310
DA:243,310
DA:244,310
DA:245,62
DA:246,62
DA:247,62
DA:248,62
DA:249,62
DA:250,62
DA:251,62
DA:252,62
DA:253,62
DA:254,62
DA:255,20
DA:256,20
DA:257,20
DA:258,20
DA:259,20
DA:260,42
DA:261,62
DA:262,62
DA:263,62
DA:264,56
DA:265,56
DA:266,56
DA:267,56
DA:268,56
DA:269,56
DA:270,56
DA:271,56
DA:272,56
DA:273,56
DA:274,56
DA:275,56
DA:276,56
DA:277,56
DA:278,56
DA:279,56
DA:280,56
DA:281,56
DA:282,56
DA:283,62
DA:284,62
DA:285,62
DA:286,62
DA:287,62
DA:288,62
DA:289,62
DA:290,62
DA:291,62
DA:292,62
DA:293,62
LF:293
LH:289
BRDA:90,0,0,62
BRDA:254,1,0,20
BRDA:259,2,0,42
BRDA:103,3,0,20
BRDA:106,4,0,51
BRDA:107,5,0,0
BRDA:108,6,0,0
BRDA:109,7,0,0
BRDA:109,8,0,0
BRDA:110,9,0,0
BRDA:110,10,0,0
BRDA:111,11,0,0
BRDA:111,12,0,0
BRDA:112,13,0,0
BRDA:112,14,0,0
BRDA:113,15,0,0
BRDA:116,16,0,20
BRDA:120,17,0,18
BRDA:121,18,0,0
BRDA:121,19,0,18
BRDA:123,20,0,0
BRDA:126,21,0,18
BRDA:135,22,0,1
BRDA:140,23,0,19
BRDA:127,24,0,51
BRDA:129,25,0,51
BRDA:131,26,0,0
BRDA:145,27,0,20
BRDA:148,28,0,38
BRDA:148,29,0,48
BRDA:149,30,0,38
BRDA:149,31,0,48
BRDA:150,32,0,38
BRDA:150,33,0,48
BRDA:152,34,0,42
BRDA:154,35,0,2
BRDA:158,36,0,0
BRDA:159,37,0,0
BRDA:160,38,0,0
BRDA:161,39,0,1
BRDA:162,40,0,1
BRDA:156,41,0,6
BRDA:161,42,0,2
BRDA:162,43,0,2
BRDA:182,44,0,2
BRDA:187,45,0,102
BRDA:187,46,0,62
BRDA:187,47,0,40
BRDA:191,48,0,102
BRDA:191,49,0,62
BRDA:191,50,0,40
BRDA:199,51,0,102
BRDA:199,52,0,62
BRDA:199,53,0,40
BRDA:204,54,0,2
BRDA:226,55,0,310
BRDA:235,56,0,62
BRDA:235,57,0,248
BRDA:263,58,0,56
BRDA:266,59,0,0
BRDA:270,60,0,0
BRDA:271,61,0,0
BRF:62
BRH:42
end_of_record
TN:
SF:src/pages/HomePage.tsx
FN:31,placeholderFor
FN:160,HomePage
FN:179,loadAndEnrich
FN:207,scroll
FN:242,onChange
FN:376,onClick
FN:447,onClick
FNF:7
FNH:7
FNDA:6,placeholderFor
FNDA:16,HomePage
FNDA:3,loadAndEnrich
FNDA:2,scroll
FNDA:7,onChange
FNDA:1,onClick
FNDA:1,onClick
DA:1,1
DA:2,1
DA:3,1
DA:4,1
DA:5,1
DA:6,1
DA:7,1
DA:8,1
DA:9,1
DA:10,1
DA:11,1
DA:12,1
DA:13,1
DA:14,1
DA:15,1
DA:16,1
DA:17,1
DA:18,1
DA:19,1
DA:20,1
DA:21,1
DA:22,1
DA:23,1
DA:24,1
DA:25,1
DA:26,1
DA:27,1
DA:28,1
DA:29,1
DA:30,1
DA:31,1
DA:32,6
DA:33,1
DA:34,1
DA:35,1
DA:36,1
DA:37,1
DA:38,1
DA:39,1
DA:40,1
DA:41,1
DA:42,1
DA:43,1
DA:44,1
DA:45,1
DA:46,1
DA:47,1
DA:48,1
DA:49,1
DA:50,1
DA:51,1
DA:52,1
DA:53,1
DA:54,1
DA:55,1
DA:56,1
DA:57,1
DA:58,1
DA:59,1
DA:60,1
DA:61,1
DA:62,1
DA:63,1
DA:64,1
DA:65,1
DA:66,1
DA:67,1
DA:68,1
DA:69,1
DA:70,1
DA:71,1
DA:72,1
DA:73,1
DA:74,1
DA:75,1
DA:76,1
DA:77,1
DA:78,1
DA:79,1
DA:80,1
DA:81,1
DA:82,1
DA:83,1
DA:84,1
DA:85,1
DA:86,1
DA:87,1
DA:88,1
DA:89,1
DA:90,1
DA:91,1
DA:92,1
DA:93,1
DA:94,1
DA:95,1
DA:96,1
DA:97,1
DA:98,1
DA:99,1
DA:100,1
DA:101,1
DA:102,1
DA:103,1
DA:104,1
DA:105,1
DA:106,1
DA:107,1
DA:108,1
DA:109,1
DA:110,1
DA:111,1
DA:112,1
DA:113,1
DA:114,1
DA:115,1
DA:116,1
DA:117,1
DA:118,1
DA:119,1
DA:120,1
DA:121,1
DA:122,1
DA:123,1
DA:124,1
DA:125,1
DA:126,1
DA:127,1
DA:128,1
DA:129,1
DA:130,1
DA:131,1
DA:132,1
DA:133,1
DA:134,1
DA:135,1
DA:136,1
DA:137,1
DA:138,1
DA:139,1
DA:140,1
DA:141,1
DA:142,1
DA:143,1
DA:144,1
DA:145,1
DA:146,1
DA:147,1
DA:148,1
DA:149,1
DA:150,1
DA:151,1
DA:152,1
DA:153,1
DA:154,1
DA:155,1
DA:156,1
DA:157,1
DA:158,1
DA:159,1
DA:160,16
DA:161,16
DA:162,16
DA:163,16
DA:164,16
DA:165,16
DA:166,16
DA:167,16
DA:168,6
DA:169,6
DA:170,6
DA:171,6
DA:172,6
DA:173,6
DA:174,6
DA:175,16
DA:176,16
DA:177,16
DA:178,3
DA:179,3
DA:180,3
DA:181,3
DA:182,3
DA:183,3
DA:184,3
DA:185,3
DA:186,3
DA:187,3
DA:188,3
DA:189,3
DA:190,3
DA:191,0
DA:192,0
DA:193,3
DA:194,0
DA:195,0
DA:196,0
DA:197,0
DA:198,0
DA:199,3
DA:200,3
DA:201,3
DA:202,3
DA:203,3
DA:204,3
DA:205,16
DA:206,16
DA:207,16
DA:208,2
DA:209,2
DA:210,2
DA:211,2
DA:212,2
DA:213,2
DA:214,16
DA:215,16
DA:216,7
DA:217,14
DA:218,7
DA:219,7
DA:220,9
DA:221,16
DA:222,16
DA:223,16
DA:224,16
DA:225,16
DA:226,16
DA:227,16
DA:228,16
DA:229,16
DA:230,16
DA:231,16
DA:232,16
DA:233,16
DA:234,16
DA:235,16
DA:236,16
DA:237,16
DA:238,16
DA:239,16
DA:240,16
DA:241,16
DA:242,16
DA:243,16
DA:244,16
DA:245,16
DA:246,16
DA:247,16
DA:248,16
DA:249,0
DA:250,0
DA:251,0
DA:252,16
DA:253,16
DA:254,16
DA:255,16
DA:256,16
DA:257,16
DA:258,16
DA:259,16
DA:260,7
DA:261,7
DA:262,7
DA:263,16
DA:264,16
DA:265,16
DA:266,16
DA:267,3
DA:268,3
DA:269,3
DA:270,3
DA:271,3
DA:272,13
DA:273,16
DA:274,16
DA:275,7
DA:276,7
DA:277,7
DA:278,7
DA:279,7
DA:280,7
DA:281,7
DA:282,8
DA:283,8
DA:284,8
DA:285,8
DA:286,8
DA:287,8
DA:288,8
DA:289,8
DA:290,8
DA:291,8
DA:292,8
DA:293,8
DA:294,8
DA:295,8
DA:296,8
DA:297,8
DA:298,8
DA:299,8
DA:300,8
DA:301,8
DA:302,8
DA:303,8
DA:304,8
DA:305,8
DA:306,8
DA:307,8
DA:308,8
DA:309,8
DA:310,8
DA:311,8
DA:312,8
DA:313,0
DA:314,0
DA:315,8
DA:316,8
DA:317,8
DA:318,8
DA:319,8
DA:320,8
DA:321,8
DA:322,8
DA:323,0
DA:324,0
DA:325,0
DA:326,0
DA:327,0
DA:328,0
DA:329,0
DA:330,0
DA:331,8
DA:332,8
DA:333,8
DA:334,8
DA:335,8
DA:336,8
DA:337,0
DA:338,0
DA:339,0
DA:340,0
DA:341,0
DA:342,0
DA:343,0
DA:344,0
DA:345,0
DA:346,0
DA:347,8
DA:348,8
DA:349,8
DA:350,8
DA:351,8
DA:352,8
DA:353,8
DA:354,8
DA:355,8
DA:356,8
DA:357,8
DA:358,8
DA:359,8
DA:360,8
DA:361,7
DA:362,0
DA:363,0
DA:364,0
DA:365,0
DA:366,0
DA:367,0
DA:368,0
DA:369,0
DA:370,7
DA:371,7
DA:372,9
DA:373,9
DA:374,9
DA:375,9
DA:376,9
DA:377,9
DA:378,9
DA:379,9
DA:380,9
DA:381,9
DA:382,9
DA:383,9
DA:384,6
DA:385,6
DA:386,6
DA:387,6
DA:388,6
DA:389,6
DA:390,6
DA:391,6
DA:392,6
DA:393,6
DA:394,6
DA:395,6
DA:396,6
DA:397,0
DA:398,0
DA:399,6
DA:400,6
DA:401,6
DA:402,6
DA:403,6
DA:404,6
DA:405,0
DA:406,0
DA:407,0
DA:408,0
DA:409,0
DA:410,0
DA:411,0
DA:412,0
DA:413,6
DA:414,6
DA:415,6
DA:416,6
DA:417,6
DA:418,0
DA:419,0
DA:420,0
DA:421,0
DA:422,0
DA:423,0
DA:424,0
DA:425,0
DA:426,0
DA:427,0
DA:428,6
DA:429,6
DA:430,6
DA:431,6
DA:432,6
DA:433,6
DA:434,6
DA:435,6
DA:436,6
DA:437,6
DA:438,6
DA:439,6
DA:440,6
DA:441,6
DA:442,9
DA:443,9
DA:444,9
DA:445,9
DA:446,9
DA:447,9
DA:448,9
DA:449,9
DA:450,9
DA:451,9
DA:452,9
DA:453,16
DA:454,16
DA:455,16
DA:456,16
DA:457,16
DA:458,16
DA:459,16
DA:460,16
DA:461,16
DA:462,16
DA:463,16
DA:464,16
DA:465,16
LF:465
LH:407
BRDA:31,0,0,6
BRDA:32,1,0,0
BRDA:160,2,0,16
BRDA:215,3,0,7
BRDA:219,4,0,9
BRDA:248,5,0,0
BRDA:257,6,0,7
BRDA:257,7,0,9
BRDA:259,8,0,7
BRDA:261,9,0,6
BRDA:261,10,0,1
BRDA:266,11,0,3
BRDA:271,12,0,13
BRDA:274,13,0,7
BRDA:361,14,0,0
BRDA:371,15,0,9
BRDA:167,16,0,6
BRDA:168,17,0,0
BRDA:169,18,0,0
BRDA:170,19,0,0
BRDA:170,20,0,0
BRDA:171,21,0,0
BRDA:171,22,0,0
BRDA:172,23,0,0
BRDA:173,24,0,0
BRDA:173,25,0,0
BRDA:177,26,0,3
BRDA:179,27,0,3
BRDA:184,28,0,0
BRDA:190,29,0,0
BRDA:193,30,0,0
BRDA:204,31,0,3
BRDA:207,32,0,2
BRDA:211,33,0,1
BRDA:211,34,0,1
BRDA:216,35,0,14
BRDA:217,36,0,7
BRDA:242,37,0,7
BRDA:281,38,0,8
BRDA:312,39,0,0
BRDA:322,40,0,0
BRDA:336,41,0,0
BRDA:376,42,0,1
BRDA:383,43,0,6
BRDA:396,44,0,0
BRDA:404,45,0,0
BRDA:417,46,0,0
BRDA:447,47,0,1
BRF:48
BRH:27
end_of_record
TN:
SF:src/pages/LoginPage.tsx
FN:32,LoginPage
FN:42,emailValid
FN:45,handleKey
FN:54,postJson
FN:73,applyApiErrors
FN:92,validateLogin
FN:100,validateRegister
FN:111,handleLoginSubmit
FN:169,handleRegisterSubmit
FN:225,onChange
FN:238,onChange
FN:243,onClick
FN:269,onClick
FN:288,onClick
FN:289,onKeyDown
FN:309,onClick
FN:310,onKeyDown
FN:339,onClick
FN:353,onChange
FN:365,onChange
FN:377,onChange
FN:389,onChange
FN:405,onClick
FNF:23
FNH:12
FNDA:19,LoginPage
FNDA:2,emailValid
FNDA:0,handleKey
FNDA:2,postJson
FNDA:1,applyApiErrors
FNDA:0,validateLogin
FNDA:2,validateRegister
FNDA:0,handleLoginSubmit
FNDA:2,handleRegisterSubmit
FNDA:0,onChange
FNDA:0,onChange
FNDA:0,onClick
FNDA:3,onClick
FNDA:0,onClick
FNDA:0,onKeyDown
FNDA:2,onClick
FNDA:0,onKeyDown
FNDA:0,onClick
FNDA:2,onChange
FNDA:2,onChange
FNDA:2,onChange
FNDA:2,onChange
FNDA:0,onClick
DA:1,1
DA:2,1
DA:3,1
DA:4,1
DA:5,1
DA:6,1
DA:7,1
DA:8,1
DA:9,1
DA:10,1
DA:11,1
DA:12,1
DA:13,1
DA:14,1
DA:15,1
DA:16,1
DA:17,1
DA:18,1
DA:19,1
DA:20,1
DA:21,1
DA:22,1
DA:23,1
DA:24,1
DA:25,1
DA:26,1
DA:27,1
DA:28,1
DA:29,1
DA:30,1
DA:31,1
DA:32,19
DA:33,19
DA:34,19
DA:35,19
DA:36,19
DA:37,19
DA:38,19
DA:39,19
DA:40,19
DA:41,19
DA:42,19
DA:43,19
DA:44,19
DA:45,8
DA:46,0
DA:47,0
DA:48,8
DA:49,8
DA:50,19
DA:51,19
DA:52,19
DA:53,19
DA:54,19
DA:55,2
DA:56,2
DA:57,2
DA:58,2
DA:59,2
DA:60,2
DA:61,2
DA:62,2
DA:63,2
DA:64,2
DA:65,0
DA:66,0
DA:67,2
DA:68,2
DA:69,0
DA:70,0
DA:71,2
DA:72,19
DA:73,19
DA:74,1
DA:75,1
DA:76,1
DA:77,1
DA:78,1
DA:79,1
DA:80,1
DA:81,1
DA:82,1
DA:83,1
DA:84,1
DA:85,0
DA:86,0
DA:87,0
DA:88,1
DA:89,0
DA:90,1
DA:91,19
DA:92,19
DA:93,0
DA:94,0
DA:95,0
DA:96,0
DA:97,0
DA:98,0
DA:99,19
DA:100,19
DA:101,2
DA:102,2
DA:103,2
DA:104,2
DA:105,2
DA:106,2
DA:107,2
DA:108,2
DA:109,2
DA:110,19
DA:111,19
DA:112,0
DA:113,0
DA:114,0
DA:115,0
DA:116,0
DA:117,0
DA:118,0
DA:119,0
DA:120,0
DA:121,0
DA:122,0
DA:123,0
DA:124,0
DA:125,0
DA:126,0
DA:127,0
DA:128,0
DA:129,0
DA:130,0
DA:131,0
DA:132,0
DA:133,0
DA:134,0
DA:135,0
DA:136,0
DA:137,0
DA:138,0
DA:139,0
DA:140,0
DA:141,0
DA:142,0
DA:143,0
DA:144,0
DA:145,0
DA:146,0
DA:147,0
DA:148,0
DA:149,0
DA:150,0
DA:151,0
DA:152,0
DA:153,0
DA:154,0
DA:155,0
DA:156,0
DA:157,0
DA:158,0
DA:159,0
DA:160,0
DA:161,0
DA:162,0
DA:163,0
DA:164,0
DA:165,0
DA:166,0
DA:167,0
DA:168,19
DA:169,19
DA:170,2
DA:171,2
DA:172,2
DA:173,2
DA:174,2
DA:175,2
DA:176,2
DA:177,2
DA:178,2
DA:179,2
DA:180,2
DA:181,2
DA:182,2
DA:183,2
DA:184,2
DA:185,1
DA:186,0
DA:187,1
DA:188,1
DA:189,1
DA:190,1
DA:191,1
DA:192,1
DA:193,1
DA:194,1
DA:195,1
DA:196,1
DA:197,2
DA:198,19
DA:199,19
DA:200,19
DA:201,19
DA:202,19
DA:203,19
DA:204,19
DA:205,19
DA:206,19
DA:207,19
DA:208,19
DA:209,19
DA:210,19
DA:211,19
DA:212,19
DA:213,19
DA:214,19
DA:215,19
DA:216,19
DA:217,19
DA:218,19
DA:219,19
DA:220,19
DA:221,19
DA:222,19
DA:223,19
DA:224,19
DA:225,19
DA:226,19
DA:227,19
DA:228,19
DA:229,19
DA:230,19
DA:231,19
DA:232,19
DA:233,19
DA:234,19
DA:235,19
DA:236,19
DA:237,19
DA:238,19
DA:239,19
DA:240,19
DA:241,19
DA:242,19
DA:243,19
DA:244,19
DA:245,19
DA:246,19
DA:247,19
DA:248,19
DA:249,19
DA:250,19
DA:251,19
DA:252,19
DA:253,0
DA:254,0
DA:255,0
DA:256,19
DA:257,19
DA:258,19
DA:259,19
DA:260,19
DA:261,19
DA:262,19
DA:263,19
DA:264,19
DA:265,19
DA:266,19
DA:267,19
DA:268,19
DA:269,19
DA:270,19
DA:271,19
DA:272,19
DA:273,19
DA:274,19
DA:275,19
DA:276,19
DA:277,19
DA:278,19
DA:279,19
DA:280,19
DA:281,19
DA:282,19
DA:283,19
DA:284,19
DA:285,19
DA:286,14
DA:287,14
DA:288,14
DA:289,14
DA:290,14
DA:291,14
DA:292,14
DA:293,14
DA:294,14
DA:295,14
DA:296,14
DA:297,14
DA:298,14
DA:299,14
DA:300,14
DA:301,14
DA:302,14
DA:303,14
DA:304,14
DA:305,14
DA:306,14
DA:307,14
DA:308,14
DA:309,14
DA:310,14
DA:311,14
DA:312,14
DA:313,14
DA:314,14
DA:315,14
DA:316,14
DA:317,14
DA:318,14
DA:319,14
DA:320,14
DA:321,14
DA:322,14
DA:323,14
DA:324,14
DA:325,14
DA:326,14
DA:327,14
DA:328,14
DA:329,14
DA:330,14
DA:331,14
DA:332,14
DA:333,14
DA:334,14
DA:335,14
DA:336,14
DA:337,14
DA:338,14
DA:339,14
DA:340,14
DA:341,14
DA:342,14
DA:343,14
DA:344,14
DA:345,14
DA:346,14
DA:347,14
DA:348,14
DA:349,14
DA:350,14
DA:351,14
DA:352,14
DA:353,14
DA:354,14
DA:355,14
DA:356,14
DA:357,14
DA:358,14
DA:359,14
DA:360,14
DA:361,14
DA:362,14
DA:363,14
DA:364,14
DA:365,14
DA:366,14
DA:367,14
DA:368,14
DA:369,14
DA:370,14
DA:371,14
DA:372,14
DA:373,14
DA:374,14
DA:375,14
DA:376,14
DA:377,14
DA:378,14
DA:379,14
DA:380,14
DA:381,14
DA:382,14
DA:383,14
DA:384,14
DA:385,14
DA:386,14
DA:387,14
DA:388,14
DA:389,14
DA:390,14
DA:391,14
DA:392,14
DA:393,14
DA:394,14
DA:395,14
DA:396,0
DA:397,0
DA:398,0
DA:399,14
DA:400,14
DA:401,14
DA:402,14
DA:403,14
DA:404,14
DA:405,14
DA:406,14
DA:407,14
DA:408,14
DA:409,14
DA:410,14
DA:411,14
DA:412,14
DA:413,14
DA:414,14
DA:415,19
DA:416,19
DA:417,19
DA:418,19
DA:419,19
DA:420,19
DA:421,19
DA:422,19
DA:423,19
DA:424,19
DA:425,19
DA:426,19
DA:427,19
DA:428,19
DA:429,19
DA:430,19
DA:431,19
DA:432,19
DA:433,19
DA:434,19
DA:435,19
DA:436,19
DA:437,19
DA:438,19
DA:439,19
DA:440,19
DA:441,19
DA:442,19
DA:443,19
DA:444,19
DA:445,19
DA:446,19
DA:447,19
DA:448,19
DA:449,19
DA:450,19
DA:451,19
DA:452,19
DA:453,19
DA:454,19
DA:455,19
DA:456,19
DA:457,19
DA:458,19
DA:459,19
DA:460,19
DA:461,19
DA:462,19
DA:463,19
DA:464,19
DA:465,19
DA:466,19
DA:467,19
DA:468,19
DA:469,19
DA:470,19
DA:471,19
DA:472,19
DA:473,19
DA:474,19
DA:475,19
DA:476,19
DA:477,19
DA:478,19
DA:479,19
DA:480,19
DA:481,19
DA:482,19
DA:483,19
DA:484,19
DA:485,19
DA:486,19
DA:487,19
DA:488,19
DA:489,19
DA:490,19
DA:491,19
DA:492,19
DA:493,19
DA:494,19
DA:495,19
DA:496,19
DA:497,19
DA:498,19
DA:499,19
DA:500,19
DA:501,19
DA:502,19
DA:503,19
DA:504,19
DA:505,19
DA:506,1
DA:507,1
DA:508,1
DA:509,1
DA:510,1
DA:511,1
DA:512,1
DA:513,1
DA:514,1
DA:515,1
DA:516,1
DA:517,1
DA:518,1
DA:519,1
DA:520,1
DA:521,1
DA:522,1
DA:523,1
DA:524,1
DA:525,1
DA:526,1
DA:527,1
DA:528,1
DA:529,1
DA:530,1
DA:531,1
DA:532,1
DA:533,1
DA:534,1
DA:535,1
DA:536,1
DA:537,1
DA:538,1
DA:539,1
DA:540,1
DA:541,1
DA:542,1
DA:543,1
DA:544,1
DA:545,1
DA:546,1
DA:547,1
DA:548,1
DA:549,1
DA:550,1
DA:551,1
DA:552,1
DA:553,1
DA:554,1
DA:555,1
DA:556,1
DA:557,1
DA:558,1
DA:559,1
DA:560,1
LF:560
LH:481
BRDA:32,0,0,19
BRDA:228,1,0,0
BRDA:236,2,0,0
BRDA:248,3,0,0
BRDA:251,4,0,0
BRDA:252,5,0,0
BRDA:285,6,0,14
BRDA:356,7,0,0
BRDA:368,8,0,1
BRDA:380,9,0,0
BRDA:392,10,0,0
BRDA:395,11,0,0
BRDA:42,12,0,2
BRDA:44,13,0,8
BRDA:48,14,0,3
BRDA:49,15,0,8
BRDA:54,16,0,2
BRDA:64,17,0,0
BRDA:68,18,0,0
BRDA:73,19,0,1
BRDA:83,20,0,0
BRDA:84,21,0,0
BRDA:88,22,0,0
BRDA:100,23,0,2
BRDA:102,24,0,0
BRDA:103,25,0,0
BRDA:104,26,0,0
BRDA:105,27,0,0
BRDA:106,28,0,0
BRDA:107,29,0,0
BRDA:169,30,0,2
BRDA:173,31,0,0
BRDA:184,32,0,1
BRDA:185,33,0,0
BRDA:269,34,0,3
BRDA:309,35,0,2
BRDA:353,36,0,2
BRDA:365,37,0,2
BRDA:377,38,0,2
BRDA:389,39,0,2
BRF:40
BRH:18
end_of_record
TN:
SF:src/pages/NotFoundPage.tsx
FN:4,NotFoundPage
FNF:1
FNH:1
FNDA:2,NotFoundPage
DA:1,1
DA:2,1
DA:3,1
DA:4,2
DA:5,2
DA:6,2
DA:7,2
DA:8,2
DA:9,2
DA:10,2
DA:11,2
DA:12,2
DA:13,2
DA:14,2
DA:15,2
DA:16,2
DA:17,2
DA:18,2
DA:19,2
DA:20,2
DA:21,2
DA:22,2
LF:22
LH:22
BRDA:4,0,0,2
BRF:1
BRH:1
end_of_record
TN:
SF:src/pages/UserDetailsPage.tsx
FN:73,apiUrl
FN:78,safeError
FN:118,getStatusStyles
FN:122,getStatusLabel
FN:134,getToolStatusInfo
FN:143,Header
FN:157,getDaysBetween
FN:175,formatDateRange
FN:189,RentItem
FN:241,onClick
FN:258,Tabs
FN:268,onClick
FN:288,ProfileView
FN:318,MyRentsView
FN:347,PendingItem
FN:375,PendingView
FN:402,ToolItem
FN:409,handleStatusChange
FN:435,onClick
FN:451,MyToolsView
FN:473,UserDetailsPage
FN:651,onClick
FN:661,onBack
FNF:23
FNH:15
FNDA:4,apiUrl
FNDA:0,safeError
FNDA:1,getStatusStyles
FNDA:1,getStatusLabel
FNDA:1,getToolStatusInfo
FNDA:4,Header
FNDA:1,getDaysBetween
FNDA:1,formatDateRange
FNDA:1,RentItem
FNDA:0,onClick
FNDA:4,Tabs
FNDA:2,onClick
FNDA:2,ProfileView
FNDA:1,MyRentsView
FNDA:0,PendingItem
FNDA:0,PendingView
FNDA:1,ToolItem
FNDA:0,handleStatusChange
FNDA:0,onClick
FNDA:1,MyToolsView
FNDA:10,UserDetailsPage
FNDA:0,onClick
FNDA:0,onBack
DA:1,1
DA:2,1
DA:3,1
DA:4,1
DA:5,1
DA:6,1
DA:7,1
DA:8,1
DA:9,1
DA:10,1
DA:11,1
DA:12,1
DA:13,1
DA:14,1
DA:15,1
DA:16,1
DA:17,1
DA:18,1
DA:19,1
DA:20,1
DA:21,1
DA:22,1
DA:23,1
DA:24,1
DA:25,1
DA:26,1
DA:27,1
DA:28,1
DA:29,1
DA:30,1
DA:31,1
DA:32,1
DA:33,1
DA:34,1
DA:35,1
DA:36,1
DA:37,1
DA:38,1
DA:39,1
DA:40,1
DA:41,1
DA:42,1
DA:43,1
DA:44,1
DA:45,1
DA:46,1
DA:47,1
DA:48,1
DA:49,1
DA:50,1
DA:51,1
DA:52,1
DA:53,1
DA:54,1
DA:55,1
DA:56,1
DA:57,1
DA:58,1
DA:59,1
DA:60,1
DA:61,1
DA:62,1
DA:63,1
DA:64,1
DA:65,1
DA:66,1
DA:67,1
DA:68,1
DA:69,1
DA:70,1
DA:71,1
DA:72,1
DA:73,1
DA:74,4
DA:75,4
DA:76,4
DA:77,1
DA:78,0
DA:79,0
DA:80,0
DA:81,0
DA:82,0
DA:83,0
DA:84,0
DA:85,0
DA:86,0
DA:87,0
DA:88,0
DA:89,0
DA:90,0
DA:91,0
DA:92,0
DA:93,0
DA:94,0
DA:95,0
DA:96,0
DA:97,0
DA:98,0
DA:99,0
DA:100,1
DA:101,1
DA:102,1
DA:103,1
DA:104,1
DA:105,1
DA:106,1
DA:107,1
DA:108,1
DA:109,1
DA:110,1
DA:111,1
DA:112,1
DA:113,1
DA:114,1
DA:115,1
DA:116,1
DA:117,1
DA:118,1
DA:119,1
DA:120,1
DA:121,1
DA:122,1
DA:123,1
DA:124,1
DA:125,1
DA:126,1
DA:127,1
DA:128,1
DA:129,1
DA:130,1
DA:131,1
DA:132,1
DA:133,1
DA:134,1
DA:135,1
DA:136,1
DA:137,1
DA:138,1
DA:139,1
DA:140,1
DA:141,1
DA:142,1
DA:143,1
DA:144,4
DA:145,4
DA:146,4
DA:147,4
DA:148,4
DA:149,4
DA:150,4
DA:151,4
DA:152,4
DA:153,4
DA:154,1
DA:155,1
DA:156,1
DA:157,1
DA:158,1
DA:159,1
DA:160,1
DA:161,1
DA:162,1
DA:163,1
DA:164,4
DA:165,4
DA:166,4
DA:167,4
DA:168,4
DA:169,4
DA:170,1
DA:171,1
DA:172,1
DA:173,1
DA:174,1
DA:175,1
DA:176,1
DA:177,1
DA:178,1
DA:179,1
DA:180,1
DA:181,1
DA:182,1
DA:183,1
DA:184,1
DA:185,1
DA:186,1
DA:187,1
DA:188,1
DA:189,1
DA:190,1
DA:191,1
DA:192,1
DA:193,1
DA:194,1
DA:195,1
DA:196,1
DA:197,1
DA:198,1
DA:199,1
DA:200,1
DA:201,1
DA:202,1
DA:203,1
DA:204,1
DA:205,1
DA:206,1
DA:207,1
DA:208,1
DA:209,1
DA:210,1
DA:211,1
DA:212,1
DA:213,1
DA:214,1
DA:215,1
DA:216,1
DA:217,1
DA:218,4
DA:219,4
DA:220,4
DA:221,4
DA:222,4
DA:223,4
DA:224,4
DA:225,4
DA:226,4
DA:227,4
DA:228,4
DA:229,4
DA:230,1
DA:231,1
DA:232,1
DA:233,1
DA:234,0
DA:235,0
DA:236,0
DA:237,1
DA:238,1
DA:239,1
DA:240,1
DA:241,1
DA:242,1
DA:243,1
DA:244,1
DA:245,1
DA:246,1
DA:247,1
DA:248,1
DA:249,1
DA:250,1
DA:251,1
DA:252,1
DA:253,1
DA:254,1
DA:255,1
DA:256,1
DA:257,1
DA:258,1
DA:259,4
DA:260,4
DA:261,4
DA:262,4
DA:263,4
DA:264,4
DA:265,4
DA:266,16
DA:267,16
DA:268,16
DA:269,16
DA:270,16
DA:271,16
DA:272,16
DA:273,16
DA:274,16
DA:275,16
DA:276,16
DA:277,16
DA:278,16
DA:279,16
DA:280,16
DA:281,4
DA:282,1
DA:283,1
DA:284,1
DA:285,1
DA:286,1
DA:287,1
DA:288,1
DA:289,2
DA:290,2
DA:291,2
DA:292,2
DA:293,2
DA:294,2
DA:295,2
DA:296,2
DA:297,2
DA:298,2
DA:299,2
DA:300,2
DA:301,2
DA:302,2
DA:303,2
DA:304,2
DA:305,2
DA:306,2
DA:307,2
DA:308,2
DA:309,1
DA:310,1
DA:311,1
DA:312,1
DA:313,1
DA:314,1
DA:315,1
DA:316,1
DA:317,1
DA:318,1
DA:319,1
DA:320,1
DA:321,1
DA:322,0
DA:323,1
DA:324,0
DA:325,1
DA:326,1
DA:327,1
DA:328,1
DA:329,1
DA:330,1
DA:331,1
DA:332,1
DA:333,1
DA:334,1
DA:335,1
DA:336,1
DA:337,1
DA:338,1
DA:339,1
DA:340,1
DA:341,1
DA:342,1
DA:343,1
DA:344,1
DA:345,1
DA:346,1
DA:347,1
DA:348,0
DA:349,0
DA:350,0
DA:351,0
DA:352,0
DA:353,0
DA:354,0
DA:355,0
DA:356,0
DA:357,0
DA:358,0
DA:359,0
DA:360,0
DA:361,0
DA:362,0
DA:363,0
DA:364,0
DA:365,0
DA:366,1
DA:367,1
DA:368,1
DA:369,1
DA:370,1
DA:371,1
DA:372,1
DA:373,1
DA:374,1
DA:375,1
DA:376,0
DA:377,0
DA:378,0
DA:379,0
DA:380,0
DA:381,0
DA:382,0
DA:383,0
DA:384,0
DA:385,0
DA:386,0
DA:387,0
DA:388,0
DA:389,0
DA:390,0
DA:391,0
DA:392,0
DA:393,0
DA:394,0
DA:395,0
DA:396,1
DA:397,1
DA:398,1
DA:399,1
DA:400,1
DA:401,1
DA:402,1
DA:403,1
DA:404,1
DA:405,1
DA:406,1
DA:407,1
DA:408,1
DA:409,1
DA:410,0
DA:411,0
DA:412,0
DA:413,0
DA:414,0
DA:415,0
DA:416,0
DA:417,0
DA:418,0
DA:419,0
DA:420,0
DA:421,0
DA:422,0
DA:423,0
DA:424,0
DA:425,1
DA:426,1
DA:427,1
DA:428,1
DA:429,1
DA:430,1
DA:431,1
DA:432,1
DA:433,1
DA:434,1
DA:435,3
DA:436,3
DA:437,3
DA:438,1
DA:439,1
DA:440,1
DA:441,1
DA:442,1
DA:443,1
DA:444,1
DA:445,1
DA:446,1
DA:447,1
DA:448,1
DA:449,1
DA:450,1
DA:451,1
DA:452,1
DA:453,1
DA:454,1
DA:455,0
DA:456,1
DA:457,0
DA:458,1
DA:459,1
DA:460,1
DA:461,1
DA:462,1
DA:463,1
DA:464,1
DA:465,1
DA:466,1
DA:467,1
DA:468,1
DA:469,1
DA:470,1
DA:471,1
DA:472,1
DA:473,10
DA:474,10
DA:475,10
DA:476,10
DA:477,10
DA:478,10
DA:479,10
DA:480,10
DA:481,10
DA:482,10
DA:483,10
DA:484,10
DA:485,2
DA:486,2
DA:487,2
DA:488,0
DA:489,0
DA:490,0
DA:491,2
DA:492,2
DA:493,2
DA:494,2
DA:495,2
DA:496,2
DA:497,2
DA:498,2
DA:499,2
DA:500,2
DA:501,2
DA:502,2
DA:503,2
DA:504,2
DA:505,2
DA:506,0
DA:507,0
DA:508,2
DA:509,2
DA:510,2
DA:511,2
DA:512,2
DA:513,2
DA:514,0
DA:515,0
DA:516,2
DA:517,2
DA:518,2
DA:519,2
DA:520,2
DA:521,2
DA:522,2
DA:523,2
DA:524,2
DA:525,2
DA:526,2
DA:527,0
DA:528,2
DA:529,2
DA:530,2
DA:531,10
DA:532,10
DA:533,10
DA:534,3
DA:535,3
DA:536,3
DA:537,3
DA:538,3
DA:539,3
DA:540,3
DA:541,0
DA:542,0
DA:543,0
DA:544,0
DA:545,0
DA:546,0
DA:547,0
DA:548,0
DA:549,0
DA:550,0
DA:551,0
DA:552,3
DA:553,3
DA:554,3
DA:555,2
DA:556,2
DA:557,3
DA:558,0
DA:559,3
DA:560,3
DA:561,3
DA:562,10
DA:563,10
DA:564,10
DA:565,3
DA:566,10
DA:567,10
DA:568,10
DA:569,0
DA:570,0
DA:571,0
DA:572,0
DA:573,0
DA:574,0
DA:575,0
DA:576,0
DA:577,0
DA:578,0
DA:579,0
DA:580,0
DA:581,0
DA:582,0
DA:583,0
DA:584,0
DA:585,10
DA:586,10
DA:587,10
DA:588,0
DA:589,0
DA:590,0
DA:591,10
DA:592,10
DA:593,10
DA:594,0
DA:595,0
DA:596,0
DA:597,0
DA:598,0
DA:599,10
DA:600,10
DA:601,10
DA:602,0
DA:603,0
DA:604,0
DA:605,0
DA:606,0
DA:607,0
DA:608,0
DA:609,0
DA:610,0
DA:611,0
DA:612,10
DA:613,10
DA:614,10
DA:615,0
DA:616,0
DA:617,0
DA:618,0
DA:619,0
DA:620,0
DA:621,0
DA:622,0
DA:623,0
DA:624,0
DA:625,0
DA:626,0
DA:627,0
DA:628,0
DA:629,0
DA:630,0
DA:631,0
DA:632,0
DA:633,0
DA:634,0
DA:635,0
DA:636,10
DA:637,10
DA:638,10
DA:639,0
DA:640,0
DA:641,0
DA:642,10
DA:643,10
DA:644,10
DA:645,5
DA:646,10
DA:647,1
DA:648,1
DA:649,1
DA:650,1
DA:651,1
DA:652,1
DA:653,1
DA:654,1
DA:655,4
DA:656,4
DA:657,4
DA:658,4
DA:659,4
DA:660,4
DA:661,4
DA:662,4
DA:663,4
DA:664,4
DA:665,4
DA:666,4
DA:667,4
DA:668,4
DA:669,4
DA:670,4
DA:671,4
DA:672,4
DA:673,10
DA:674,10
DA:675,1
DA:676,1
DA:677,1
DA:678,1
DA:679,1
DA:680,1
DA:681,1
DA:682,10
DA:683,10
DA:684,0
DA:685,0
DA:686,0
DA:687,0
DA:688,0
DA:689,0
DA:690,0
DA:691,10
DA:692,10
DA:693,1
DA:694,1
DA:695,1
DA:696,1
DA:697,1
DA:698,10
DA:699,10
DA:700,10
DA:701,10
DA:702,10
DA:703,10
DA:704,10
DA:705,10
DA:706,10
DA:707,10
DA:708,10
DA:709,10
LF:709
LH:542
BRDA:73,0,0,4
BRDA:74,1,0,0
BRDA:118,2,0,1
BRDA:119,3,0,0
BRDA:122,4,0,1
BRDA:131,5,0,0
BRDA:134,6,0,1
BRDA:135,7,0,0
BRDA:143,8,0,4
BRDA:157,9,0,1
BRDA:163,10,0,4
BRDA:175,11,0,1
BRDA:189,12,0,1
BRDA:195,13,0,0
BRDA:208,14,0,0
BRDA:233,15,0,0
BRDA:217,16,0,4
BRDA:258,17,0,4
BRDA:265,18,0,16
BRDA:274,19,0,4
BRDA:274,20,0,12
BRDA:275,21,0,4
BRDA:275,22,0,12
BRDA:268,23,0,2
BRDA:288,24,0,2
BRDA:289,25,0,0
BRDA:291,26,0,0
BRDA:293,27,0,0
BRDA:318,28,0,1
BRDA:321,29,0,0
BRDA:323,30,0,0
BRDA:326,31,0,1
BRDA:402,32,0,1
BRDA:434,33,0,3
BRDA:451,34,0,1
BRDA:454,35,0,0
BRDA:456,36,0,0
BRDA:459,37,0,1
BRDA:473,38,0,10
BRDA:644,39,0,5
BRDA:646,40,0,1
BRDA:654,41,0,4
BRDA:673,42,0,2
BRDA:674,43,0,1
BRDA:683,44,0,0
BRDA:692,45,0,1
BRDA:484,46,0,2
BRDA:487,47,0,0
BRDA:505,48,0,0
BRDA:513,49,0,0
BRDA:526,50,0,0
BRDA:517,51,0,2
BRDA:520,52,0,2
BRDA:522,53,0,2
BRDA:522,54,0,1
BRDA:523,55,0,2
BRDA:523,56,0,1
BRDA:525,57,0,2
BRDA:533,58,0,3
BRDA:537,59,0,2
BRDA:537,60,0,1
BRDA:540,61,0,2
BRDA:540,62,0,0
BRDA:554,63,0,2
BRDA:554,64,0,2
BRDA:557,65,0,0
BRDA:564,66,0,3
BRF:67
BRH:46
end_of_record
TN:
SF:src/pages/Admin/AdminDashboard.tsx
FN:21,AdminDashboard
FN:32,fetchStats
FN:154,StatCard
FNF:3
FNH:3
FNDA:4,AdminDashboard
FNDA:2,fetchStats
FNDA:4,StatCard
DA:1,1
DA:2,1
DA:3,1
DA:4,1
DA:5,1
DA:6,1
DA:7,1
DA:8,1
DA:9,1
DA:10,1
DA:11,1
DA:12,1
DA:13,1
DA:14,1
DA:15,1
DA:16,1
DA:17,1
DA:18,1
DA:19,1
DA:20,1
DA:21,1
DA:22,4
DA:23,4
DA:24,4
DA:25,4
DA:26,4
DA:27,4
DA:28,2
DA:29,2
DA:30,4
DA:31,4
DA:32,4
DA:33,2
DA:34,2
DA:35,2
DA:36,2
DA:37,2
DA:38,2
DA:39,2
DA:40,2
DA:41,2
DA:42,1
DA:43,1
DA:44,1
DA:45,1
DA:46,1
DA:47,1
DA:48,1
DA:49,1
DA:50,1
DA:51,2
DA:52,2
DA:53,2
DA:54,2
DA:55,4
DA:56,4
DA:57,2
DA:58,2
DA:59,2
DA:60,2
DA:61,2
DA:62,2
DA:63,2
DA:64,4
DA:65,1
DA:66,1
DA:67,1
DA:68,1
DA:69,1
DA:70,1
DA:71,1
DA:72,4
DA:73,1
DA:74,1
DA:75,1
DA:76,1
DA:77,0
DA:78,4
DA:79,4
DA:80,4
DA:81,4
DA:82,4
DA:83,4
DA:84,4
DA:85,4
DA:86,4
DA:87,4
DA:88,4
DA:89,4
DA:90,4
DA:91,4
DA:92,4
DA:93,4
DA:94,4
DA:95,4
DA:96,4
DA:97,4
DA:98,4
DA:99,4
DA:100,4
DA:101,4
DA:102,4
DA:103,4
DA:104,4
DA:105,4
DA:106,4
DA:107,4
DA:108,4
DA:109,4
DA:110,4
DA:111,4
DA:112,4
DA:113,4
DA:114,4
DA:115,4
DA:116,4
DA:117,4
DA:118,4
DA:119,4
DA:120,4
DA:121,4
DA:122,4
DA:123,4
DA:124,4
DA:125,4
DA:126,4
DA:127,4
DA:128,4
DA:129,4
DA:130,4
DA:131,4
DA:132,4
DA:133,4
DA:134,4
DA:135,4
DA:136,4
DA:137,4
DA:138,4
DA:139,4
DA:140,4
DA:141,4
DA:142,4
DA:143,4
DA:144,4
DA:145,4
DA:146,1
DA:147,1
DA:148,1
DA:149,1
DA:150,1
DA:151,1
DA:152,1
DA:153,1
DA:154,1
DA:155,4
DA:156,4
DA:157,4
DA:158,4
DA:159,4
DA:160,1
DA:161,1
DA:162,1
DA:163,1
DA:164,1
DA:165,1
DA:166,1
DA:167,1
DA:168,1
DA:169,1
DA:170,1
DA:171,1
DA:172,1
DA:173,1
DA:174,1
DA:175,1
DA:176,1
DA:177,1
DA:178,1
DA:179,1
DA:180,1
DA:181,1
DA:182,1
DA:183,1
DA:184,1
DA:185,1
DA:186,1
DA:187,1
DA:188,1
DA:189,1
DA:190,1
DA:191,1
DA:192,1
DA:193,1
DA:194,1
DA:195,1
DA:196,1
DA:197,1
DA:198,1
DA:199,1
DA:200,1
DA:201,1
DA:202,1
DA:203,1
DA:204,1
DA:205,1
DA:206,1
DA:207,1
DA:208,1
DA:209,1
DA:210,1
DA:211,1
DA:212,1
DA:213,1
DA:214,1
DA:215,1
DA:216,1
DA:217,1
DA:218,1
DA:219,1
DA:220,1
DA:221,1
DA:222,1
DA:223,1
DA:224,1
DA:225,1
DA:226,1
DA:227,1
DA:228,1
DA:229,1
DA:230,1
DA:231,1
DA:232,1
DA:233,1
DA:234,1
DA:235,1
DA:236,1
DA:237,1
DA:238,1
DA:239,1
DA:240,1
LF:240
LH:239
BRDA:21,0,0,4
BRDA:56,1,0,2
BRDA:64,2,0,1
BRDA:72,3,0,0
BRDA:72,4,0,1
BRDA:75,5,0,1
BRDA:76,6,0,0
BRDA:121,7,0,0
BRDA:27,8,0,2
BRDA:32,9,0,2
BRDA:37,10,0,0
BRDA:41,11,0,1
BRDA:43,12,0,0
BRDA:44,13,0,0
BRDA:50,14,0,0
BRDA:154,15,0,4
BRF:16
BRH:9
end_of_record
TN:
SF:src/pages/Admin/AdminLayout.tsx
FN:11,AdminLayout
FN:12,makeLink
FNF:2
FNH:2
FNDA:22,AdminLayout
FNDA:110,makeLink
DA:1,1
DA:2,1
DA:3,1
DA:4,1
DA:5,1
DA:6,1
DA:7,1
DA:8,1
DA:9,1
DA:10,1
DA:11,22
DA:12,22
DA:13,110
DA:14,110
DA:15,110
DA:16,110
DA:17,110
DA:18,110
DA:19,110
DA:20,110
DA:21,110
DA:22,22
DA:23,22
DA:24,22
DA:25,22
DA:26,22
DA:27,22
DA:28,22
DA:29,22
DA:30,22
DA:31,22
DA:32,22
DA:33,22
DA:34,22
DA:35,22
DA:36,22
DA:37,22
DA:38,22
DA:39,22
DA:40,22
LF:40
LH:40
BRDA:11,0,0,22
BRDA:12,1,0,110
BRDA:17,2,0,22
BRDA:17,3,0,88
BRF:4
BRH:4
end_of_record
TN:
SF:src/pages/Admin/AdminTools.tsx
FN:20,getErrorMessage
FN:30,AdminTools
FN:59,onKey
FN:67,fetchTools
FN:94,handleUpdateStatus
FN:118,handleEdit
FN:120,handleSaveEdit
FN:148,handleDelete
FN:191,closeModal
FN:215,onClick
FN:248,onChange
FN:259,onClick
FN:260,onClick
FN:302,onChange
FN:311,onChange
FN:326,onChange
FN:331,onChange
FN:336,onChange
FN:345,onChange
FN:352,onChange
FNF:20
FNH:16
FNDA:7,getErrorMessage
FNDA:75,AdminTools
FNDA:1,onKey
FNDA:31,fetchTools
FNDA:2,handleUpdateStatus
FNDA:6,handleEdit
FNDA:2,handleSaveEdit
FNDA:3,handleDelete
FNDA:1,closeModal
FNDA:6,onClick
FNDA:2,onChange
FNDA:6,onClick
FNDA:3,onClick
FNDA:1,onChange
FNDA:0,onChange
FNDA:0,onChange
FNDA:1,onChange
FNDA:0,onChange
FNDA:0,onChange
FNDA:1,onChange
DA:1,1
DA:2,1
DA:3,1
DA:4,1
DA:5,1
DA:6,1
DA:7,1
DA:8,1
DA:9,1
DA:10,1
DA:11,1
DA:12,1
DA:13,1
DA:14,1
DA:15,1
DA:16,1
DA:17,1
DA:18,1
DA:19,1
DA:20,1
DA:21,7
DA:22,0
DA:23,0
DA:24,0
DA:25,7
DA:26,0
DA:27,0
DA:28,7
DA:29,1
DA:30,1
DA:31,75
DA:32,75
DA:33,75
DA:34,75
DA:35,75
DA:36,75
DA:37,75
DA:38,75
DA:39,75
DA:40,75
DA:41,75
DA:42,75
DA:43,75
DA:44,28
DA:45,28
DA:46,75
DA:47,75
DA:48,75
DA:49,40
DA:50,31
DA:51,31
DA:52,31
DA:53,9
DA:54,40
DA:55,6
DA:56,6
DA:57,6
DA:58,9
DA:59,9
DA:60,1
DA:61,1
DA:62,9
DA:63,9
DA:64,9
DA:65,75
DA:66,75
DA:67,75
DA:68,31
DA:69,31
DA:70,31
DA:71,31
DA:72,31
DA:73,31
DA:74,31
DA:75,31
DA:76,31
DA:77,31
DA:78,30
DA:79,31
DA:80,2
DA:81,2
DA:82,2
DA:83,2
DA:84,25
DA:85,25
DA:86,25
DA:87,31
DA:88,4
DA:89,31
DA:90,30
DA:91,30
DA:92,31
DA:93,75
DA:94,75
DA:95,2
DA:96,2
DA:97,2
DA:98,2
DA:99,2
DA:100,2
DA:101,2
DA:102,2
DA:103,2
DA:104,2
DA:105,2
DA:106,2
DA:107,1
DA:108,1
DA:109,1
DA:110,1
DA:111,1
DA:112,1
DA:113,1
DA:114,1
DA:115,1
DA:116,2
DA:117,75
DA:118,75
DA:119,75
DA:120,75
DA:121,2
DA:122,2
DA:123,2
DA:124,2
DA:125,2
DA:126,2
DA:127,2
DA:128,2
DA:129,2
DA:130,2
DA:131,2
DA:132,2
DA:133,2
DA:134,2
DA:135,1
DA:136,1
DA:137,1
DA:138,1
DA:139,1
DA:140,1
DA:141,1
DA:142,1
DA:143,1
DA:144,1
DA:145,1
DA:146,2
DA:147,75
DA:148,75
DA:149,3
DA:150,2
DA:151,2
DA:152,2
DA:153,2
DA:154,2
DA:155,2
DA:156,3
DA:157,3
DA:158,3
DA:159,2
DA:160,3
DA:161,1
DA:162,1
DA:163,1
DA:164,1
DA:165,1
DA:166,1
DA:167,1
DA:168,1
DA:169,1
DA:170,1
DA:171,3
DA:172,75
DA:173,75
DA:174,75
DA:175,75
DA:176,28
DA:177,28
DA:178,28
DA:179,28
DA:180,28
DA:181,28
DA:182,47
DA:183,75
DA:184,4
DA:185,4
DA:186,4
DA:187,4
DA:188,4
DA:189,4
DA:190,43
DA:191,43
DA:192,43
DA:193,43
DA:194,43
DA:195,43
DA:196,43
DA:197,43
DA:198,43
DA:199,43
DA:200,43
DA:201,43
DA:202,43
DA:203,43
DA:204,43
DA:205,43
DA:206,43
DA:207,43
DA:208,43
DA:209,215
DA:210,215
DA:211,215
DA:212,215
DA:213,215
DA:214,215
DA:215,215
DA:216,215
DA:217,215
DA:218,215
DA:219,43
DA:220,43
DA:221,43
DA:222,43
DA:223,43
DA:224,43
DA:225,43
DA:226,43
DA:227,43
DA:228,43
DA:229,43
DA:230,43
DA:231,43
DA:232,43
DA:233,43
DA:234,43
DA:235,43
DA:236,43
DA:237,43
DA:238,43
DA:239,110
DA:240,110
DA:241,110
DA:242,110
DA:243,110
DA:244,110
DA:245,110
DA:246,110
DA:247,110
DA:248,110
DA:249,110
DA:250,110
DA:251,110
DA:252,110
DA:253,110
DA:254,110
DA:255,110
DA:256,110
DA:257,110
DA:258,110
DA:259,110
DA:260,110
DA:261,110
DA:262,110
DA:263,110
DA:264,110
DA:265,110
DA:266,110
DA:267,43
DA:268,43
DA:269,43
DA:270,43
DA:271,43
DA:272,43
DA:273,43
DA:274,9
DA:275,9
DA:276,9
DA:277,9
DA:278,9
DA:279,9
DA:280,9
DA:281,9
DA:282,9
DA:283,9
DA:284,9
DA:285,9
DA:286,9
DA:287,9
DA:288,9
DA:289,9
DA:290,9
DA:291,9
DA:292,9
DA:293,9
DA:294,9
DA:295,9
DA:296,9
DA:297,9
DA:298,9
DA:299,9
DA:300,9
DA:301,9
DA:302,9
DA:303,9
DA:304,9
DA:305,9
DA:306,9
DA:307,9
DA:308,9
DA:309,9
DA:310,9
DA:311,9
DA:312,0
DA:313,9
DA:314,9
DA:315,9
DA:316,9
DA:317,9
DA:318,9
DA:319,9
DA:320,9
DA:321,9
DA:322,9
DA:323,9
DA:324,9
DA:325,9
DA:326,9
DA:327,9
DA:328,9
DA:329,9
DA:330,9
DA:331,9
DA:332,9
DA:333,9
DA:334,9
DA:335,9
DA:336,9
DA:337,9
DA:338,9
DA:339,9
DA:340,9
DA:341,9
DA:342,9
DA:343,9
DA:344,9
DA:345,9
DA:346,9
DA:347,9
DA:348,9
DA:349,9
DA:350,9
DA:351,9
DA:352,9
DA:353,9
DA:354,9
DA:355,9
DA:356,9
DA:357,9
DA:358,9
DA:359,9
DA:360,9
DA:361,75
DA:362,75
DA:363,75
DA:364,75
DA:365,1
DA:366,1
DA:367,1
DA:368,1
DA:369,1
DA:370,1
DA:371,1
DA:372,1
DA:373,1
DA:374,1
DA:375,1
DA:376,1
DA:377,1
DA:378,1
DA:379,1
DA:380,1
DA:381,1
DA:382,1
DA:383,1
DA:384,1
DA:385,1
DA:386,1
DA:387,1
DA:388,1
DA:389,1
DA:390,1
DA:391,1
DA:392,1
DA:393,1
DA:394,1
DA:395,1
DA:396,1
DA:397,1
DA:398,1
DA:399,1
DA:400,1
DA:401,1
DA:402,1
DA:403,1
DA:404,1
DA:405,1
DA:406,1
DA:407,1
DA:408,1
DA:409,1
DA:410,1
DA:411,1
DA:412,1
DA:413,1
DA:414,1
DA:415,1
DA:416,1
DA:417,1
DA:418,1
DA:419,1
DA:420,1
DA:421,1
DA:422,1
DA:423,1
DA:424,1
DA:425,1
DA:426,1
DA:427,1
DA:428,1
DA:429,1
DA:430,1
DA:431,1
DA:432,1
DA:433,1
DA:434,1
DA:435,1
DA:436,1
DA:437,1
DA:438,1
DA:439,1
DA:440,1
DA:441,1
DA:442,1
DA:443,1
DA:444,1
DA:445,1
DA:446,1
DA:447,1
DA:448,1
DA:449,1
DA:450,1
DA:451,1
DA:452,1
DA:453,1
DA:454,1
DA:455,1
DA:456,1
DA:457,1
DA:458,1
DA:459,1
DA:460,1
DA:461,1
DA:462,1
DA:463,1
DA:464,1
DA:465,1
DA:466,1
DA:467,1
DA:468,1
DA:469,1
DA:470,1
DA:471,1
DA:472,1
DA:473,1
DA:474,1
DA:475,1
DA:476,1
DA:477,1
DA:478,1
DA:479,1
DA:480,1
DA:481,1
DA:482,1
DA:483,1
DA:484,1
DA:485,1
DA:486,1
DA:487,1
DA:488,1
DA:489,1
DA:490,1
DA:491,1
DA:492,1
DA:493,1
DA:494,1
DA:495,1
DA:496,1
DA:497,1
DA:498,1
DA:499,1
DA:500,1
DA:501,1
DA:502,1
DA:503,1
DA:504,1
DA:505,1
DA:506,1
DA:507,1
DA:508,1
DA:509,1
DA:510,1
DA:511,1
DA:512,1
DA:513,1
DA:514,1
DA:515,1
DA:516,1
DA:517,1
DA:518,1
DA:519,1
DA:520,1
DA:521,1
DA:522,1
DA:523,1
DA:524,1
DA:525,1
DA:526,1
DA:527,1
DA:528,1
DA:529,1
DA:530,1
DA:531,1
DA:532,1
DA:533,1
DA:534,1
DA:535,1
DA:536,1
DA:537,1
DA:538,1
DA:539,1
DA:540,1
DA:541,1
DA:542,1
DA:543,1
DA:544,1
DA:545,1
DA:546,1
DA:547,1
DA:548,1
LF:548
LH:542
BRDA:20,0,0,7
BRDA:21,1,0,0
BRDA:25,2,0,0
BRDA:30,3,0,75
BRDA:175,4,0,28
BRDA:181,5,0,47
BRDA:183,6,0,4
BRDA:189,7,0,43
BRDA:273,8,0,9
BRDA:310,9,0,0
BRDA:43,10,0,28
BRDA:48,11,0,40
BRDA:49,12,0,31
BRDA:52,13,0,9
BRDA:54,14,0,6
BRDA:57,15,0,9
BRDA:55,16,0,6
BRDA:59,17,0,1
BRDA:64,18,0,9
BRDA:67,19,0,31
BRDA:75,20,0,0
BRDA:77,21,0,30
BRDA:79,22,0,2
BRDA:81,23,0,1
BRDA:82,24,0,0
BRDA:83,25,0,25
BRDA:87,26,0,4
BRDA:88,27,0,0
BRDA:89,28,0,29
BRDA:89,29,0,30
BRDA:94,30,0,2
BRDA:101,31,0,0
BRDA:106,32,0,1
BRDA:108,33,0,0
BRDA:109,34,0,0
BRDA:114,35,0,0
BRDA:118,36,0,6
BRDA:120,37,0,2
BRDA:121,38,0,0
BRDA:129,39,0,0
BRDA:134,40,0,1
BRDA:136,41,0,0
BRDA:137,42,0,0
BRDA:144,43,0,0
BRDA:148,44,0,3
BRDA:149,45,0,1
BRDA:149,46,0,2
BRDA:156,47,0,0
BRDA:158,48,0,2
BRDA:160,49,0,1
BRDA:162,50,0,0
BRDA:163,51,0,0
BRDA:169,52,0,0
BRDA:173,53,0,128
BRDA:173,54,0,115
BRDA:173,55,0,13
BRDA:191,56,0,1
BRDA:208,57,0,215
BRDA:213,58,0,43
BRDA:213,59,0,172
BRDA:217,60,0,43
BRDA:217,61,0,172
BRDA:215,62,0,6
BRDA:238,63,0,110
BRDA:248,64,0,2
BRDA:259,65,0,6
BRDA:260,66,0,3
BRDA:302,67,0,1
BRDA:302,68,0,1
BRDA:302,69,0,0
BRDA:331,70,0,1
BRDA:331,71,0,1
BRDA:331,72,0,0
BRDA:331,73,0,0
BRDA:352,74,0,1
BRDA:352,75,0,1
BRDA:352,76,0,0
BRF:77
BRH:54
end_of_record
TN:
SF:src/pages/Admin/AdminUsers.tsx
FN:14,AdminUsers
FN:27,fetchUsers
FN:51,handleActivateUser
FN:74,handleDeactivateUser
FN:97,handleChangeRole
FN:167,onClick
FN:212,onClick
FN:214,onClick
FN:216,onClick
FNF:9
FNH:7
FNDA:13,AdminUsers
FNDA:7,fetchUsers
FNDA:1,handleActivateUser
FNDA:0,handleDeactivateUser
FNDA:1,handleChangeRole
FNDA:1,onClick
FNDA:0,onClick
FNDA:1,onClick
FNDA:1,onClick
DA:1,1
DA:2,1
DA:3,1
DA:4,1
DA:5,1
DA:6,1
DA:7,1
DA:8,1
DA:9,1
DA:10,1
DA:11,1
DA:12,1
DA:13,1
DA:14,1
DA:15,13
DA:16,13
DA:17,13
DA:18,13
DA:19,13
DA:20,13
DA:21,13
DA:22,13
DA:23,5
DA:24,5
DA:25,13
DA:26,13
DA:27,13
DA:28,7
DA:29,7
DA:30,7
DA:31,7
DA:32,7
DA:33,7
DA:34,7
DA:35,7
DA:36,7
DA:37,0
DA:38,0
DA:39,0
DA:40,0
DA:41,7
DA:42,7
DA:43,7
DA:44,7
DA:45,0
DA:46,7
DA:47,7
DA:48,7
DA:49,7
DA:50,13
DA:51,13
DA:52,1
DA:53,1
DA:54,1
DA:55,1
DA:56,1
DA:57,1
DA:58,1
DA:59,1
DA:60,1
DA:61,1
DA:62,1
DA:63,0
DA:64,0
DA:65,0
DA:66,0
DA:67,1
DA:68,1
DA:69,1
DA:70,0
DA:71,0
DA:72,1
DA:73,13
DA:74,13
DA:75,0
DA:76,0
DA:77,0
DA:78,0
DA:79,0
DA:80,0
DA:81,0
DA:82,0
DA:83,0
DA:84,0
DA:85,0
DA:86,0
DA:87,0
DA:88,0
DA:89,0
DA:90,0
DA:91,0
DA:92,0
DA:93,0
DA:94,0
DA:95,0
DA:96,13
DA:97,13
DA:98,1
DA:99,1
DA:100,1
DA:101,1
DA:102,1
DA:103,1
DA:104,1
DA:105,1
DA:106,1
DA:107,1
DA:108,1
DA:109,1
DA:110,1
DA:111,1
DA:112,0
DA:113,0
DA:114,0
DA:115,0
DA:116,1
DA:117,1
DA:118,1
DA:119,0
DA:120,0
DA:121,1
DA:122,13
DA:123,13
DA:124,16
DA:125,16
DA:126,16
DA:127,2
DA:128,0
DA:129,0
DA:130,13
DA:131,13
DA:132,13
DA:133,5
DA:134,5
DA:135,5
DA:136,5
DA:137,5
DA:138,5
DA:139,8
DA:140,13
DA:141,0
DA:142,0
DA:143,0
DA:144,0
DA:145,0
DA:146,0
DA:147,8
DA:148,8
DA:149,8
DA:150,8
DA:151,8
DA:152,8
DA:153,8
DA:154,8
DA:155,8
DA:156,8
DA:157,8
DA:158,8
DA:159,8
DA:160,8
DA:161,8
DA:162,8
DA:163,8
DA:164,8
DA:165,40
DA:166,40
DA:167,40
DA:168,40
DA:169,40
DA:170,40
DA:171,40
DA:172,40
DA:173,40
DA:174,40
DA:175,8
DA:176,8
DA:177,8
DA:178,8
DA:179,8
DA:180,8
DA:181,8
DA:182,8
DA:183,8
DA:184,8
DA:185,8
DA:186,8
DA:187,8
DA:188,8
DA:189,8
DA:190,8
DA:191,8
DA:192,8
DA:193,8
DA:194,8
DA:195,15
DA:196,15
DA:197,15
DA:198,15
DA:199,15
DA:200,15
DA:201,15
DA:202,15
DA:203,15
DA:204,15
DA:205,15
DA:206,15
DA:207,15
DA:208,15
DA:209,15
DA:210,15
DA:211,15
DA:212,9
DA:213,6
DA:214,6
DA:215,15
DA:216,15
DA:217,15
DA:218,15
DA:219,15
DA:220,15
DA:221,15
DA:222,8
DA:223,8
DA:224,8
DA:225,8
DA:226,8
DA:227,8
DA:228,8
DA:229,8
DA:230,1
DA:231,1
DA:232,1
DA:233,1
DA:234,1
DA:235,1
DA:236,1
DA:237,1
DA:238,1
DA:239,1
DA:240,1
DA:241,1
DA:242,1
DA:243,1
DA:244,1
DA:245,1
DA:246,1
DA:247,1
DA:248,1
DA:249,1
DA:250,1
DA:251,1
DA:252,1
DA:253,1
DA:254,1
DA:255,1
DA:256,1
DA:257,1
DA:258,1
DA:259,1
DA:260,1
DA:261,1
DA:262,1
DA:263,1
DA:264,1
DA:265,1
DA:266,1
DA:267,1
DA:268,1
DA:269,1
DA:270,1
DA:271,1
DA:272,1
DA:273,1
DA:274,1
DA:275,1
DA:276,1
DA:277,1
DA:278,1
DA:279,1
DA:280,1
DA:281,1
DA:282,1
DA:283,1
DA:284,1
DA:285,1
DA:286,1
DA:287,1
DA:288,1
DA:289,1
DA:290,1
DA:291,1
DA:292,1
DA:293,1
DA:294,1
DA:295,1
DA:296,1
DA:297,1
DA:298,1
DA:299,1
DA:300,1
DA:301,1
DA:302,1
DA:303,1
DA:304,1
DA:305,1
DA:306,1
DA:307,1
DA:308,1
DA:309,1
DA:310,1
DA:311,1
DA:312,1
DA:313,1
DA:314,1
DA:315,1
LF:315
LH:269
BRDA:14,0,0,13
BRDA:132,1,0,5
BRDA:138,2,0,8
BRDA:140,3,0,0
BRDA:146,4,0,8
BRDA:22,5,0,5
BRDA:27,6,0,7
BRDA:36,7,0,0
BRDA:44,8,0,0
BRDA:51,9,0,1
BRDA:62,10,0,0
BRDA:69,11,0,0
BRDA:97,12,0,1
BRDA:98,13,0,0
BRDA:111,14,0,0
BRDA:118,15,0,0
BRDA:123,16,0,16
BRDA:124,17,0,14
BRDA:124,18,0,2
BRDA:125,19,0,0
BRDA:125,20,0,2
BRDA:126,21,0,0
BRDA:126,22,0,2
BRDA:127,23,0,0
BRDA:164,24,0,40
BRDA:170,25,0,8
BRDA:170,26,0,32
BRDA:173,27,0,8
BRDA:173,28,0,32
BRDA:167,29,0,1
BRDA:194,30,0,15
BRDA:200,31,0,9
BRDA:200,32,0,6
BRDA:205,33,0,9
BRDA:205,34,0,6
BRDA:206,35,0,9
BRDA:206,36,0,6
BRDA:211,37,0,9
BRDA:212,38,0,6
BRDA:217,39,0,9
BRDA:217,40,0,6
BRDA:214,41,0,1
BRDA:216,42,0,1
BRDA:216,43,0,0
BRF:44
BRH:32
end_of_record
TN:
SF:src/pages/Admin/adminStyles.ts
FNF:0
FNH:0
DA:1,1
DA:2,1
DA:3,1
DA:4,1
DA:5,1
DA:6,1
DA:7,1
DA:8,1
DA:9,1
DA:10,1
DA:11,1
DA:12,1
DA:13,1
DA:14,1
DA:15,1
DA:16,1
DA:17,1
DA:18,1
DA:19,1
DA:20,1
DA:21,1
DA:22,1
DA:23,1
DA:24,1
DA:25,1
DA:26,1
DA:27,1
DA:28,1
DA:29,1
DA:30,1
DA:31,1
DA:32,1
DA:33,1
DA:34,1
DA:35,1
DA:36,1
DA:37,1
DA:38,1
DA:39,1
DA:40,1
DA:41,1
DA:42,1
DA:43,1
DA:44,1
DA:45,1
DA:46,1
DA:47,1
DA:48,1
DA:49,1
DA:50,1
DA:51,1
DA:52,1
DA:53,1
DA:54,1
DA:55,1
DA:56,1
DA:57,1
DA:58,1
DA:59,1
DA:60,1
DA:61,1
DA:62,1
DA:63,1
DA:64,1
DA:65,1
DA:66,1
DA:67,1
DA:68,1
DA:69,1
DA:70,1
DA:71,1
LF:71
LH:71
BRF:0
BRH:0
end_of_record
TN:
SF:src/pages/Admin/adminUtils.ts
FN:1,apiUrl
FN:7,getJwt
FN:21,handleAuthError
FNF:3
FNH:3
FNDA:5,apiUrl
FNDA:4,getJwt
FNDA:13,handleAuthError
DA:1,1
DA:2,5
DA:3,5
DA:4,5
DA:5,5
DA:6,1
DA:7,1
DA:8,4
DA:9,4
DA:10,4
DA:11,4
DA:12,1
DA:13,1
DA:14,1
DA:15,4
DA:16,1
DA:17,1
DA:18,1
DA:19,1
DA:20,1
DA:21,1
DA:22,13
DA:23,13
DA:24,13
DA:25,13
DA:26,13
DA:27,13
DA:28,8
DA:29,8
DA:30,8
DA:31,8
DA:32,1
DA:33,1
DA:34,8
DA:35,8
DA:36,6
DA:37,6
DA:38,6
DA:39,8
DA:40,8
DA:41,13
DA:42,3
DA:43,3
DA:44,5
DA:45,5
LF:45
LH:45
BRDA:1,0,0,5
BRDA:2,1,0,3
BRDA:2,2,0,2
BRDA:3,3,0,1
BRDA:3,4,0,4
BRDA:7,5,0,4
BRDA:10,6,0,3
BRDA:10,7,0,2
BRDA:11,8,0,1
BRDA:21,9,0,13
BRDA:27,10,0,7
BRDA:27,11,0,8
BRDA:31,12,0,1
BRDA:34,13,0,6
BRDA:35,14,0,6
BRDA:40,15,0,5
BRDA:41,16,0,3
BRDA:41,17,0,3
BRDA:43,18,0,5
BRDA:37,19,0,2
BRF:20
BRH:20
end_of_record
TN:
SF:src/pages/Payment/PaymentCancel.tsx
FN:48,PaymentCancel
FN:51,handleRetryPayment
FN:55,handleViewRentals
FN:59,handleBackHome
FN:109,onMouseOver
FN:113,onMouseOut
FN:117,onFocus
FN:121,onBlur
FN:136,onMouseOver
FN:139,onMouseOut
FN:142,onFocus
FN:145,onBlur
FN:159,onMouseOver
FN:162,onMouseOut
FN:165,onFocus
FN:168,onBlur
FNF:16
FNH:16
FNDA:24,PaymentCancel
FNDA:1,handleRetryPayment
FNDA:1,handleViewRentals
FNDA:1,handleBackHome
FNDA:2,onMouseOver
FNDA:1,onMouseOut
FNDA:2,onFocus
FNDA:1,onBlur
FNDA:2,onMouseOver
FNDA:1,onMouseOut
FNDA:2,onFocus
FNDA:1,onBlur
FNDA:2,onMouseOver
FNDA:1,onMouseOut
FNDA:2,onFocus
FNDA:1,onBlur
DA:1,1
DA:2,1
DA:3,1
DA:4,1
DA:5,1
DA:6,1
DA:7,1
DA:8,1
DA:9,1
DA:10,1
DA:11,1
DA:12,1
DA:13,1
DA:14,1
DA:15,1
DA:16,1
DA:17,1
DA:18,1
DA:19,1
DA:20,1
DA:21,1
DA:22,1
DA:23,1
DA:24,1
DA:25,1
DA:26,1
DA:27,1
DA:28,1
DA:29,1
DA:30,1
DA:31,1
DA:32,1
DA:33,1
DA:34,1
DA:35,1
DA:36,1
DA:37,1
DA:38,1
DA:39,1
DA:40,1
DA:41,1
DA:42,1
DA:43,1
DA:44,1
DA:45,1
DA:46,1
DA:47,1
DA:48,24
DA:49,24
DA:50,24
DA:51,24
DA:52,1
DA:53,1
DA:54,24
DA:55,24
DA:56,1
DA:57,1
DA:58,24
DA:59,24
DA:60,1
DA:61,1
DA:62,24
DA:63,24
DA:64,24
DA:65,24
DA:66,24
DA:67,24
DA:68,24
DA:69,24
DA:70,24
DA:71,24
DA:72,24
DA:73,24
DA:74,24
DA:75,24
DA:76,24
DA:77,24
DA:78,24
DA:79,24
DA:80,24
DA:81,24
DA:82,24
DA:83,24
DA:84,24
DA:85,24
DA:86,24
DA:87,24
DA:88,24
DA:89,24
DA:90,24
DA:91,24
DA:92,24
DA:93,24
DA:94,24
DA:95,24
DA:96,24
DA:97,24
DA:98,24
DA:99,24
DA:100,24
DA:101,24
DA:102,24
DA:103,24
DA:104,24
DA:105,24
DA:106,24
DA:107,24
DA:108,24
DA:109,24
DA:110,2
DA:111,2
DA:112,2
DA:113,24
DA:114,1
DA:115,1
DA:116,1
DA:117,24
DA:118,2
DA:119,2
DA:120,2
DA:121,24
DA:122,1
DA:123,1
DA:124,1
DA:125,24
DA:126,24
DA:127,24
DA:128,24
DA:129,24
DA:130,24
DA:131,24
DA:132,24
DA:133,24
DA:134,24
DA:135,24
DA:136,24
DA:137,2
DA:138,2
DA:139,24
DA:140,1
DA:141,1
DA:142,24
DA:143,2
DA:144,2
DA:145,24
DA:146,1
DA:147,1
DA:148,24
DA:149,24
DA:150,24
DA:151,24
DA:152,24
DA:153,24
DA:154,24
DA:155,24
DA:156,24
DA:157,24
DA:158,24
DA:159,24
DA:160,2
DA:161,2
DA:162,24
DA:163,1
DA:164,1
DA:165,24
DA:166,2
DA:167,2
DA:168,24
DA:169,1
DA:170,1
DA:171,24
DA:172,24
DA:173,24
DA:174,24
DA:175,24
DA:176,24
DA:177,24
DA:178,24
LF:178
LH:178
BRDA:48,0,0,24
BRDA:51,1,0,1
BRDA:55,2,0,1
BRDA:59,3,0,1
BRDA:109,4,0,2
BRDA:113,5,0,1
BRDA:117,6,0,2
BRDA:121,7,0,1
BRDA:136,8,0,2
BRDA:139,9,0,1
BRDA:142,10,0,2
BRDA:145,11,0,1
BRDA:159,12,0,2
BRDA:162,13,0,1
BRDA:165,14,0,2
BRDA:168,15,0,1
BRF:16
BRH:16
end_of_record
TN:
SF:src/pages/Payment/PaymentSuccess.tsx
FN:6,apiUrl
FN:72,getTitleText
FN:82,getBodyText
FN:92,PaymentSuccess
FN:108,fetchRentAndTool
FN:146,handleViewRentals
FN:150,handleBackHome
FN:225,onMouseOver
FN:229,onMouseOut
FN:233,onFocus
FN:237,onBlur
FN:252,onMouseOver
FN:255,onMouseOut
FN:258,onFocus
FN:261,onBlur
FNF:15
FNH:15
FNDA:1,apiUrl
FNDA:22,getTitleText
FNDA:22,getBodyText
FNDA:22,PaymentSuccess
FNDA:22,fetchRentAndTool
FNDA:1,handleViewRentals
FNDA:1,handleBackHome
FNDA:2,onMouseOver
FNDA:1,onMouseOut
FNDA:2,onFocus
FNDA:1,onBlur
FNDA:2,onMouseOver
FNDA:1,onMouseOut
FNDA:2,onFocus
FNDA:1,onBlur
DA:1,1
DA:2,1
DA:3,1
DA:4,1
DA:5,1
DA:6,1
DA:7,1
DA:8,1
DA:9,1
DA:10,1
DA:11,1
DA:12,1
DA:13,1
DA:14,1
DA:15,1
DA:16,1
DA:17,1
DA:18,1
DA:19,1
DA:20,1
DA:21,1
DA:22,1
DA:23,1
DA:24,1
DA:25,1
DA:26,1
DA:27,1
DA:28,1
DA:29,1
DA:30,1
DA:31,1
DA:32,1
DA:33,1
DA:34,1
DA:35,1
DA:36,1
DA:37,1
DA:38,1
DA:39,1
DA:40,1
DA:41,1
DA:42,1
DA:43,1
DA:44,1
DA:45,1
DA:46,1
DA:47,1
DA:48,1
DA:49,1
DA:50,1
DA:51,1
DA:52,1
DA:53,1
DA:54,1
DA:55,1
DA:56,1
DA:57,1
DA:58,1
DA:59,1
DA:60,1
DA:61,1
DA:62,1
DA:63,1
DA:64,1
DA:65,1
DA:66,1
DA:67,1
DA:68,1
DA:69,1
DA:70,1
DA:71,1
DA:72,22
DA:73,22
DA:74,0
DA:75,0
DA:76,22
DA:77,0
DA:78,0
DA:79,22
DA:80,22
DA:81,1
DA:82,22
DA:83,22
DA:84,0
DA:85,0
DA:86,22
DA:87,0
DA:88,0
DA:89,22
DA:90,22
DA:91,1
DA:92,22
DA:93,22
DA:94,22
DA:95,22
DA:96,22
DA:97,22
DA:98,22
DA:99,22
DA:100,22
DA:101,22
DA:102,22
DA:103,22
DA:104,22
DA:105,22
DA:106,22
DA:107,22
DA:108,22
DA:109,22
DA:110,21
DA:111,21
DA:112,21
DA:113,1
DA:114,1
DA:115,1
DA:116,1
DA:117,22
DA:118,22
DA:119,0
DA:120,0
DA:121,0
DA:122,0
DA:123,0
DA:124,0
DA:125,0
DA:126,0
DA:127,0
DA:128,0
DA:129,0
DA:130,0
DA:131,0
DA:132,0
DA:133,0
DA:134,0
DA:135,22
DA:136,1
DA:137,1
DA:138,1
DA:139,1
DA:140,22
DA:141,22
DA:142,22
DA:143,22
DA:144,22
DA:145,22
DA:146,22
DA:147,1
DA:148,1
DA:149,22
DA:150,22
DA:151,1
DA:152,1
DA:153,22
DA:154,22
DA:155,22
DA:156,22
DA:157,22
DA:158,22
DA:159,22
DA:160,22
DA:161,22
DA:162,22
DA:163,22
DA:164,22
DA:165,22
DA:166,22
DA:167,22
DA:168,22
DA:169,22
DA:170,22
DA:171,22
DA:172,22
DA:173,22
DA:174,22
DA:175,22
DA:176,22
DA:177,22
DA:178,22
DA:179,22
DA:180,22
DA:181,22
DA:182,22
DA:183,22
DA:184,22
DA:185,22
DA:186,22
DA:187,22
DA:188,4
DA:189,4
DA:190,4
DA:191,4
DA:192,4
DA:193,4
DA:194,4
DA:195,4
DA:196,4
DA:197,4
DA:198,4
DA:199,4
DA:200,4
DA:201,4
DA:202,4
DA:203,4
DA:204,4
DA:205,4
DA:206,4
DA:207,22
DA:208,22
DA:209,22
DA:210,0
DA:211,0
DA:212,0
DA:213,0
DA:214,0
DA:215,0
DA:216,0
DA:217,0
DA:218,0
DA:219,22
DA:220,22
DA:221,22
DA:222,22
DA:223,22
DA:224,22
DA:225,22
DA:226,2
DA:227,2
DA:228,2
DA:229,22
DA:230,1
DA:231,1
DA:232,1
DA:233,22
DA:234,2
DA:235,2
DA:236,2
DA:237,22
DA:238,1
DA:239,1
DA:240,1
DA:241,22
DA:242,22
DA:243,22
DA:244,22
DA:245,22
DA:246,22
DA:247,22
DA:248,22
DA:249,22
DA:250,22
DA:251,22
DA:252,22
DA:253,2
DA:254,2
DA:255,22
DA:256,1
DA:257,1
DA:258,22
DA:259,2
DA:260,2
DA:261,22
DA:262,1
DA:263,1
DA:264,22
DA:265,22
DA:266,22
DA:267,22
DA:268,22
DA:269,22
DA:270,22
DA:271,22
LF:271
LH:238
BRDA:6,0,0,1
BRDA:7,1,0,0
BRDA:8,2,0,0
BRDA:72,3,0,22
BRDA:73,4,0,0
BRDA:76,5,0,0
BRDA:82,6,0,22
BRDA:83,7,0,0
BRDA:86,8,0,0
BRDA:92,9,0,22
BRDA:154,10,0,0
BRDA:184,11,0,1
BRDA:184,12,0,21
BRDA:187,13,0,4
BRDA:209,14,0,0
BRDA:96,15,0,22
BRDA:97,16,0,18
BRDA:98,17,0,21
BRDA:99,18,0,21
BRDA:106,19,0,22
BRDA:108,20,0,22
BRDA:109,21,0,21
BRDA:112,22,0,1
BRDA:117,23,0,0
BRDA:117,24,0,1
BRDA:118,25,0,0
BRDA:135,26,0,1
BRDA:143,27,0,22
BRDA:146,28,0,1
BRDA:150,29,0,1
BRDA:156,30,0,22
BRDA:157,31,0,22
BRDA:225,32,0,2
BRDA:229,33,0,1
BRDA:233,34,0,2
BRDA:237,35,0,1
BRDA:252,36,0,2
BRDA:255,37,0,1
BRDA:258,38,0,2
BRDA:261,39,0,1
BRF:40
BRH:30
end_of_record
TN:
SF:src/pages/User/AddRent.tsx
FN:20,apiUrl
FN:25,readStoredUser
FN:35,getJwt
FN:39,fetchAndStoreMe
FN:92,AddRent
FN:166,loadTools
FN:185,clearForm
FN:197,handleCreated
FN:213,handleUpdated
FN:229,handleSubmit
FN:285,onEdit
FN:301,onDelete
FN:326,handleImageError
FN:330,renderTool
FN:493,onChange
FN:503,onChange
FN:522,onChange
FN:535,onChange
FN:546,onChange
FN:557,onChange
FN:569,onChange
FNF:21
FNH:5
FNDA:2,apiUrl
FNDA:2,readStoredUser
FNDA:2,getJwt
FNDA:0,fetchAndStoreMe
FNDA:7,AddRent
FNDA:2,loadTools
FNDA:0,clearForm
FNDA:0,handleCreated
FNDA:0,handleUpdated
FNDA:0,handleSubmit
FNDA:0,onEdit
FNDA:0,onDelete
FNDA:0,handleImageError
FNDA:0,renderTool
FNDA:0,onChange
FNDA:0,onChange
FNDA:0,onChange
FNDA:0,onChange
FNDA:0,onChange
FNDA:0,onChange
FNDA:0,onChange
DA:1,1
DA:2,1
DA:3,1
DA:4,1
DA:5,1
DA:6,1
DA:7,1
DA:8,1
DA:9,1
DA:10,1
DA:11,1
DA:12,1
DA:13,1
DA:14,1
DA:15,1
DA:16,1
DA:17,1
DA:18,1
DA:19,1
DA:20,2
DA:21,2
DA:22,2
DA:23,2
DA:24,1
DA:25,2
DA:26,2
DA:27,2
DA:28,2
DA:29,2
DA:30,2
DA:31,0
DA:32,0
DA:33,2
DA:34,1
DA:35,2
DA:36,2
DA:37,2
DA:38,1
DA:39,0
DA:40,0
DA:41,0
DA:42,0
DA:43,0
DA:44,0
DA:45,0
DA:46,0
DA:47,0
DA:48,0
DA:49,0
DA:50,0
DA:51,0
DA:52,0
DA:53,0
DA:54,0
DA:55,0
DA:56,0
DA:57,0
DA:58,0
DA:59,0
DA:60,0
DA:61,0
DA:62,0
DA:63,0
DA:64,0
DA:65,0
DA:66,0
DA:67,0
DA:68,0
DA:69,0
DA:70,0
DA:71,0
DA:72,0
DA:73,0
DA:74,0
DA:75,0
DA:76,0
DA:77,0
DA:78,0
DA:79,0
DA:80,0
DA:81,0
DA:82,0
DA:83,0
DA:84,0
DA:85,0
DA:86,0
DA:87,0
DA:88,0
DA:89,0
DA:90,0
DA:91,1
DA:92,7
DA:93,7
DA:94,7
DA:95,7
DA:96,7
DA:97,7
DA:98,7
DA:99,7
DA:100,7
DA:101,7
DA:102,7
DA:103,7
DA:104,7
DA:105,7
DA:106,7
DA:107,7
DA:108,7
DA:109,7
DA:110,7
DA:111,0
DA:112,0
DA:113,0
DA:114,0
DA:115,7
DA:116,7
DA:117,7
DA:118,2
DA:119,2
DA:120,0
DA:121,0
DA:122,0
DA:123,2
DA:124,2
DA:125,2
DA:126,2
DA:127,2
DA:128,2
DA:129,2
DA:130,2
DA:131,2
DA:132,2
DA:133,2
DA:134,2
DA:135,2
DA:136,2
DA:137,2
DA:138,2
DA:139,0
DA:140,0
DA:141,0
DA:142,2
DA:143,2
DA:144,0
DA:145,0
DA:146,0
DA:147,2
DA:148,2
DA:149,2
DA:150,2
DA:151,7
DA:152,7
DA:153,7
DA:154,2
DA:155,2
DA:156,2
DA:157,2
DA:158,2
DA:159,2
DA:160,0
DA:161,7
DA:162,7
DA:163,7
DA:164,4
DA:165,2
DA:166,2
DA:167,2
DA:168,2
DA:169,2
DA:170,2
DA:171,2
DA:172,2
DA:173,2
DA:174,2
DA:175,0
DA:176,0
DA:177,2
DA:178,2
DA:179,2
DA:180,2
DA:181,2
DA:182,2
DA:183,7
DA:184,7
DA:185,7
DA:186,0
DA:187,0
DA:188,0
DA:189,0
DA:190,0
DA:191,0
DA:192,0
DA:193,0
DA:194,0
DA:195,0
DA:196,7
DA:197,7
DA:198,0
DA:199,0
DA:200,0
DA:201,0
DA:202,0
DA:203,0
DA:204,0
DA:205,0
DA:206,0
DA:207,0
DA:208,0
DA:209,0
DA:210,0
DA:211,0
DA:212,7
DA:213,7
DA:214,0
DA:215,0
DA:216,0
DA:217,0
DA:218,0
DA:219,0
DA:220,0
DA:221,0
DA:222,0
DA:223,0
DA:224,0
DA:225,0
DA:226,0
DA:227,0
DA:228,7
DA:229,7
DA:230,0
DA:231,0
DA:232,0
DA:233,0
DA:234,0
DA:235,0
DA:236,0
DA:237,0
DA:238,0
DA:239,0
DA:240,0
DA:241,0
DA:242,0
DA:243,0
DA:244,0
DA:245,0
DA:246,0
DA:247,0
DA:248,0
DA:249,0
DA:250,0
DA:251,0
DA:252,0
DA:253,0
DA:254,0
DA:255,0
DA:256,0
DA:257,0
DA:258,0
DA:259,0
DA:260,0
DA:261,0
DA:262,0
DA:263,0
DA:264,0
DA:265,0
DA:266,0
DA:267,0
DA:268,0
DA:269,0
DA:270,0
DA:271,0
DA:272,0
DA:273,0
DA:274,0
DA:275,0
DA:276,0
DA:277,0
DA:278,0
DA:279,0
DA:280,0
DA:281,0
DA:282,0
DA:283,0
DA:284,0
DA:285,7
DA:286,0
DA:287,0
DA:288,0
DA:289,0
DA:290,0
DA:291,0
DA:292,0
DA:293,0
DA:294,0
DA:295,0
DA:296,0
DA:297,0
DA:298,0
DA:299,0
DA:300,7
DA:301,7
DA:302,0
DA:303,0
DA:304,0
DA:305,0
DA:306,0
DA:307,0
DA:308,0
DA:309,0
DA:310,0
DA:311,0
DA:312,0
DA:313,0
DA:314,0
DA:315,0
DA:316,0
DA:317,0
DA:318,0
DA:319,0
DA:320,0
DA:321,0
DA:322,0
DA:323,0
DA:324,0
DA:325,7
DA:326,7
DA:327,0
DA:328,0
DA:329,7
DA:330,7
DA:331,0
DA:332,0
DA:333,0
DA:334,0
DA:335,0
DA:336,0
DA:337,0
DA:338,0
DA:339,0
DA:340,0
DA:341,0
DA:342,0
DA:343,0
DA:344,0
DA:345,0
DA:346,0
DA:347,0
DA:348,0
DA:349,0
DA:350,0
DA:351,0
DA:352,0
DA:353,0
DA:354,0
DA:355,0
DA:356,0
DA:357,0
DA:358,0
DA:359,0
DA:360,0
DA:361,0
DA:362,0
DA:363,0
DA:364,0
DA:365,0
DA:366,0
DA:367,0
DA:368,0
DA:369,0
DA:370,0
DA:371,0
DA:372,0
DA:373,0
DA:374,0
DA:375,0
DA:376,0
DA:377,0
DA:378,0
DA:379,0
DA:380,0
DA:381,0
DA:382,0
DA:383,0
DA:384,0
DA:385,0
DA:386,0
DA:387,0
DA:388,0
DA:389,0
DA:390,0
DA:391,0
DA:392,0
DA:393,0
DA:394,0
DA:395,7
DA:396,7
DA:397,7
DA:398,7
DA:399,7
DA:400,7
DA:401,7
DA:402,7
DA:403,7
DA:404,7
DA:405,7
DA:406,7
DA:407,7
DA:408,7
DA:409,7
DA:410,7
DA:411,7
DA:412,7
DA:413,7
DA:414,7
DA:415,7
DA:416,7
DA:417,7
DA:418,7
DA:419,7
DA:420,7
DA:421,7
DA:422,7
DA:423,7
DA:424,7
DA:425,7
DA:426,7
DA:427,7
DA:428,7
DA:429,7
DA:430,7
DA:431,7
DA:432,7
DA:433,7
DA:434,7
DA:435,7
DA:436,7
DA:437,7
DA:438,7
DA:439,7
DA:440,7
DA:441,7
DA:442,7
DA:443,7
DA:444,7
DA:445,7
DA:446,7
DA:447,2
DA:448,7
DA:449,0
DA:450,0
DA:451,7
DA:452,7
DA:453,7
DA:454,2
DA:455,2
DA:456,2
DA:457,2
DA:458,2
DA:459,2
DA:460,5
DA:461,5
DA:462,5
DA:463,5
DA:464,5
DA:465,5
DA:466,5
DA:467,0
DA:468,0
DA:469,0
DA:470,0
DA:471,7
DA:472,7
DA:473,7
DA:474,7
DA:475,7
DA:476,7
DA:477,7
DA:478,7
DA:479,7
DA:480,7
DA:481,7
DA:482,7
DA:483,7
DA:484,7
DA:485,7
DA:486,7
DA:487,7
DA:488,7
DA:489,7
DA:490,7
DA:491,7
DA:492,7
DA:493,7
DA:494,7
DA:495,7
DA:496,7
DA:497,7
DA:498,7
DA:499,7
DA:500,7
DA:501,7
DA:502,7
DA:503,7
DA:504,7
DA:505,7
DA:506,7
DA:507,7
DA:508,7
DA:509,7
DA:510,7
DA:511,7
DA:512,7
DA:513,7
DA:514,7
DA:515,7
DA:516,7
DA:517,7
DA:518,7
DA:519,7
DA:520,7
DA:521,7
DA:522,7
DA:523,7
DA:524,7
DA:525,7
DA:526,7
DA:527,7
DA:528,7
DA:529,7
DA:530,7
DA:531,7
DA:532,7
DA:533,7
DA:534,7
DA:535,7
DA:536,7
DA:537,7
DA:538,7
DA:539,7
DA:540,7
DA:541,7
DA:542,7
DA:543,7
DA:544,7
DA:545,7
DA:546,7
DA:547,7
DA:548,7
DA:549,7
DA:550,7
DA:551,7
DA:552,7
DA:553,7
DA:554,7
DA:555,7
DA:556,7
DA:557,7
DA:558,7
DA:559,7
DA:560,7
DA:561,7
DA:562,7
DA:563,7
DA:564,7
DA:565,7
DA:566,7
DA:567,7
DA:568,7
DA:569,7
DA:570,7
DA:571,7
DA:572,7
DA:573,7
DA:574,7
DA:575,7
DA:576,7
DA:577,7
DA:578,7
DA:579,7
DA:580,7
DA:581,7
DA:582,7
DA:583,7
DA:584,7
DA:585,7
DA:586,7
DA:587,7
DA:588,7
DA:589,7
DA:590,7
DA:591,7
DA:592,7
DA:593,7
DA:594,7
DA:595,7
DA:596,7
DA:597,7
DA:598,7
DA:599,7
DA:600,7
DA:601,7
DA:602,7
DA:603,7
DA:604,7
DA:605,7
DA:606,7
DA:607,7
DA:608,7
DA:609,7
LF:609
LH:337
BRDA:20,0,0,2
BRDA:21,1,0,0
BRDA:25,2,0,2
BRDA:28,3,0,0
BRDA:30,4,0,0
BRDA:35,5,0,2
BRDA:36,6,0,0
BRDA:92,7,0,7
BRDA:446,8,0,2
BRDA:448,9,0,5
BRDA:448,10,0,0
BRDA:482,11,0,0
BRDA:587,12,0,2
BRDA:587,13,0,5
BRDA:587,14,0,2
BRDA:587,15,0,5
BRDA:594,16,0,0
BRDA:117,17,0,2
BRDA:119,18,0,0
BRDA:130,19,0,0
BRDA:135,20,0,0
BRDA:138,21,0,0
BRDA:143,22,0,0
BRDA:148,23,0,0
BRDA:153,24,0,2
BRDA:155,25,0,0
BRDA:155,26,0,0
BRDA:155,27,0,0
BRDA:159,28,0,0
BRDA:163,29,0,4
BRDA:164,30,0,2
BRDA:166,31,0,2
BRDA:172,32,0,0
BRDA:174,33,0,0
BRDA:172,34,0,2
BRDA:452,35,0,7
BRDA:453,36,0,2
BRDA:459,37,0,5
BRDA:466,38,0,0
BRF:39
BRH:19
end_of_record
TN:
SF:src/pages/User/ToolDetails.tsx
FN:49,apiUrl
FN:55,getJwt
FN:59,toIsoDateString
FN:66,daysBetween
FN:77,asRecord
FN:81,safeString
FN:98,safeWarn
FN:103,safeError
FN:108,safeLog
FN:114,loadLocalBlockedRanges
FN:126,saveLocalBlockedRange
FN:144,normalizeBlockedStatus
FN:157,rangesOverlap
FN:163,utc
FN:170,isRangeBlocked
FN:181,validateRange
FN:194,computeNewRangeOnClick
FN:234,MiniCalendar
FN:304,isBlockedDay
FN:311,isInRange
FN:315,goToPreviousMonth
FN:319,goToNextMonth
FN:356,onClick
FN:373,onClick
FN:504,handleClick
FN:570,BookingCalendar
FN:611,handleRangeChange
FN:620,fetchBlockedDates
FN:692,checkAvailability
FN:762,handlePaymentSuccess
FN:781,handleCloseModal
FN:786,handlePaymentError
FN:791,handlePaymentCancel
FN:801,getBackgroundColor
FN:817,getTextColor
FN:833,getStatusIcon
FN:1068,onChange
FN:1106,onChange
FN:1235,ToolDetails
FN:1249,placeholderFor
FN:1257,fetchOwnerName
FN:1301,load
FNF:42
FNH:31
FNDA:38,apiUrl
FNDA:55,getJwt
FNDA:429,toIsoDateString
FNDA:9,daysBetween
FNDA:16,asRecord
FNDA:62,safeString
FNDA:0,safeWarn
FNDA:0,safeError
FNDA:2,safeLog
FNDA:10,loadLocalBlockedRanges
FNDA:2,saveLocalBlockedRange
FNDA:0,normalizeBlockedStatus
FNDA:85,rangesOverlap
FNDA:340,utc
FNDA:16,isRangeBlocked
FNDA:15,validateRange
FNDA:0,computeNewRangeOnClick
FNDA:25,MiniCalendar
FNDA:1050,isBlockedDay
FNDA:1050,isInRange
FNDA:0,goToPreviousMonth
FNDA:1,goToNextMonth
FNDA:1,onClick
FNDA:0,onClick
FNDA:0,handleClick
FNDA:25,BookingCalendar
FNDA:1,handleRangeChange
FNDA:8,fetchBlockedDates
FNDA:15,checkAvailability
FNDA:2,handlePaymentSuccess
FNDA:1,handleCloseModal
FNDA:0,handlePaymentError
FNDA:0,handlePaymentCancel
FNDA:2,getBackgroundColor
FNDA:2,getTextColor
FNDA:2,getStatusIcon
FNDA:0,onChange
FNDA:1,onChange
FNDA:16,ToolDetails
FNDA:0,placeholderFor
FNDA:8,fetchOwnerName
FNDA:8,load
DA:1,1
DA:2,1
DA:3,1
DA:4,1
DA:5,1
DA:6,1
DA:7,1
DA:8,1
DA:9,1
DA:10,1
DA:11,1
DA:12,1
DA:13,1
DA:14,1
DA:15,1
DA:16,1
DA:17,1
DA:18,1
DA:19,1
DA:20,1
DA:21,1
DA:22,1
DA:23,1
DA:24,1
DA:25,1
DA:26,1
DA:27,1
DA:28,1
DA:29,1
DA:30,1
DA:31,1
DA:32,1
DA:33,1
DA:34,1
DA:35,1
DA:36,1
DA:37,1
DA:38,1
DA:39,1
DA:40,1
DA:41,1
DA:42,1
DA:43,1
DA:44,1
DA:45,1
DA:46,1
DA:47,1
DA:48,1
DA:49,38
DA:50,38
DA:51,38
DA:52,38
DA:53,38
DA:54,1
DA:55,55
DA:56,55
DA:57,55
DA:58,1
DA:59,429
DA:60,429
DA:61,429
DA:62,429
DA:63,429
DA:64,429
DA:65,1
DA:66,9
DA:67,9
DA:68,9
DA:69,9
DA:70,9
DA:71,9
DA:72,9
DA:73,9
DA:74,9
DA:75,9
DA:76,1
DA:77,16
DA:78,16
DA:79,16
DA:80,1
DA:81,62
DA:82,62
DA:83,62
DA:84,62
DA:85,62
DA:86,0
DA:87,0
DA:88,0
DA:89,0
DA:90,0
DA:91,0
DA:92,8
DA:93,62
DA:94,0
DA:95,0
DA:96,62
DA:97,1
DA:98,0
DA:99,0
DA:100,0
DA:101,0
DA:102,1
DA:103,0
DA:104,0
DA:105,0
DA:106,0
DA:107,1
DA:108,2
DA:109,2
DA:110,2
DA:111,2
DA:112,1
DA:113,1
DA:114,10
DA:115,10
DA:116,10
DA:117,10
DA:118,1
DA:119,10
DA:120,1
DA:121,10
DA:122,0
DA:123,0
DA:124,10
DA:125,1
DA:126,2
DA:127,2
DA:128,2
DA:129,2
DA:130,2
DA:131,2
DA:132,0
DA:133,0
DA:134,0
DA:135,2
DA:136,2
DA:137,2
DA:138,2
DA:139,0
DA:140,0
DA:141,2
DA:142,1
DA:143,1
DA:144,0
DA:145,0
DA:146,0
DA:147,0
DA:148,0
DA:149,0
DA:150,0
DA:151,0
DA:152,0
DA:153,0
DA:154,0
DA:155,1
DA:156,1
DA:157,85
DA:158,85
DA:159,85
DA:160,85
DA:161,85
DA:162,85
DA:163,85
DA:164,85
DA:165,85
DA:166,0
DA:167,0
DA:168,85
DA:169,1
DA:170,16
DA:171,16
DA:172,16
DA:173,16
DA:174,16
DA:175,16
DA:176,16
DA:177,16
DA:178,16
DA:179,16
DA:180,1
DA:181,15
DA:182,15
DA:183,15
DA:184,15
DA:185,15
DA:186,15
DA:187,15
DA:188,15
DA:189,0
DA:190,0
DA:191,15
DA:192,15
DA:193,1
DA:194,0
DA:195,0
DA:196,0
DA:197,0
DA:198,0
DA:199,0
DA:200,0
DA:201,0
DA:202,0
DA:203,0
DA:204,0
DA:205,0
DA:206,0
DA:207,0
DA:208,0
DA:209,0
DA:210,0
DA:211,0
DA:212,0
DA:213,0
DA:214,0
DA:215,0
DA:216,0
DA:217,0
DA:218,0
DA:219,0
DA:220,0
DA:221,0
DA:222,1
DA:223,1
DA:224,1
DA:225,1
DA:226,1
DA:227,1
DA:228,1
DA:229,1
DA:230,1
DA:231,1
DA:232,1
DA:233,1
DA:234,1
DA:235,25
DA:236,25
DA:237,25
DA:238,25
DA:239,25
DA:240,25
DA:241,25
DA:242,25
DA:243,25
DA:244,25
DA:245,8
DA:246,8
DA:247,25
DA:248,25
DA:249,25
DA:250,25
DA:251,25
DA:252,25
DA:253,25
DA:254,9
DA:255,9
DA:256,9
DA:257,9
DA:258,9
DA:259,9
DA:260,9
DA:261,9
DA:262,9
DA:263,9
DA:264,9
DA:265,9
DA:266,9
DA:267,9
DA:268,9
DA:269,3
DA:270,3
DA:271,3
DA:272,3
DA:273,3
DA:274,3
DA:275,3
DA:276,3
DA:277,9
DA:278,9
DA:279,9
DA:280,279
DA:281,279
DA:282,279
DA:283,279
DA:284,279
DA:285,279
DA:286,279
DA:287,279
DA:288,9
DA:289,9
DA:290,9
DA:291,9
DA:292,96
DA:293,96
DA:294,96
DA:295,96
DA:296,96
DA:297,96
DA:298,96
DA:299,96
DA:300,9
DA:301,9
DA:302,25
DA:303,25
DA:304,25
DA:305,1050
DA:306,1050
DA:307,84
DA:308,84
DA:309,1050
DA:310,25
DA:311,25
DA:312,1050
DA:313,1050
DA:314,25
DA:315,25
DA:316,0
DA:317,0
DA:318,25
DA:319,25
DA:320,1
DA:321,1
DA:322,25
DA:323,25
DA:324,25
DA:325,25
DA:326,25
DA:327,9
DA:328,9
DA:329,25
DA:330,25
DA:331,25
DA:332,25
DA:333,25
DA:334,25
DA:335,25
DA:336,25
DA:337,25
DA:338,25
DA:339,25
DA:340,25
DA:341,25
DA:342,25
DA:343,25
DA:344,25
DA:345,25
DA:346,25
DA:347,25
DA:348,25
DA:349,25
DA:350,25
DA:351,25
DA:352,25
DA:353,25
DA:354,25
DA:355,25
DA:356,25
DA:357,25
DA:358,25
DA:359,25
DA:360,25
DA:361,25
DA:362,25
DA:363,25
DA:364,25
DA:365,25
DA:366,25
DA:367,25
DA:368,25
DA:369,25
DA:370,25
DA:371,25
DA:372,25
DA:373,25
DA:374,25
DA:375,25
DA:376,25
DA:377,25
DA:378,25
DA:379,25
DA:380,25
DA:381,25
DA:382,25
DA:383,25
DA:384,25
DA:385,25
DA:386,25
DA:387,25
DA:388,25
DA:389,25
DA:390,25
DA:391,25
DA:392,25
DA:393,25
DA:394,25
DA:395,25
DA:396,25
DA:397,25
DA:398,25
DA:399,25
DA:400,25
DA:401,25
DA:402,25
DA:403,25
DA:404,25
DA:405,25
DA:406,25
DA:407,25
DA:408,25
DA:409,25
DA:410,25
DA:411,25
DA:412,25
DA:413,25
DA:414,25
DA:415,25
DA:416,25
DA:417,25
DA:418,25
DA:419,25
DA:420,25
DA:421,25
DA:422,25
DA:423,25
DA:424,25
DA:425,25
DA:426,25
DA:427,25
DA:428,25
DA:429,25
DA:430,25
DA:431,25
DA:432,25
DA:433,25
DA:434,25
DA:435,25
DA:436,25
DA:437,25
DA:438,25
DA:439,25
DA:440,25
DA:441,25
DA:442,25
DA:443,25
DA:444,25
DA:445,25
DA:446,25
DA:447,25
DA:448,25
DA:449,25
DA:450,25
DA:451,25
DA:452,25
DA:453,25
DA:454,25
DA:455,25
DA:456,175
DA:457,175
DA:458,175
DA:459,175
DA:460,175
DA:461,175
DA:462,175
DA:463,175
DA:464,175
DA:465,175
DA:466,175
DA:467,175
DA:468,25
DA:469,25
DA:470,25
DA:471,25
DA:472,25
DA:473,25
DA:474,25
DA:475,25
DA:476,25
DA:477,25
DA:478,25
DA:479,25
DA:480,1050
DA:481,1050
DA:482,1050
DA:483,1050
DA:484,1050
DA:485,1050
DA:486,1050
DA:487,775
DA:488,275
DA:489,1050
DA:490,1050
DA:491,1050
DA:492,1050
DA:493,4
DA:494,4
DA:495,1050
DA:496,44
DA:497,44
DA:498,44
DA:499,1046
DA:500,3
DA:501,3
DA:502,3
DA:503,1050
DA:504,1050
DA:505,0
DA:506,0
DA:507,0
DA:508,0
DA:509,0
DA:510,0
DA:511,0
DA:512,0
DA:513,0
DA:514,0
DA:515,0
DA:516,0
DA:517,0
DA:518,0
DA:519,0
DA:520,0
DA:521,0
DA:522,0
DA:523,0
DA:524,0
DA:525,0
DA:526,0
DA:527,0
DA:528,0
DA:529,0
DA:530,0
DA:531,0
DA:532,1050
DA:533,1050
DA:534,1050
DA:535,1050
DA:536,1050
DA:537,1050
DA:538,1050
DA:539,1050
DA:540,1050
DA:541,4
DA:542,1046
DA:543,1050
DA:544,1050
DA:545,1050
DA:546,1050
DA:547,1050
DA:548,1050
DA:549,1050
DA:550,1050
DA:551,1050
DA:552,1050
DA:553,1050
DA:554,1050
DA:555,1050
DA:556,1050
DA:557,1050
DA:558,1050
DA:559,1050
DA:560,1050
DA:561,1050
DA:562,1050
DA:563,25
DA:564,25
DA:565,25
DA:566,25
DA:567,25
DA:568,1
DA:569,1
DA:570,25
DA:571,25
DA:572,25
DA:573,25
DA:574,25
DA:575,25
DA:576,25
DA:577,25
DA:578,25
DA:579,25
DA:580,25
DA:581,25
DA:582,25
DA:583,25
DA:584,25
DA:585,8
DA:586,8
DA:587,8
DA:588,25
DA:589,25
DA:590,25
DA:591,25
DA:592,25
DA:593,25
DA:594,25
DA:595,25
DA:596,25
DA:597,25
DA:598,25
DA:599,25
DA:600,25
DA:601,25
DA:602,25
DA:603,25
DA:604,25
DA:605,25
DA:606,25
DA:607,25
DA:608,25
DA:609,25
DA:610,25
DA:611,25
DA:612,1
DA:613,1
DA:614,1
DA:615,25
DA:616,25
DA:617,25
DA:618,8
DA:619,8
DA:620,8
DA:621,8
DA:622,8
DA:623,8
DA:624,8
DA:625,8
DA:626,8
DA:627,8
DA:628,0
DA:629,0
DA:630,0
DA:631,0
DA:632,0
DA:633,0
DA:634,0
DA:635,0
DA:636,0
DA:637,0
DA:638,0
DA:639,0
DA:640,0
DA:641,0
DA:642,0
DA:643,0
DA:644,0
DA:645,0
DA:646,0
DA:647,0
DA:648,0
DA:649,0
DA:650,0
DA:651,0
DA:652,8
DA:653,8
DA:654,8
DA:655,8
DA:656,1
DA:657,8
DA:658,8
DA:659,8
DA:660,8
DA:661,1
DA:662,1
DA:663,0
DA:664,0
DA:665,0
DA:666,1
DA:667,1
DA:668,8
DA:669,8
DA:670,8
DA:671,8
DA:672,0
DA:673,0
DA:674,0
DA:675,0
DA:676,0
DA:677,0
DA:678,0
DA:679,0
DA:680,8
DA:681,8
DA:682,8
DA:683,8
DA:684,8
DA:685,8
DA:686,25
DA:687,25
DA:688,25
DA:689,25
DA:690,15
DA:691,15
DA:692,15
DA:693,15
DA:694,15
DA:695,0
DA:696,0
DA:697,0
DA:698,0
DA:699,15
DA:700,15
DA:701,1
DA:702,1
DA:703,1
DA:704,1
DA:705,1
DA:706,1
DA:707,14
DA:708,14
DA:709,14
DA:710,14
DA:711,14
DA:712,14
DA:713,14
DA:714,14
DA:715,14
DA:716,14
DA:717,14
DA:718,14
DA:719,14
DA:720,14
DA:721,14
DA:722,14
DA:723,14
DA:724,14
DA:725,14
DA:726,14
DA:727,14
DA:728,14
DA:729,14
DA:730,14
DA:731,14
DA:732,14
DA:733,14
DA:734,14
DA:735,11
DA:736,15
DA:737,0
DA:738,0
DA:739,0
DA:740,0
DA:741,15
DA:742,11
DA:743,11
DA:744,11
DA:745,15
DA:746,0
DA:747,0
DA:748,0
DA:749,0
DA:750,0
DA:751,15
DA:752,14
DA:753,14
DA:754,15
DA:755,15
DA:756,15
DA:757,15
DA:758,15
DA:759,15
DA:760,25
DA:761,25
DA:762,25
DA:763,2
DA:764,2
DA:765,2
DA:766,2
DA:767,2
DA:768,2
DA:769,2
DA:770,2
DA:771,2
DA:772,2
DA:773,2
DA:774,2
DA:775,2
DA:776,2
DA:777,2
DA:778,2
DA:779,2
DA:780,25
DA:781,25
DA:782,1
DA:783,1
DA:784,1
DA:785,25
DA:786,25
DA:787,0
DA:788,0
DA:789,0
DA:790,25
DA:791,25
DA:792,0
DA:793,0
DA:794,0
DA:795,0
DA:796,0
DA:797,25
DA:798,25
DA:799,25
DA:800,25
DA:801,25
DA:802,2
DA:803,2
DA:804,0
DA:805,2
DA:806,2
DA:807,2
DA:808,2
DA:809,2
DA:810,2
DA:811,0
DA:812,2
DA:813,0
DA:814,2
DA:815,2
DA:816,25
DA:817,25
DA:818,2
DA:819,2
DA:820,0
DA:821,2
DA:822,2
DA:823,2
DA:824,2
DA:825,2
DA:826,2
DA:827,0
DA:828,2
DA:829,0
DA:830,2
DA:831,2
DA:832,25
DA:833,25
DA:834,2
DA:835,2
DA:836,0
DA:837,2
DA:838,2
DA:839,2
DA:840,2
DA:841,2
DA:842,2
DA:843,0
DA:844,2
DA:845,0
DA:846,2
DA:847,2
DA:848,25
DA:849,25
DA:850,25
DA:851,0
DA:852,0
DA:853,0
DA:854,0
DA:855,0
DA:856,0
DA:857,0
DA:858,0
DA:859,0
DA:860,0
DA:861,0
DA:862,0
DA:863,0
DA:864,0
DA:865,0
DA:866,0
DA:867,0
DA:868,0
DA:869,0
DA:870,0
DA:871,0
DA:872,0
DA:873,0
DA:874,0
DA:875,0
DA:876,0
DA:877,25
DA:878,0
DA:879,0
DA:880,0
DA:881,0
DA:882,0
DA:883,0
DA:884,0
DA:885,0
DA:886,0
DA:887,0
DA:888,0
DA:889,0
DA:890,0
DA:891,0
DA:892,0
DA:893,0
DA:894,0
DA:895,25
DA:896,0
DA:897,0
DA:898,0
DA:899,0
DA:900,0
DA:901,0
DA:902,0
DA:903,0
DA:904,0
DA:905,0
DA:906,0
DA:907,0
DA:908,0
DA:909,0
DA:910,25
DA:911,5
DA:912,5
DA:913,5
DA:914,5
DA:915,5
DA:916,5
DA:917,5
DA:918,5
DA:919,5
DA:920,5
DA:921,5
DA:922,5
DA:923,5
DA:924,5
DA:925,25
DA:926,2
DA:927,2
DA:928,2
DA:929,2
DA:930,2
DA:931,2
DA:932,2
DA:933,2
DA:934,2
DA:935,2
DA:936,2
DA:937,2
DA:938,2
DA:939,2
DA:940,0
DA:941,2
DA:942,2
DA:943,2
DA:944,20
DA:945,3
DA:946,3
DA:947,3
DA:948,3
DA:949,3
DA:950,3
DA:951,3
DA:952,3
DA:953,3
DA:954,3
DA:955,3
DA:956,3
DA:957,3
DA:958,3
DA:959,3
DA:960,3
DA:961,3
DA:962,3
DA:963,3
DA:964,3
DA:965,3
DA:966,3
DA:967,3
DA:968,3
DA:969,3
DA:970,3
DA:971,18
DA:972,15
DA:973,15
DA:974,15
DA:975,15
DA:976,15
DA:977,15
DA:978,15
DA:979,15
DA:980,15
DA:981,15
DA:982,15
DA:983,15
DA:984,15
DA:985,15
DA:986,15
DA:987,15
DA:988,15
DA:989,15
DA:990,15
DA:991,15
DA:992,15
DA:993,15
DA:994,15
DA:995,15
DA:996,15
DA:997,15
DA:998,15
DA:999,25
DA:1000,25
DA:1001,25
DA:1002,25
DA:1003,25
DA:1004,25
DA:1005,25
DA:1006,25
DA:1007,25
DA:1008,25
DA:1009,25
DA:1010,0
DA:1011,0
DA:1012,0
DA:1013,0
DA:1014,0
DA:1015,0
DA:1016,0
DA:1017,0
DA:1018,0
DA:1019,0
DA:1020,0
DA:1021,0
DA:1022,0
DA:1023,25
DA:1024,25
DA:1025,25
DA:1026,6
DA:1027,6
DA:1028,6
DA:1029,6
DA:1030,6
DA:1031,6
DA:1032,6
DA:1033,6
DA:1034,6
DA:1035,6
DA:1036,6
DA:1037,6
DA:1038,6
DA:1039,6
DA:1040,6
DA:1041,6
DA:1042,6
DA:1043,6
DA:1044,6
DA:1045,25
DA:1046,25
DA:1047,25
DA:1048,25
DA:1049,25
DA:1050,25
DA:1051,25
DA:1052,25
DA:1053,25
DA:1054,25
DA:1055,25
DA:1056,25
DA:1057,25
DA:1058,25
DA:1059,25
DA:1060,25
DA:1061,25
DA:1062,25
DA:1063,25
DA:1064,25
DA:1065,25
DA:1066,25
DA:1067,25
DA:1068,25
DA:1069,0
DA:1070,0
DA:1071,0
DA:1072,0
DA:1073,0
DA:1074,0
DA:1075,0
DA:1076,0
DA:1077,0
DA:1078,0
DA:1079,0
DA:1080,0
DA:1081,0
DA:1082,0
DA:1083,0
DA:1084,0
DA:1085,0
DA:1086,25
DA:1087,25
DA:1088,25
DA:1089,25
DA:1090,25
DA:1091,25
DA:1092,25
DA:1093,25
DA:1094,25
DA:1095,25
DA:1096,25
DA:1097,25
DA:1098,25
DA:1099,25
DA:1100,25
DA:1101,25
DA:1102,25
DA:1103,25
DA:1104,25
DA:1105,25
DA:1106,25
DA:1107,1
DA:1108,1
DA:1109,1
DA:1110,1
DA:1111,1
DA:1112,1
DA:1113,1
DA:1114,1
DA:1115,0
DA:1116,0
DA:1117,1
DA:1118,1
DA:1119,25
DA:1120,25
DA:1121,25
DA:1122,25
DA:1123,25
DA:1124,25
DA:1125,25
DA:1126,25
DA:1127,25
DA:1128,25
DA:1129,25
DA:1130,25
DA:1131,25
DA:1132,25
DA:1133,25
DA:1134,25
DA:1135,25
DA:1136,25
DA:1137,25
DA:1138,25
DA:1139,25
DA:1140,25
DA:1141,25
DA:1142,25
DA:1143,25
DA:1144,25
DA:1145,25
DA:1146,25
DA:1147,25
DA:1148,25
DA:1149,25
DA:1150,25
DA:1151,25
DA:1152,25
DA:1153,25
DA:1154,25
DA:1155,25
DA:1156,25
DA:1157,25
DA:1158,25
DA:1159,2
DA:1160,2
DA:1161,2
DA:1162,2
DA:1163,2
DA:1164,2
DA:1165,2
DA:1166,2
DA:1167,2
DA:1168,2
DA:1169,2
DA:1170,2
DA:1171,2
DA:1172,2
DA:1173,2
DA:1174,2
DA:1175,2
DA:1176,2
DA:1177,2
DA:1178,2
DA:1179,2
DA:1180,2
DA:1181,2
DA:1182,2
DA:1183,2
DA:1184,2
DA:1185,2
DA:1186,2
DA:1187,2
DA:1188,2
DA:1189,2
DA:1190,2
DA:1191,2
DA:1192,2
DA:1193,2
DA:1194,2
DA:1195,2
DA:1196,2
DA:1197,2
DA:1198,2
DA:1199,2
DA:1200,2
DA:1201,2
DA:1202,2
DA:1203,2
DA:1204,2
DA:1205,2
DA:1206,25
DA:1207,25
DA:1208,25
DA:1209,25
DA:1210,25
DA:1211,25
DA:1212,25
DA:1213,25
DA:1214,25
DA:1215,25
DA:1216,25
DA:1217,5
DA:1218,25
DA:1219,25
DA:1220,25
DA:1221,25
DA:1222,1
DA:1223,1
DA:1224,1
DA:1225,1
DA:1226,1
DA:1227,1
DA:1228,1
DA:1229,1
DA:1230,1
DA:1231,1
DA:1232,1
DA:1233,1
DA:1234,1
DA:1235,16
DA:1236,16
DA:1237,16
DA:1238,16
DA:1239,16
DA:1240,8
DA:1241,8
DA:1242,0
DA:1243,0
DA:1244,16
DA:1245,16
DA:1246,16
DA:1247,16
DA:1248,16
DA:1249,16
DA:1250,0
DA:1251,0
DA:1252,0
DA:1253,16
DA:1254,16
DA:1255,8
DA:1256,8
DA:1257,8
DA:1258,8
DA:1259,8
DA:1260,8
DA:1261,8
DA:1262,8
DA:1263,8
DA:1264,8
DA:1265,8
DA:1266,8
DA:1267,8
DA:1268,8
DA:1269,8
DA:1270,8
DA:1271,8
DA:1272,8
DA:1273,8
DA:1274,8
DA:1275,8
DA:1276,0
DA:1277,0
DA:1278,0
DA:1279,0
DA:1280,0
DA:1281,0
DA:1282,0
DA:1283,0
DA:1284,0
DA:1285,0
DA:1286,0
DA:1287,0
DA:1288,0
DA:1289,0
DA:1290,0
DA:1291,0
DA:1292,0
DA:1293,0
DA:1294,0
DA:1295,0
DA:1296,0
DA:1297,0
DA:1298,0
DA:1299,8
DA:1300,8
DA:1301,8
DA:1302,8
DA:1303,8
DA:1304,8
DA:1305,8
DA:1306,8
DA:1307,8
DA:1308,8
DA:1309,8
DA:1310,8
DA:1311,8
DA:1312,8
DA:1313,0
DA:1314,8
DA:1315,8
DA:1316,8
DA:1317,0
DA:1318,0
DA:1319,0
DA:1320,0
DA:1321,0
DA:1322,0
DA:1323,0
DA:1324,0
DA:1325,0
DA:1326,0
DA:1327,0
DA:1328,0
DA:1329,0
DA:1330,0
DA:1331,0
DA:1332,8
DA:1333,8
DA:1334,0
DA:1335,0
DA:1336,0
DA:1337,8
DA:1338,8
DA:1339,8
DA:1340,8
DA:1341,8
DA:1342,8
DA:1343,8
DA:1344,8
DA:1345,0
DA:1346,8
DA:1347,8
DA:1348,8
DA:1349,8
DA:1350,8
DA:1351,8
DA:1352,8
DA:1353,8
DA:1354,8
DA:1355,8
DA:1356,8
DA:1357,0
DA:1358,8
DA:1359,8
DA:1360,8
DA:1361,8
DA:1362,0
DA:1363,8
DA:1364,8
DA:1365,0
DA:1366,8
DA:1367,8
DA:1368,8
DA:1369,8
DA:1370,8
DA:1371,8
DA:1372,8
DA:1373,8
DA:1374,8
DA:1375,8
DA:1376,0
DA:1377,0
DA:1378,8
DA:1379,0
DA:1380,0
DA:1381,8
DA:1382,8
DA:1383,8
DA:1384,8
DA:1385,8
DA:1386,8
DA:1387,8
DA:1388,8
DA:1389,8
DA:1390,16
DA:1391,16
DA:1392,16
DA:1393,8
DA:1394,8
DA:1395,8
DA:1396,8
DA:1397,8
DA:1398,8
DA:1399,8
DA:1400,8
DA:1401,8
DA:1402,8
DA:1403,8
DA:1404,8
DA:1405,8
DA:1406,8
DA:1407,8
DA:1408,8
DA:1409,8
DA:1410,8
DA:1411,16
DA:1412,0
DA:1413,0
DA:1414,0
DA:1415,0
DA:1416,0
DA:1417,0
DA:1418,0
DA:1419,0
DA:1420,0
DA:1421,0
DA:1422,0
DA:1423,0
DA:1424,0
DA:1425,0
DA:1426,0
DA:1427,0
DA:1428,0
DA:1429,0
DA:1430,0
DA:1431,0
DA:1432,0
DA:1433,0
DA:1434,0
DA:1435,0
DA:1436,0
DA:1437,8
DA:1438,8
DA:1439,8
DA:1440,8
DA:1441,8
DA:1442,8
DA:1443,8
DA:1444,8
DA:1445,8
DA:1446,8
DA:1447,8
DA:1448,8
DA:1449,8
DA:1450,8
DA:1451,8
DA:1452,8
DA:1453,8
DA:1454,8
DA:1455,8
DA:1456,8
DA:1457,8
DA:1458,8
DA:1459,8
DA:1460,8
DA:1461,8
DA:1462,8
DA:1463,8
DA:1464,8
DA:1465,8
DA:1466,8
DA:1467,8
DA:1468,8
DA:1469,8
DA:1470,8
DA:1471,8
DA:1472,8
DA:1473,8
DA:1474,8
DA:1475,8
DA:1476,8
DA:1477,8
DA:1478,8
DA:1479,8
DA:1480,8
DA:1481,8
DA:1482,8
DA:1483,8
DA:1484,8
DA:1485,8
DA:1486,8
DA:1487,8
DA:1488,8
DA:1489,8
DA:1490,8
DA:1491,8
DA:1492,8
DA:1493,8
DA:1494,16
DA:1495,16
DA:1496,16
DA:1497,8
DA:1498,8
DA:1499,8
DA:1500,8
DA:1501,8
DA:1502,8
DA:1503,8
DA:1504,8
DA:1505,8
DA:1506,16
DA:1507,16
DA:1508,16
DA:1509,16
DA:1510,16
DA:1511,16
DA:1512,16
DA:1513,16
DA:1514,8
DA:1515,8
DA:1516,8
DA:1517,8
DA:1518,8
DA:1519,8
DA:1520,8
DA:1521,8
DA:1522,8
DA:1523,16
DA:1524,16
DA:1525,16
DA:1526,16
DA:1527,16
DA:1528,16
DA:1529,16
DA:1530,16
DA:1531,16
DA:1532,16
DA:1533,16
DA:1534,16
DA:1535,16
LF:1535
LH:1205
BRDA:49,0,0,38
BRDA:50,1,0,0
BRDA:51,2,0,0
BRDA:55,3,0,55
BRDA:59,4,0,429
BRDA:66,5,0,9
BRDA:67,6,0,0
BRDA:77,7,0,16
BRDA:78,8,0,0
BRDA:81,9,0,62
BRDA:83,10,0,40
BRDA:83,11,0,22
BRDA:84,12,0,8
BRDA:84,13,0,14
BRDA:84,14,0,8
BRDA:85,15,0,0
BRDA:91,16,0,8
BRDA:93,17,0,0
BRDA:108,18,0,2
BRDA:114,19,0,10
BRDA:117,20,0,9
BRDA:117,21,0,1
BRDA:119,22,0,0
BRDA:119,23,0,1
BRDA:121,24,0,0
BRDA:126,25,0,2
BRDA:138,26,0,0
BRDA:157,27,0,85
BRDA:165,28,0,0
BRDA:163,29,0,340
BRDA:170,30,0,16
BRDA:175,31,0,0
BRDA:177,32,0,1
BRDA:181,33,0,15
BRDA:187,34,0,0
BRDA:188,35,0,0
BRDA:234,36,0,25
BRDA:362,37,0,6
BRDA:362,38,0,19
BRDA:363,39,0,2
BRDA:363,40,0,23
BRDA:366,41,0,2
BRDA:366,42,0,23
BRDA:379,43,0,6
BRDA:379,44,0,19
BRDA:380,45,0,23
BRDA:380,46,0,2
BRDA:383,47,0,23
BRDA:383,48,0,2
BRDA:403,49,0,2
BRDA:409,50,0,2
BRDA:409,51,0,23
BRDA:409,52,0,2
BRDA:410,53,0,2
BRDA:410,54,0,2
BRDA:410,55,0,23
BRDA:411,56,0,2
BRDA:411,57,0,2
BRDA:411,58,0,23
BRDA:435,59,0,6
BRDA:435,60,0,19
BRDA:436,61,0,6
BRDA:436,62,0,19
BRDA:437,63,0,6
BRDA:437,64,0,19
BRDA:244,65,0,8
BRDA:253,66,0,9
BRDA:264,67,0,0
BRDA:268,68,0,3
BRDA:279,69,0,279
BRDA:291,70,0,96
BRDA:304,71,0,1050
BRDA:306,72,0,84
BRDA:311,73,0,1050
BRDA:312,74,0,636
BRDA:319,75,0,1
BRDA:320,76,0,1
BRDA:326,77,0,9
BRDA:356,78,0,1
BRDA:455,79,0,175
BRDA:479,80,0,1050
BRDA:484,81,0,1046
BRDA:484,82,0,794
BRDA:486,83,0,775
BRDA:487,84,0,275
BRDA:490,85,0,775
BRDA:490,86,0,275
BRDA:492,87,0,4
BRDA:495,88,0,1046
BRDA:495,89,0,1023
BRDA:495,90,0,44
BRDA:499,91,0,1002
BRDA:499,92,0,3
BRDA:499,93,0,3
BRDA:540,94,0,4
BRDA:541,95,0,1046
BRDA:548,96,0,562
BRDA:548,97,0,488
BRDA:554,98,0,562
BRDA:554,99,0,492
BRDA:554,100,0,767
BRDA:554,101,0,283
BRDA:558,102,0,1027
BRDA:558,103,0,46
BRDA:558,104,0,1004
BRDA:570,105,0,25
BRDA:850,106,0,0
BRDA:877,107,0,0
BRDA:895,108,0,0
BRDA:910,109,0,5
BRDA:925,110,0,20
BRDA:925,111,0,2
BRDA:939,112,0,0
BRDA:944,113,0,18
BRDA:944,114,0,3
BRDA:971,115,0,15
BRDA:1009,116,0,0
BRDA:1025,117,0,6
BRDA:1158,118,0,2
BRDA:1216,119,0,5
BRDA:577,120,0,8
BRDA:579,121,0,8
BRDA:584,122,0,8
BRDA:604,123,0,9
BRDA:606,124,0,9
BRDA:611,125,0,1
BRDA:617,126,0,8
BRDA:620,127,0,8
BRDA:627,128,0,0
BRDA:655,129,0,7
BRDA:671,130,0,0
BRDA:655,131,0,1
BRDA:660,132,0,1
BRDA:683,133,0,8
BRDA:689,134,0,15
BRDA:692,135,0,15
BRDA:694,136,0,0
BRDA:700,137,0,1
BRDA:706,138,0,14
BRDA:734,139,0,3
BRDA:734,140,0,11
BRDA:736,141,0,0
BRDA:741,142,0,11
BRDA:745,143,0,0
BRDA:751,144,0,11
BRDA:751,145,0,14
BRDA:752,146,0,11
BRDA:757,147,0,15
BRDA:762,148,0,2
BRDA:769,149,0,0
BRDA:781,150,0,1
BRDA:801,151,0,2
BRDA:803,152,0,0
BRDA:808,153,0,0
BRDA:809,154,0,0
BRDA:810,155,0,0
BRDA:812,156,0,0
BRDA:817,157,0,2
BRDA:819,158,0,0
BRDA:824,159,0,0
BRDA:825,160,0,0
BRDA:826,161,0,0
BRDA:828,162,0,0
BRDA:833,163,0,2
BRDA:835,164,0,0
BRDA:840,165,0,0
BRDA:841,166,0,0
BRDA:842,167,0,0
BRDA:844,168,0,0
BRDA:1106,169,0,1
BRDA:1113,170,0,0
BRDA:1114,171,0,0
BRDA:1179,172,0,2
BRDA:1201,173,0,0
BRDA:1235,174,0,16
BRDA:1392,175,0,8
BRDA:1411,176,0,0
BRDA:1436,177,0,8
BRDA:1496,178,0,8
BRDA:1513,179,0,8
BRDA:1239,180,0,8
BRDA:1241,181,0,0
BRDA:1254,182,0,8
BRDA:1257,183,0,8
BRDA:1260,184,0,0
BRDA:1264,185,0,0
BRDA:1274,186,0,0
BRDA:1275,187,0,0
BRDA:1301,188,0,8
BRDA:1306,189,0,0
BRDA:1312,190,0,0
BRDA:1316,191,0,0
BRDA:1333,192,0,0
BRDA:1338,193,0,0
BRDA:1339,194,0,0
BRDA:1344,195,0,0
BRDA:1348,196,0,0
BRDA:1348,197,0,0
BRDA:1349,198,0,0
BRDA:1350,199,0,0
BRDA:1350,200,0,0
BRDA:1352,201,0,0
BRDA:1352,202,0,0
BRDA:1356,203,0,0
BRDA:1359,204,0,0
BRDA:1359,205,0,0
BRDA:1361,206,0,0
BRDA:1364,207,0,0
BRDA:1368,208,0,0
BRDA:1375,209,0,0
BRDA:1378,210,0,0
BRDA:1387,211,0,8
BRF:212
BRH:141
end_of_record
